13.02.2016 02:16:39 ==> Scan Started: 13.02.2016 02:16:39
13.02.2016 02:16:39 ==> WSDL Address: http://www.wstest.com/Sqli.asmx?WSDL
13.02.2016 02:16:39 ==> Parsing WSDL...
13.02.2016 02:16:39 ==> Static Analysis Started
13.02.2016 02:16:39 ==>    Testing: Weak XML Schema: Unbounded Occurrences
13.02.2016 02:16:39 ==>    Testing: Weak XML Schema: Undefined Namespace
13.02.2016 02:16:39 ==>    Testing: Weak WS-SecurityPolicy: Insecure Transport
13.02.2016 02:16:39 ==>    Testing: Weak WS-SecurityPolicy: Insufficient Supporting Token Protection
13.02.2016 02:16:39 ==>    Testing: Weak WS-SecurityPolicy: Tokens Not Protected
13.02.2016 02:16:39 ==> Static Analysis Finished
13.02.2016 02:16:39 ==> Getting Methods...
13.02.2016 02:16:39 ==>  Vulnerability Found - SSL Not Used, Uri Schema is http
13.02.2016 02:16:39 ==> Method: SQLInjectMe1
13.02.2016 02:16:39 ==>    Testing: Unauthenticated Service Method
13.02.2016 02:16:39 ==>    Parameter Count: 2
13.02.2016 02:16:39 ==>    id - string:A
13.02.2016 02:16:39 ==>    x - int:0
13.02.2016 02:16:54 ==>    Auth Vulnerability Found: System.Data.SqlClient.SqlException (0x80131904): A network-related or instance-specific error occurred while establishing a connection to SQL Server. The server was not found or was not accessible. Verify that the instance name is correct and that SQL Server is configured to allow remote connections. (provider: Named Pipes Provider, error: 40 - Could not open a connection to SQL Server) ---> System.ComponentModel.Win32Exception (0x80004005): The system cannot find the file specified
   at WebService2Test.Helpers.DBHelper..ctor() in d:\Projects\DotNet\CSharp\WSSAT\WebService2Test\Helpers\DBHelper.cs:line 34
   at WebService2Test.Sqli.SQLInjectMe1(String id, Int32 x) in d:\Projects\DotNet\CSharp\WSSAT\WebService2Test\Sqli.asmx.cs:line 30
ClientConnectionId:00000000-0000-0000-0000-000000000000
Error Number:2,State:0,Class:20 - status code is : 200
13.02.2016 02:16:54 ==>    Testing: Error Based SQL Injection
13.02.2016 02:16:54 ==>    Parameter Count: 2
13.02.2016 02:16:54 ==>    x - int:0
13.02.2016 02:16:54 ==>    StatusCode: 200
13.02.2016 02:16:54 ==>    Result: System.Data.SqlClient.SqlException (0x80131904): A network-related or instance-specific error occurred while establishing a connection to SQL Server. The server was not found or was not accessible. Verify that the instance name is correct and that SQL Server is configured to allow remote connections. (provider: Named Pipes Provider, error: 40 - Could not open a connection to SQL Server) ---> System.ComponentModel.Win32Exception (0x80004005): The system cannot find the file specified
   at WebService2Test.Helpers.DBHelper..ctor() in d:\Projects\DotNet\CSharp\WSSAT\WebService2Test\Helpers\DBHelper.cs:line 34
   at WebService2Test.Sqli.SQLInjectMe1(String id, Int32 x) in d:\Projects\DotNet\CSharp\WSSAT\WebService2Test\Sqli.asmx.cs:line 30
ClientConnectionId:00000000-0000-0000-0000-000000000000
Error Number:2,State:0,Class:20
13.02.2016 02:16:54 ==>    Error Based SQL Injection Vulnerability Found: System.Data.SqlClient.SqlException (0x80131904): A network-related or instance-specific error occurred while establishing a connection to SQL Server. The server was not found or was not accessible. Verify that the instance name is correct and that SQL Server is configured to allow remote connections. (provider: Named Pipes Provider, error: 40 - Could not open a connection to SQL Server) ---> System.ComponentModel.Win32Exception (0x80004005): The system cannot find the file specified
   at WebService2Test.Helpers.DBHelper..ctor() in d:\Projects\DotNet\CSharp\WSSAT\WebService2Test\Helpers\DBHelper.cs:line 34
   at WebService2Test.Sqli.SQLInjectMe1(String id, Int32 x) in d:\Projects\DotNet\CSharp\WSSAT\WebService2Test\Sqli.asmx.cs:line 30
ClientConnectionId:00000000-0000-0000-0000-000000000000
Error Number:2,State:0,Class:20 - Response Text Contains: System.Data.SqlClient.SqlException
13.02.2016 02:16:54 ==>    id - string:A
13.02.2016 02:16:55 ==>    StatusCode: 200
13.02.2016 02:16:55 ==>    Result: System.Data.SqlClient.SqlException (0x80131904): A network-related or instance-specific error occurred while establishing a connection to SQL Server. The server was not found or was not accessible. Verify that the instance name is correct and that SQL Server is configured to allow remote connections. (provider: Named Pipes Provider, error: 40 - Could not open a connection to SQL Server) ---> System.ComponentModel.Win32Exception (0x80004005): The system cannot find the file specified
   at WebService2Test.Helpers.DBHelper..ctor() in d:\Projects\DotNet\CSharp\WSSAT\WebService2Test\Helpers\DBHelper.cs:line 34
   at WebService2Test.Sqli.SQLInjectMe1(String id, Int32 x) in d:\Projects\DotNet\CSharp\WSSAT\WebService2Test\Sqli.asmx.cs:line 30
ClientConnectionId:00000000-0000-0000-0000-000000000000
Error Number:2,State:0,Class:20
13.02.2016 02:16:55 ==>    Error Based SQL Injection Vulnerability Found: System.Data.SqlClient.SqlException (0x80131904): A network-related or instance-specific error occurred while establishing a connection to SQL Server. The server was not found or was not accessible. Verify that the instance name is correct and that SQL Server is configured to allow remote connections. (provider: Named Pipes Provider, error: 40 - Could not open a connection to SQL Server) ---> System.ComponentModel.Win32Exception (0x80004005): The system cannot find the file specified
   at WebService2Test.Helpers.DBHelper..ctor() in d:\Projects\DotNet\CSharp\WSSAT\WebService2Test\Helpers\DBHelper.cs:line 34
   at WebService2Test.Sqli.SQLInjectMe1(String id, Int32 x) in d:\Projects\DotNet\CSharp\WSSAT\WebService2Test\Sqli.asmx.cs:line 30
ClientConnectionId:00000000-0000-0000-0000-000000000000
Error Number:2,State:0,Class:20 - Response Text Contains: System.Data.SqlClient.SqlException
13.02.2016 02:16:55 ==>    Testing: Cross Site Scripting
13.02.2016 02:16:55 ==>    Parameter Count: 2
13.02.2016 02:16:55 ==>    x - int:0
13.02.2016 02:16:55 ==>    StatusCode: 200
13.02.2016 02:16:55 ==>    Result: System.Data.SqlClient.SqlException (0x80131904): A network-related or instance-specific error occurred while establishing a connection to SQL Server. The server was not found or was not accessible. Verify that the instance name is correct and that SQL Server is configured to allow remote connections. (provider: Named Pipes Provider, error: 40 - Could not open a connection to SQL Server) ---> System.ComponentModel.Win32Exception (0x80004005): The system cannot find the file specified
   at WebService2Test.Helpers.DBHelper..ctor() in d:\Projects\DotNet\CSharp\WSSAT\WebService2Test\Helpers\DBHelper.cs:line 34
   at WebService2Test.Sqli.SQLInjectMe1(String id, Int32 x) in d:\Projects\DotNet\CSharp\WSSAT\WebService2Test\Sqli.asmx.cs:line 30
ClientConnectionId:00000000-0000-0000-0000-000000000000
Error Number:2,State:0,Class:20
13.02.2016 02:16:55 ==>    x - int:0
13.02.2016 02:16:55 ==>    StatusCode: 200
13.02.2016 02:16:55 ==>    Result: System.Data.SqlClient.SqlException (0x80131904): A network-related or instance-specific error occurred while establishing a connection to SQL Server. The server was not found or was not accessible. Verify that the instance name is correct and that SQL Server is configured to allow remote connections. (provider: Named Pipes Provider, error: 40 - Could not open a connection to SQL Server) ---> System.ComponentModel.Win32Exception (0x80004005): The system cannot find the file specified
   at WebService2Test.Helpers.DBHelper..ctor() in d:\Projects\DotNet\CSharp\WSSAT\WebService2Test\Helpers\DBHelper.cs:line 34
   at WebService2Test.Sqli.SQLInjectMe1(String id, Int32 x) in d:\Projects\DotNet\CSharp\WSSAT\WebService2Test\Sqli.asmx.cs:line 30
ClientConnectionId:00000000-0000-0000-0000-000000000000
Error Number:2,State:0,Class:20
13.02.2016 02:16:55 ==>    x - int:0
13.02.2016 02:16:56 ==>    StatusCode: 200
13.02.2016 02:16:56 ==>    Result: System.Data.SqlClient.SqlException (0x80131904): A network-related or instance-specific error occurred while establishing a connection to SQL Server. The server was not found or was not accessible. Verify that the instance name is correct and that SQL Server is configured to allow remote connections. (provider: Named Pipes Provider, error: 40 - Could not open a connection to SQL Server) ---> System.ComponentModel.Win32Exception (0x80004005): The system cannot find the file specified
   at WebService2Test.Helpers.DBHelper..ctor() in d:\Projects\DotNet\CSharp\WSSAT\WebService2Test\Helpers\DBHelper.cs:line 34
   at WebService2Test.Sqli.SQLInjectMe1(String id, Int32 x) in d:\Projects\DotNet\CSharp\WSSAT\WebService2Test\Sqli.asmx.cs:line 30
ClientConnectionId:00000000-0000-0000-0000-000000000000
Error Number:2,State:0,Class:20
13.02.2016 02:16:56 ==>    id - string:A
13.02.2016 02:16:56 ==>    StatusCode: 200
13.02.2016 02:16:56 ==>    Result: System.Data.SqlClient.SqlException (0x80131904): A network-related or instance-specific error occurred while establishing a connection to SQL Server. The server was not found or was not accessible. Verify that the instance name is correct and that SQL Server is configured to allow remote connections. (provider: Named Pipes Provider, error: 40 - Could not open a connection to SQL Server) ---> System.ComponentModel.Win32Exception (0x80004005): The system cannot find the file specified
   at WebService2Test.Helpers.DBHelper..ctor() in d:\Projects\DotNet\CSharp\WSSAT\WebService2Test\Helpers\DBHelper.cs:line 34
   at WebService2Test.Sqli.SQLInjectMe1(String id, Int32 x) in d:\Projects\DotNet\CSharp\WSSAT\WebService2Test\Sqli.asmx.cs:line 30
ClientConnectionId:00000000-0000-0000-0000-000000000000
Error Number:2,State:0,Class:20
13.02.2016 02:16:56 ==>    id - string:A
13.02.2016 02:16:57 ==>    StatusCode: 200
13.02.2016 02:16:57 ==>    Result: System.Data.SqlClient.SqlException (0x80131904): A network-related or instance-specific error occurred while establishing a connection to SQL Server. The server was not found or was not accessible. Verify that the instance name is correct and that SQL Server is configured to allow remote connections. (provider: Named Pipes Provider, error: 40 - Could not open a connection to SQL Server) ---> System.ComponentModel.Win32Exception (0x80004005): The system cannot find the file specified
   at WebService2Test.Helpers.DBHelper..ctor() in d:\Projects\DotNet\CSharp\WSSAT\WebService2Test\Helpers\DBHelper.cs:line 34
   at WebService2Test.Sqli.SQLInjectMe1(String id, Int32 x) in d:\Projects\DotNet\CSharp\WSSAT\WebService2Test\Sqli.asmx.cs:line 30
ClientConnectionId:00000000-0000-0000-0000-000000000000
Error Number:2,State:0,Class:20
13.02.2016 02:16:57 ==>    id - string:A
13.02.2016 02:16:57 ==>    StatusCode: 200
13.02.2016 02:16:57 ==>    Result: System.Data.SqlClient.SqlException (0x80131904): A network-related or instance-specific error occurred while establishing a connection to SQL Server. The server was not found or was not accessible. Verify that the instance name is correct and that SQL Server is configured to allow remote connections. (provider: Named Pipes Provider, error: 40 - Could not open a connection to SQL Server) ---> System.ComponentModel.Win32Exception (0x80004005): The system cannot find the file specified
   at WebService2Test.Helpers.DBHelper..ctor() in d:\Projects\DotNet\CSharp\WSSAT\WebService2Test\Helpers\DBHelper.cs:line 34
   at WebService2Test.Sqli.SQLInjectMe1(String id, Int32 x) in d:\Projects\DotNet\CSharp\WSSAT\WebService2Test\Sqli.asmx.cs:line 30
ClientConnectionId:00000000-0000-0000-0000-000000000000
Error Number:2,State:0,Class:20
13.02.2016 02:16:57 ==>    Testing: XML Bomb
13.02.2016 02:16:57 ==>    Parameter Count: 2
13.02.2016 02:16:57 ==>    x - int:0
13.02.2016 02:16:57 ==>    StatusCode: 200
13.02.2016 02:16:57 ==>    Result: System.Data.SqlClient.SqlException (0x80131904): A network-related or instance-specific error occurred while establishing a connection to SQL Server. The server was not found or was not accessible. Verify that the instance name is correct and that SQL Server is configured to allow remote connections. (provider: Named Pipes Provider, error: 40 - Could not open a connection to SQL Server) ---> System.ComponentModel.Win32Exception (0x80004005): The system cannot find the file specified
   at WebService2Test.Helpers.DBHelper..ctor() in d:\Projects\DotNet\CSharp\WSSAT\WebService2Test\Helpers\DBHelper.cs:line 34
   at WebService2Test.Sqli.SQLInjectMe1(String id, Int32 x) in d:\Projects\DotNet\CSharp\WSSAT\WebService2Test\Sqli.asmx.cs:line 30
ClientConnectionId:00000000-0000-0000-0000-000000000000
Error Number:2,State:0,Class:20
13.02.2016 02:16:57 ==>    x - int:0
13.02.2016 02:16:58 ==>    StatusCode: 200
13.02.2016 02:16:58 ==>    Result: System.Data.SqlClient.SqlException (0x80131904): A network-related or instance-specific error occurred while establishing a connection to SQL Server. The server was not found or was not accessible. Verify that the instance name is correct and that SQL Server is configured to allow remote connections. (provider: Named Pipes Provider, error: 40 - Could not open a connection to SQL Server) ---> System.ComponentModel.Win32Exception (0x80004005): The system cannot find the file specified
   at WebService2Test.Helpers.DBHelper..ctor() in d:\Projects\DotNet\CSharp\WSSAT\WebService2Test\Helpers\DBHelper.cs:line 34
   at WebService2Test.Sqli.SQLInjectMe1(String id, Int32 x) in d:\Projects\DotNet\CSharp\WSSAT\WebService2Test\Sqli.asmx.cs:line 30
ClientConnectionId:00000000-0000-0000-0000-000000000000
Error Number:2,State:0,Class:20
13.02.2016 02:16:58 ==>    id - string:A
13.02.2016 02:16:58 ==>    StatusCode: 200
13.02.2016 02:16:58 ==>    Result: System.Data.SqlClient.SqlException (0x80131904): A network-related or instance-specific error occurred while establishing a connection to SQL Server. The server was not found or was not accessible. Verify that the instance name is correct and that SQL Server is configured to allow remote connections. (provider: Named Pipes Provider, error: 40 - Could not open a connection to SQL Server) ---> System.ComponentModel.Win32Exception (0x80004005): The system cannot find the file specified
   at WebService2Test.Helpers.DBHelper..ctor() in d:\Projects\DotNet\CSharp\WSSAT\WebService2Test\Helpers\DBHelper.cs:line 34
   at WebService2Test.Sqli.SQLInjectMe1(String id, Int32 x) in d:\Projects\DotNet\CSharp\WSSAT\WebService2Test\Sqli.asmx.cs:line 30
ClientConnectionId:00000000-0000-0000-0000-000000000000
Error Number:2,State:0,Class:20
13.02.2016 02:16:58 ==>    id - string:A
13.02.2016 02:16:58 ==>    StatusCode: 200
13.02.2016 02:16:58 ==>    Result: System.Data.SqlClient.SqlException (0x80131904): A network-related or instance-specific error occurred while establishing a connection to SQL Server. The server was not found or was not accessible. Verify that the instance name is correct and that SQL Server is configured to allow remote connections. (provider: Named Pipes Provider, error: 40 - Could not open a connection to SQL Server) ---> System.ComponentModel.Win32Exception (0x80004005): The system cannot find the file specified
   at WebService2Test.Helpers.DBHelper..ctor() in d:\Projects\DotNet\CSharp\WSSAT\WebService2Test\Helpers\DBHelper.cs:line 34
   at WebService2Test.Sqli.SQLInjectMe1(String id, Int32 x) in d:\Projects\DotNet\CSharp\WSSAT\WebService2Test\Sqli.asmx.cs:line 30
ClientConnectionId:00000000-0000-0000-0000-000000000000
Error Number:2,State:0,Class:20
13.02.2016 02:16:58 ==>    Testing: External Entity Attack - XXE
13.02.2016 02:16:58 ==>    Parameter Count: 2
13.02.2016 02:16:58 ==>    x - int:0
13.02.2016 02:16:59 ==>    StatusCode: 200
13.02.2016 02:16:59 ==>    Result: System.Data.SqlClient.SqlException (0x80131904): A network-related or instance-specific error occurred while establishing a connection to SQL Server. The server was not found or was not accessible. Verify that the instance name is correct and that SQL Server is configured to allow remote connections. (provider: Named Pipes Provider, error: 40 - Could not open a connection to SQL Server) ---> System.ComponentModel.Win32Exception (0x80004005): The system cannot find the file specified
   at WebService2Test.Helpers.DBHelper..ctor() in d:\Projects\DotNet\CSharp\WSSAT\WebService2Test\Helpers\DBHelper.cs:line 34
   at WebService2Test.Sqli.SQLInjectMe1(String id, Int32 x) in d:\Projects\DotNet\CSharp\WSSAT\WebService2Test\Sqli.asmx.cs:line 30
ClientConnectionId:00000000-0000-0000-0000-000000000000
Error Number:2,State:0,Class:20
13.02.2016 02:16:59 ==>    x - int:0
13.02.2016 02:17:13 ==>    StatusCode: 200
13.02.2016 02:17:13 ==>    Result: System.Data.SqlClient.SqlException (0x80131904): A network-related or instance-specific error occurred while establishing a connection to SQL Server. The server was not found or was not accessible. Verify that the instance name is correct and that SQL Server is configured to allow remote connections. (provider: Named Pipes Provider, error: 40 - Could not open a connection to SQL Server) ---> System.ComponentModel.Win32Exception (0x80004005): The system cannot find the file specified
   at WebService2Test.Helpers.DBHelper..ctor() in d:\Projects\DotNet\CSharp\WSSAT\WebService2Test\Helpers\DBHelper.cs:line 34
   at WebService2Test.Sqli.SQLInjectMe1(String id, Int32 x) in d:\Projects\DotNet\CSharp\WSSAT\WebService2Test\Sqli.asmx.cs:line 30
ClientConnectionId:00000000-0000-0000-0000-000000000000
Error Number:2,State:0,Class:20
13.02.2016 02:17:13 ==>    x - int:0
13.02.2016 02:17:14 ==>    StatusCode: 200
13.02.2016 02:17:14 ==>    Result: System.Data.SqlClient.SqlException (0x80131904): A network-related or instance-specific error occurred while establishing a connection to SQL Server. The server was not found or was not accessible. Verify that the instance name is correct and that SQL Server is configured to allow remote connections. (provider: Named Pipes Provider, error: 40 - Could not open a connection to SQL Server) ---> System.ComponentModel.Win32Exception (0x80004005): The system cannot find the file specified
   at WebService2Test.Helpers.DBHelper..ctor() in d:\Projects\DotNet\CSharp\WSSAT\WebService2Test\Helpers\DBHelper.cs:line 34
   at WebService2Test.Sqli.SQLInjectMe1(String id, Int32 x) in d:\Projects\DotNet\CSharp\WSSAT\WebService2Test\Sqli.asmx.cs:line 30
ClientConnectionId:00000000-0000-0000-0000-000000000000
Error Number:2,State:0,Class:20
13.02.2016 02:17:14 ==>    x - int:0
13.02.2016 02:17:14 ==>    StatusCode: 200
13.02.2016 02:17:14 ==>    Result: System.Data.SqlClient.SqlException (0x80131904): A network-related or instance-specific error occurred while establishing a connection to SQL Server. The server was not found or was not accessible. Verify that the instance name is correct and that SQL Server is configured to allow remote connections. (provider: Named Pipes Provider, error: 40 - Could not open a connection to SQL Server) ---> System.ComponentModel.Win32Exception (0x80004005): The system cannot find the file specified
   at WebService2Test.Helpers.DBHelper..ctor() in d:\Projects\DotNet\CSharp\WSSAT\WebService2Test\Helpers\DBHelper.cs:line 34
   at WebService2Test.Sqli.SQLInjectMe1(String id, Int32 x) in d:\Projects\DotNet\CSharp\WSSAT\WebService2Test\Sqli.asmx.cs:line 30
ClientConnectionId:00000000-0000-0000-0000-000000000000
Error Number:2,State:0,Class:20
13.02.2016 02:17:14 ==>    x - int:0
13.02.2016 02:17:14 ==>    StatusCode: 200
13.02.2016 02:17:14 ==>    Result: System.Data.SqlClient.SqlException (0x80131904): A network-related or instance-specific error occurred while establishing a connection to SQL Server. The server was not found or was not accessible. Verify that the instance name is correct and that SQL Server is configured to allow remote connections. (provider: Named Pipes Provider, error: 40 - Could not open a connection to SQL Server) ---> System.ComponentModel.Win32Exception (0x80004005): The system cannot find the file specified
   at WebService2Test.Helpers.DBHelper..ctor() in d:\Projects\DotNet\CSharp\WSSAT\WebService2Test\Helpers\DBHelper.cs:line 34
   at WebService2Test.Sqli.SQLInjectMe1(String id, Int32 x) in d:\Projects\DotNet\CSharp\WSSAT\WebService2Test\Sqli.asmx.cs:line 30
ClientConnectionId:00000000-0000-0000-0000-000000000000
Error Number:2,State:0,Class:20
13.02.2016 02:17:14 ==>    id - string:A
13.02.2016 02:17:15 ==>    StatusCode: 200
13.02.2016 02:17:15 ==>    Result: System.Data.SqlClient.SqlException (0x80131904): A network-related or instance-specific error occurred while establishing a connection to SQL Server. The server was not found or was not accessible. Verify that the instance name is correct and that SQL Server is configured to allow remote connections. (provider: Named Pipes Provider, error: 40 - Could not open a connection to SQL Server) ---> System.ComponentModel.Win32Exception (0x80004005): The system cannot find the file specified
   at WebService2Test.Helpers.DBHelper..ctor() in d:\Projects\DotNet\CSharp\WSSAT\WebService2Test\Helpers\DBHelper.cs:line 34
   at WebService2Test.Sqli.SQLInjectMe1(String id, Int32 x) in d:\Projects\DotNet\CSharp\WSSAT\WebService2Test\Sqli.asmx.cs:line 30
ClientConnectionId:00000000-0000-0000-0000-000000000000
Error Number:2,State:0,Class:20
13.02.2016 02:17:15 ==>    id - string:A
13.02.2016 02:17:15 ==>    StatusCode: 200
13.02.2016 02:17:15 ==>    Result: System.Data.SqlClient.SqlException (0x80131904): A network-related or instance-specific error occurred while establishing a connection to SQL Server. The server was not found or was not accessible. Verify that the instance name is correct and that SQL Server is configured to allow remote connections. (provider: Named Pipes Provider, error: 40 - Could not open a connection to SQL Server) ---> System.ComponentModel.Win32Exception (0x80004005): The system cannot find the file specified
   at WebService2Test.Helpers.DBHelper..ctor() in d:\Projects\DotNet\CSharp\WSSAT\WebService2Test\Helpers\DBHelper.cs:line 34
   at WebService2Test.Sqli.SQLInjectMe1(String id, Int32 x) in d:\Projects\DotNet\CSharp\WSSAT\WebService2Test\Sqli.asmx.cs:line 30
ClientConnectionId:00000000-0000-0000-0000-000000000000
Error Number:2,State:0,Class:20
13.02.2016 02:17:15 ==>    id - string:A
13.02.2016 02:17:15 ==>    StatusCode: 200
13.02.2016 02:17:15 ==>    Result: System.Data.SqlClient.SqlException (0x80131904): A network-related or instance-specific error occurred while establishing a connection to SQL Server. The server was not found or was not accessible. Verify that the instance name is correct and that SQL Server is configured to allow remote connections. (provider: Named Pipes Provider, error: 40 - Could not open a connection to SQL Server) ---> System.ComponentModel.Win32Exception (0x80004005): The system cannot find the file specified
   at WebService2Test.Helpers.DBHelper..ctor() in d:\Projects\DotNet\CSharp\WSSAT\WebService2Test\Helpers\DBHelper.cs:line 34
   at WebService2Test.Sqli.SQLInjectMe1(String id, Int32 x) in d:\Projects\DotNet\CSharp\WSSAT\WebService2Test\Sqli.asmx.cs:line 30
ClientConnectionId:00000000-0000-0000-0000-000000000000
Error Number:2,State:0,Class:20
13.02.2016 02:17:15 ==>    id - string:A
13.02.2016 02:17:16 ==>    StatusCode: 200
13.02.2016 02:17:16 ==>    Result: System.Data.SqlClient.SqlException (0x80131904): A network-related or instance-specific error occurred while establishing a connection to SQL Server. The server was not found or was not accessible. Verify that the instance name is correct and that SQL Server is configured to allow remote connections. (provider: Named Pipes Provider, error: 40 - Could not open a connection to SQL Server) ---> System.ComponentModel.Win32Exception (0x80004005): The system cannot find the file specified
   at WebService2Test.Helpers.DBHelper..ctor() in d:\Projects\DotNet\CSharp\WSSAT\WebService2Test\Helpers\DBHelper.cs:line 34
   at WebService2Test.Sqli.SQLInjectMe1(String id, Int32 x) in d:\Projects\DotNet\CSharp\WSSAT\WebService2Test\Sqli.asmx.cs:line 30
ClientConnectionId:00000000-0000-0000-0000-000000000000
Error Number:2,State:0,Class:20
13.02.2016 02:17:16 ==>    id - string:A
13.02.2016 02:17:16 ==>    StatusCode: 200
13.02.2016 02:17:16 ==>    Result: System.Data.SqlClient.SqlException (0x80131904): A network-related or instance-specific error occurred while establishing a connection to SQL Server. The server was not found or was not accessible. Verify that the instance name is correct and that SQL Server is configured to allow remote connections. (provider: Named Pipes Provider, error: 40 - Could not open a connection to SQL Server) ---> System.ComponentModel.Win32Exception (0x80004005): The system cannot find the file specified
   at WebService2Test.Helpers.DBHelper..ctor() in d:\Projects\DotNet\CSharp\WSSAT\WebService2Test\Helpers\DBHelper.cs:line 34
   at WebService2Test.Sqli.SQLInjectMe1(String id, Int32 x) in d:\Projects\DotNet\CSharp\WSSAT\WebService2Test\Sqli.asmx.cs:line 30
ClientConnectionId:00000000-0000-0000-0000-000000000000
Error Number:2,State:0,Class:20
13.02.2016 02:17:16 ==>    Testing: XPATH Injection
13.02.2016 02:17:16 ==>    Parameter Count: 2
13.02.2016 02:17:16 ==>    x - int:0
13.02.2016 02:17:17 ==>    StatusCode: 200
13.02.2016 02:17:17 ==>    Result: System.Data.SqlClient.SqlException (0x80131904): A network-related or instance-specific error occurred while establishing a connection to SQL Server. The server was not found or was not accessible. Verify that the instance name is correct and that SQL Server is configured to allow remote connections. (provider: Named Pipes Provider, error: 40 - Could not open a connection to SQL Server) ---> System.ComponentModel.Win32Exception (0x80004005): The system cannot find the file specified
   at WebService2Test.Helpers.DBHelper..ctor() in d:\Projects\DotNet\CSharp\WSSAT\WebService2Test\Helpers\DBHelper.cs:line 34
   at WebService2Test.Sqli.SQLInjectMe1(String id, Int32 x) in d:\Projects\DotNet\CSharp\WSSAT\WebService2Test\Sqli.asmx.cs:line 30
ClientConnectionId:00000000-0000-0000-0000-000000000000
Error Number:2,State:0,Class:20
13.02.2016 02:17:17 ==>    x - int:0
13.02.2016 02:17:17 ==>    StatusCode: 200
13.02.2016 02:17:17 ==>    Result: System.Data.SqlClient.SqlException (0x80131904): A network-related or instance-specific error occurred while establishing a connection to SQL Server. The server was not found or was not accessible. Verify that the instance name is correct and that SQL Server is configured to allow remote connections. (provider: Named Pipes Provider, error: 40 - Could not open a connection to SQL Server) ---> System.ComponentModel.Win32Exception (0x80004005): The system cannot find the file specified
   at WebService2Test.Helpers.DBHelper..ctor() in d:\Projects\DotNet\CSharp\WSSAT\WebService2Test\Helpers\DBHelper.cs:line 34
   at WebService2Test.Sqli.SQLInjectMe1(String id, Int32 x) in d:\Projects\DotNet\CSharp\WSSAT\WebService2Test\Sqli.asmx.cs:line 30
ClientConnectionId:00000000-0000-0000-0000-000000000000
Error Number:2,State:0,Class:20
13.02.2016 02:17:17 ==>    x - int:0
13.02.2016 02:17:17 ==>    StatusCode: 200
13.02.2016 02:17:17 ==>    Result: System.Data.SqlClient.SqlException (0x80131904): A network-related or instance-specific error occurred while establishing a connection to SQL Server. The server was not found or was not accessible. Verify that the instance name is correct and that SQL Server is configured to allow remote connections. (provider: Named Pipes Provider, error: 40 - Could not open a connection to SQL Server) ---> System.ComponentModel.Win32Exception (0x80004005): The system cannot find the file specified
   at WebService2Test.Helpers.DBHelper..ctor() in d:\Projects\DotNet\CSharp\WSSAT\WebService2Test\Helpers\DBHelper.cs:line 34
   at WebService2Test.Sqli.SQLInjectMe1(String id, Int32 x) in d:\Projects\DotNet\CSharp\WSSAT\WebService2Test\Sqli.asmx.cs:line 30
ClientConnectionId:00000000-0000-0000-0000-000000000000
Error Number:2,State:0,Class:20
13.02.2016 02:17:17 ==>    x - int:0
13.02.2016 02:17:18 ==>    StatusCode: 200
13.02.2016 02:17:18 ==>    Result: System.Data.SqlClient.SqlException (0x80131904): A network-related or instance-specific error occurred while establishing a connection to SQL Server. The server was not found or was not accessible. Verify that the instance name is correct and that SQL Server is configured to allow remote connections. (provider: Named Pipes Provider, error: 40 - Could not open a connection to SQL Server) ---> System.ComponentModel.Win32Exception (0x80004005): The system cannot find the file specified
   at WebService2Test.Helpers.DBHelper..ctor() in d:\Projects\DotNet\CSharp\WSSAT\WebService2Test\Helpers\DBHelper.cs:line 34
   at WebService2Test.Sqli.SQLInjectMe1(String id, Int32 x) in d:\Projects\DotNet\CSharp\WSSAT\WebService2Test\Sqli.asmx.cs:line 30
ClientConnectionId:00000000-0000-0000-0000-000000000000
Error Number:2,State:0,Class:20
13.02.2016 02:17:18 ==>    id - string:A
13.02.2016 02:17:18 ==>    StatusCode: 200
13.02.2016 02:17:18 ==>    Result: System.Data.SqlClient.SqlException (0x80131904): A network-related or instance-specific error occurred while establishing a connection to SQL Server. The server was not found or was not accessible. Verify that the instance name is correct and that SQL Server is configured to allow remote connections. (provider: Named Pipes Provider, error: 40 - Could not open a connection to SQL Server) ---> System.ComponentModel.Win32Exception (0x80004005): The system cannot find the file specified
   at WebService2Test.Helpers.DBHelper..ctor() in d:\Projects\DotNet\CSharp\WSSAT\WebService2Test\Helpers\DBHelper.cs:line 34
   at WebService2Test.Sqli.SQLInjectMe1(String id, Int32 x) in d:\Projects\DotNet\CSharp\WSSAT\WebService2Test\Sqli.asmx.cs:line 30
ClientConnectionId:00000000-0000-0000-0000-000000000000
Error Number:2,State:0,Class:20
13.02.2016 02:17:18 ==>    id - string:A
13.02.2016 02:17:18 ==>    StatusCode: 200
13.02.2016 02:17:18 ==>    Result: System.Data.SqlClient.SqlException (0x80131904): A network-related or instance-specific error occurred while establishing a connection to SQL Server. The server was not found or was not accessible. Verify that the instance name is correct and that SQL Server is configured to allow remote connections. (provider: Named Pipes Provider, error: 40 - Could not open a connection to SQL Server) ---> System.ComponentModel.Win32Exception (0x80004005): The system cannot find the file specified
   at WebService2Test.Helpers.DBHelper..ctor() in d:\Projects\DotNet\CSharp\WSSAT\WebService2Test\Helpers\DBHelper.cs:line 34
   at WebService2Test.Sqli.SQLInjectMe1(String id, Int32 x) in d:\Projects\DotNet\CSharp\WSSAT\WebService2Test\Sqli.asmx.cs:line 30
ClientConnectionId:00000000-0000-0000-0000-000000000000
Error Number:2,State:0,Class:20
13.02.2016 02:17:18 ==>    id - string:A
13.02.2016 02:17:19 ==>    StatusCode: 200
13.02.2016 02:17:19 ==>    Result: System.Data.SqlClient.SqlException (0x80131904): A network-related or instance-specific error occurred while establishing a connection to SQL Server. The server was not found or was not accessible. Verify that the instance name is correct and that SQL Server is configured to allow remote connections. (provider: Named Pipes Provider, error: 40 - Could not open a connection to SQL Server) ---> System.ComponentModel.Win32Exception (0x80004005): The system cannot find the file specified
   at WebService2Test.Helpers.DBHelper..ctor() in d:\Projects\DotNet\CSharp\WSSAT\WebService2Test\Helpers\DBHelper.cs:line 34
   at WebService2Test.Sqli.SQLInjectMe1(String id, Int32 x) in d:\Projects\DotNet\CSharp\WSSAT\WebService2Test\Sqli.asmx.cs:line 30
ClientConnectionId:00000000-0000-0000-0000-000000000000
Error Number:2,State:0,Class:20
13.02.2016 02:17:19 ==>    id - string:A
13.02.2016 02:17:19 ==>    StatusCode: 200
13.02.2016 02:17:19 ==>    Result: System.Data.SqlClient.SqlException (0x80131904): A network-related or instance-specific error occurred while establishing a connection to SQL Server. The server was not found or was not accessible. Verify that the instance name is correct and that SQL Server is configured to allow remote connections. (provider: Named Pipes Provider, error: 40 - Could not open a connection to SQL Server) ---> System.ComponentModel.Win32Exception (0x80004005): The system cannot find the file specified
   at WebService2Test.Helpers.DBHelper..ctor() in d:\Projects\DotNet\CSharp\WSSAT\WebService2Test\Helpers\DBHelper.cs:line 34
   at WebService2Test.Sqli.SQLInjectMe1(String id, Int32 x) in d:\Projects\DotNet\CSharp\WSSAT\WebService2Test\Sqli.asmx.cs:line 30
ClientConnectionId:00000000-0000-0000-0000-000000000000
Error Number:2,State:0,Class:20
13.02.2016 02:17:19 ==> WSDL Address: http://www.wstest.com/WeakXMLTest.asmx?WSDL
13.02.2016 02:17:19 ==> Parsing WSDL...
13.02.2016 02:17:19 ==> Static Analysis Started
13.02.2016 02:17:19 ==>    Testing: Weak XML Schema: Unbounded Occurrences
13.02.2016 02:17:19 ==>    Weak XML Schema: Unbounded Occurrences Vulnerability Found: <s:element minOccurs="0" maxOccurs="unbounded" name="CompType" nillable="true" type="tns:CompType" xmlns:s="http://www.w3.org/2001/XMLSchema" />
<s:element minOccurs="0" maxOccurs="unbounded" name="int" type="s:int" xmlns:s="http://www.w3.org/2001/XMLSchema" />
<s:element minOccurs="0" maxOccurs="unbounded" name="string" nillable="true" type="s:string" xmlns:s="http://www.w3.org/2001/XMLSchema" />
<s:element minOccurs="0" maxOccurs="unbounded" name="Book" xmlns:s="http://www.w3.org/2001/XMLSchema">
  <s:complexType>
    <s:sequence>
      <s:element minOccurs="0" maxOccurs="1" name="Title" type="s:string" />
      <s:element minOccurs="0" maxOccurs="1" name="Author" type="s:string" />
      <s:element minOccurs="0" maxOccurs="1" name="PublishDate" type="s:string" />
    </s:sequence>
  </s:complexType>
</s:element>

13.02.2016 02:17:19 ==>    Testing: Weak XML Schema: Undefined Namespace
13.02.2016 02:17:19 ==>    Testing: Weak WS-SecurityPolicy: Insecure Transport
13.02.2016 02:17:19 ==>    Testing: Weak WS-SecurityPolicy: Insufficient Supporting Token Protection
13.02.2016 02:17:19 ==>    Testing: Weak WS-SecurityPolicy: Tokens Not Protected
13.02.2016 02:17:19 ==> Static Analysis Finished
13.02.2016 02:17:19 ==> Getting Methods...
13.02.2016 02:17:19 ==>  Vulnerability Found - SSL Not Used, Uri Schema is http
13.02.2016 02:17:19 ==> Method: MethodComplexType
13.02.2016 02:17:19 ==>    Testing: Unauthenticated Service Method
13.02.2016 02:17:19 ==>    Parameter Count: 3
13.02.2016 02:17:19 ==>    types - ArrayOfCompType:A
13.02.2016 02:17:19 ==>    tmp - ArrayOfString:A
13.02.2016 02:17:19 ==>     - :A
13.02.2016 02:17:19 ==>    Auth Vulnerability Found:  - status code is : 400
13.02.2016 02:17:19 ==>    Testing: Error Based SQL Injection
13.02.2016 02:17:19 ==>    Parameter Count: 3
13.02.2016 02:17:19 ==>    tmp - ArrayOfString:A
13.02.2016 02:17:19 ==>     - :A
13.02.2016 02:17:20 ==>    StatusCode: 400
13.02.2016 02:17:20 ==>    Result: 
13.02.2016 02:17:20 ==>    tmp - ArrayOfString:A
13.02.2016 02:17:20 ==>     - :A
13.02.2016 02:17:20 ==>    StatusCode: 400
13.02.2016 02:17:20 ==>    Result: 
13.02.2016 02:17:20 ==>    tmp - ArrayOfString:A
13.02.2016 02:17:20 ==>     - :A
13.02.2016 02:17:21 ==>    StatusCode: 400
13.02.2016 02:17:21 ==>    Result: 
13.02.2016 02:17:21 ==>    tmp - ArrayOfString:A
13.02.2016 02:17:21 ==>     - :A
13.02.2016 02:17:21 ==>    StatusCode: 400
13.02.2016 02:17:21 ==>    Result: 
13.02.2016 02:17:21 ==>    tmp - ArrayOfString:A
13.02.2016 02:17:21 ==>     - :A
13.02.2016 02:17:22 ==>    StatusCode: 400
13.02.2016 02:17:22 ==>    Result: 
13.02.2016 02:17:22 ==>    tmp - ArrayOfString:A
13.02.2016 02:17:22 ==>     - :A
13.02.2016 02:17:22 ==>    StatusCode: 400
13.02.2016 02:17:22 ==>    Result: 
13.02.2016 02:17:22 ==>    tmp - ArrayOfString:A
13.02.2016 02:17:22 ==>     - :A
13.02.2016 02:17:23 ==>    StatusCode: 400
13.02.2016 02:17:23 ==>    Result: 
13.02.2016 02:17:23 ==>    tmp - ArrayOfString:A
13.02.2016 02:17:23 ==>     - :A
13.02.2016 02:17:23 ==>    StatusCode: 400
13.02.2016 02:17:23 ==>    Result: 
13.02.2016 02:17:23 ==>    tmp - ArrayOfString:A
13.02.2016 02:17:23 ==>     - :A
13.02.2016 02:17:23 ==>    StatusCode: 400
13.02.2016 02:17:23 ==>    Result: 
13.02.2016 02:17:23 ==>    tmp - ArrayOfString:A
13.02.2016 02:17:23 ==>     - :A
13.02.2016 02:17:24 ==>    StatusCode: 400
13.02.2016 02:17:24 ==>    Result: 
13.02.2016 02:17:24 ==>    tmp - ArrayOfString:A
13.02.2016 02:17:24 ==>     - :A
13.02.2016 02:17:24 ==>    StatusCode: 400
13.02.2016 02:17:24 ==>    Result: 
13.02.2016 02:17:24 ==>    tmp - ArrayOfString:A
13.02.2016 02:17:24 ==>     - :A
13.02.2016 02:17:25 ==>    StatusCode: 400
13.02.2016 02:17:25 ==>    Result: 
13.02.2016 02:17:25 ==>    tmp - ArrayOfString:A
13.02.2016 02:17:25 ==>     - :A
13.02.2016 02:17:25 ==>    StatusCode: 400
13.02.2016 02:17:25 ==>    Result: 
13.02.2016 02:17:25 ==>    tmp - ArrayOfString:A
13.02.2016 02:17:25 ==>     - :A
13.02.2016 02:17:26 ==>    StatusCode: 400
13.02.2016 02:17:26 ==>    Result: 
13.02.2016 02:17:26 ==>    tmp - ArrayOfString:A
13.02.2016 02:17:26 ==>     - :A
13.02.2016 02:17:26 ==>    StatusCode: 400
13.02.2016 02:17:26 ==>    Result: 
13.02.2016 02:17:26 ==>    tmp - ArrayOfString:A
13.02.2016 02:17:26 ==>     - :A
13.02.2016 02:17:26 ==>    StatusCode: 400
13.02.2016 02:17:26 ==>    Result: 
13.02.2016 02:17:26 ==>    tmp - ArrayOfString:A
13.02.2016 02:17:26 ==>     - :A
13.02.2016 02:17:27 ==>    StatusCode: 400
13.02.2016 02:17:27 ==>    Result: 
13.02.2016 02:17:27 ==>    tmp - ArrayOfString:A
13.02.2016 02:17:27 ==>     - :A
13.02.2016 02:17:27 ==>    StatusCode: 400
13.02.2016 02:17:27 ==>    Result: 
13.02.2016 02:17:27 ==>    tmp - ArrayOfString:A
13.02.2016 02:17:27 ==>     - :A
13.02.2016 02:17:28 ==>    StatusCode: 400
13.02.2016 02:17:28 ==>    Result: 
13.02.2016 02:17:28 ==>    tmp - ArrayOfString:A
13.02.2016 02:17:28 ==>     - :A
13.02.2016 02:17:28 ==>    StatusCode: 400
13.02.2016 02:17:28 ==>    Result: 
13.02.2016 02:17:28 ==>    tmp - ArrayOfString:A
13.02.2016 02:17:28 ==>     - :A
13.02.2016 02:17:29 ==>    StatusCode: 400
13.02.2016 02:17:29 ==>    Result: 
13.02.2016 02:17:29 ==>    tmp - ArrayOfString:A
13.02.2016 02:17:29 ==>     - :A
13.02.2016 02:17:29 ==>    StatusCode: 400
13.02.2016 02:17:29 ==>    Result: 
13.02.2016 02:17:29 ==>    tmp - ArrayOfString:A
13.02.2016 02:17:29 ==>     - :A
13.02.2016 02:17:29 ==>    StatusCode: 400
13.02.2016 02:17:29 ==>    Result: 
13.02.2016 02:17:29 ==>    types - ArrayOfCompType:A
13.02.2016 02:17:29 ==>     - :A
13.02.2016 02:17:30 ==>    StatusCode: 400
13.02.2016 02:17:30 ==>    Result: 
13.02.2016 02:17:30 ==>    types - ArrayOfCompType:A
13.02.2016 02:17:30 ==>     - :A
13.02.2016 02:17:30 ==>    StatusCode: 400
13.02.2016 02:17:30 ==>    Result: 
13.02.2016 02:17:30 ==>    types - ArrayOfCompType:A
13.02.2016 02:17:30 ==>     - :A
13.02.2016 02:17:31 ==>    StatusCode: 400
13.02.2016 02:17:31 ==>    Result: 
13.02.2016 02:17:31 ==>    types - ArrayOfCompType:A
13.02.2016 02:17:31 ==>     - :A
13.02.2016 02:17:31 ==>    StatusCode: 400
13.02.2016 02:17:31 ==>    Result: 
13.02.2016 02:17:31 ==>    types - ArrayOfCompType:A
13.02.2016 02:17:31 ==>     - :A
13.02.2016 02:17:32 ==>    StatusCode: 400
13.02.2016 02:17:32 ==>    Result: 
13.02.2016 02:17:32 ==>    types - ArrayOfCompType:A
13.02.2016 02:17:32 ==>     - :A
13.02.2016 02:17:32 ==>    StatusCode: 400
13.02.2016 02:17:32 ==>    Result: 
13.02.2016 02:17:32 ==>    types - ArrayOfCompType:A
13.02.2016 02:17:32 ==>     - :A
13.02.2016 02:17:32 ==>    StatusCode: 400
13.02.2016 02:17:32 ==>    Result: 
13.02.2016 02:17:32 ==>    types - ArrayOfCompType:A
13.02.2016 02:17:32 ==>     - :A
13.02.2016 02:17:33 ==>    StatusCode: 400
13.02.2016 02:17:33 ==>    Result: 
13.02.2016 02:17:33 ==>    types - ArrayOfCompType:A
13.02.2016 02:17:33 ==>     - :A
13.02.2016 02:17:33 ==>    StatusCode: 400
13.02.2016 02:17:33 ==>    Result: 
13.02.2016 02:17:33 ==>    types - ArrayOfCompType:A
13.02.2016 02:17:33 ==>     - :A
13.02.2016 02:17:34 ==>    StatusCode: 400
13.02.2016 02:17:34 ==>    Result: 
13.02.2016 02:17:34 ==>    types - ArrayOfCompType:A
13.02.2016 02:17:34 ==>     - :A
13.02.2016 02:17:34 ==>    StatusCode: 400
13.02.2016 02:17:34 ==>    Result: 
13.02.2016 02:17:34 ==>    types - ArrayOfCompType:A
13.02.2016 02:17:34 ==>     - :A
13.02.2016 02:17:35 ==>    StatusCode: 400
13.02.2016 02:17:35 ==>    Result: 
13.02.2016 02:17:35 ==>    types - ArrayOfCompType:A
13.02.2016 02:17:35 ==>     - :A
13.02.2016 02:17:35 ==>    StatusCode: 400
13.02.2016 02:17:35 ==>    Result: 
13.02.2016 02:17:35 ==>    types - ArrayOfCompType:A
13.02.2016 02:17:35 ==>     - :A
13.02.2016 02:17:36 ==>    StatusCode: 400
13.02.2016 02:17:36 ==>    Result: 
13.02.2016 02:17:36 ==>    types - ArrayOfCompType:A
13.02.2016 02:17:36 ==>     - :A
13.02.2016 02:17:36 ==>    StatusCode: 400
13.02.2016 02:17:36 ==>    Result: 
13.02.2016 02:17:36 ==>    types - ArrayOfCompType:A
13.02.2016 02:17:36 ==>     - :A
13.02.2016 02:17:36 ==>    StatusCode: 400
13.02.2016 02:17:36 ==>    Result: 
13.02.2016 02:17:36 ==>    types - ArrayOfCompType:A
13.02.2016 02:17:36 ==>     - :A
13.02.2016 02:17:37 ==>    StatusCode: 400
13.02.2016 02:17:37 ==>    Result: 
13.02.2016 02:17:37 ==>    types - ArrayOfCompType:A
13.02.2016 02:17:37 ==>     - :A
13.02.2016 02:17:37 ==>    StatusCode: 400
13.02.2016 02:17:37 ==>    Result: 
13.02.2016 02:17:37 ==>    types - ArrayOfCompType:A
13.02.2016 02:17:37 ==>     - :A
13.02.2016 02:17:38 ==>    StatusCode: 400
13.02.2016 02:17:38 ==>    Result: 
13.02.2016 02:17:38 ==>    types - ArrayOfCompType:A
13.02.2016 02:17:38 ==>     - :A
13.02.2016 02:17:38 ==>    StatusCode: 400
13.02.2016 02:17:38 ==>    Result: 
13.02.2016 02:17:38 ==>    types - ArrayOfCompType:A
13.02.2016 02:17:38 ==>     - :A
13.02.2016 02:17:39 ==>    StatusCode: 400
13.02.2016 02:17:39 ==>    Result: 
13.02.2016 02:17:39 ==>    types - ArrayOfCompType:A
13.02.2016 02:17:39 ==>     - :A
13.02.2016 02:17:39 ==>    StatusCode: 400
13.02.2016 02:17:39 ==>    Result: 
13.02.2016 02:17:39 ==>    types - ArrayOfCompType:A
13.02.2016 02:17:39 ==>     - :A
13.02.2016 02:17:40 ==>    StatusCode: 400
13.02.2016 02:17:40 ==>    Result: 
13.02.2016 02:17:40 ==>    types - ArrayOfCompType:A
13.02.2016 02:17:40 ==>    tmp - ArrayOfString:A
13.02.2016 02:17:40 ==>    StatusCode: 400
13.02.2016 02:17:40 ==>    Result: 
13.02.2016 02:17:40 ==>    types - ArrayOfCompType:A
13.02.2016 02:17:40 ==>    tmp - ArrayOfString:A
13.02.2016 02:17:40 ==>    StatusCode: 400
13.02.2016 02:17:40 ==>    Result: 
13.02.2016 02:17:40 ==>    types - ArrayOfCompType:A
13.02.2016 02:17:40 ==>    tmp - ArrayOfString:A
13.02.2016 02:17:41 ==>    StatusCode: 400
13.02.2016 02:17:41 ==>    Result: 
13.02.2016 02:17:41 ==>    types - ArrayOfCompType:A
13.02.2016 02:17:41 ==>    tmp - ArrayOfString:A
13.02.2016 02:17:41 ==>    StatusCode: 400
13.02.2016 02:17:41 ==>    Result: 
13.02.2016 02:17:41 ==>    types - ArrayOfCompType:A
13.02.2016 02:17:41 ==>    tmp - ArrayOfString:A
13.02.2016 02:17:42 ==>    StatusCode: 400
13.02.2016 02:17:42 ==>    Result: 
13.02.2016 02:17:42 ==>    types - ArrayOfCompType:A
13.02.2016 02:17:42 ==>    tmp - ArrayOfString:A
13.02.2016 02:17:42 ==>    StatusCode: 400
13.02.2016 02:17:42 ==>    Result: 
13.02.2016 02:17:42 ==>    types - ArrayOfCompType:A
13.02.2016 02:17:42 ==>    tmp - ArrayOfString:A
13.02.2016 02:17:43 ==>    StatusCode: 400
13.02.2016 02:17:43 ==>    Result: 
13.02.2016 02:17:43 ==>    types - ArrayOfCompType:A
13.02.2016 02:17:43 ==>    tmp - ArrayOfString:A
13.02.2016 02:17:43 ==>    StatusCode: 400
13.02.2016 02:17:43 ==>    Result: 
13.02.2016 02:17:43 ==>    types - ArrayOfCompType:A
13.02.2016 02:17:43 ==>    tmp - ArrayOfString:A
13.02.2016 02:17:43 ==>    StatusCode: 400
13.02.2016 02:17:43 ==>    Result: 
13.02.2016 02:17:43 ==>    types - ArrayOfCompType:A
13.02.2016 02:17:43 ==>    tmp - ArrayOfString:A
13.02.2016 02:17:44 ==>    StatusCode: 400
13.02.2016 02:17:44 ==>    Result: 
13.02.2016 02:17:44 ==>    types - ArrayOfCompType:A
13.02.2016 02:17:44 ==>    tmp - ArrayOfString:A
13.02.2016 02:17:44 ==>    StatusCode: 400
13.02.2016 02:17:44 ==>    Result: 
13.02.2016 02:17:44 ==>    types - ArrayOfCompType:A
13.02.2016 02:17:44 ==>    tmp - ArrayOfString:A
13.02.2016 02:17:45 ==>    StatusCode: 400
13.02.2016 02:17:45 ==>    Result: 
13.02.2016 02:17:45 ==>    types - ArrayOfCompType:A
13.02.2016 02:17:45 ==>    tmp - ArrayOfString:A
13.02.2016 02:17:45 ==>    StatusCode: 400
13.02.2016 02:17:45 ==>    Result: 
13.02.2016 02:17:45 ==>    types - ArrayOfCompType:A
13.02.2016 02:17:45 ==>    tmp - ArrayOfString:A
13.02.2016 02:17:46 ==>    StatusCode: 400
13.02.2016 02:17:46 ==>    Result: 
13.02.2016 02:17:46 ==>    types - ArrayOfCompType:A
13.02.2016 02:17:46 ==>    tmp - ArrayOfString:A
13.02.2016 02:17:46 ==>    StatusCode: 400
13.02.2016 02:17:46 ==>    Result: 
13.02.2016 02:17:46 ==>    types - ArrayOfCompType:A
13.02.2016 02:17:46 ==>    tmp - ArrayOfString:A
13.02.2016 02:17:46 ==>    StatusCode: 400
13.02.2016 02:17:46 ==>    Result: 
13.02.2016 02:17:46 ==>    types - ArrayOfCompType:A
13.02.2016 02:17:46 ==>    tmp - ArrayOfString:A
13.02.2016 02:17:47 ==>    StatusCode: 400
13.02.2016 02:17:47 ==>    Result: 
13.02.2016 02:17:47 ==>    types - ArrayOfCompType:A
13.02.2016 02:17:47 ==>    tmp - ArrayOfString:A
13.02.2016 02:17:47 ==>    StatusCode: 400
13.02.2016 02:17:47 ==>    Result: 
13.02.2016 02:17:47 ==>    types - ArrayOfCompType:A
13.02.2016 02:17:47 ==>    tmp - ArrayOfString:A
13.02.2016 02:17:48 ==>    StatusCode: 400
13.02.2016 02:17:48 ==>    Result: 
13.02.2016 02:17:48 ==>    types - ArrayOfCompType:A
13.02.2016 02:17:48 ==>    tmp - ArrayOfString:A
13.02.2016 02:17:48 ==>    StatusCode: 400
13.02.2016 02:17:48 ==>    Result: 
13.02.2016 02:17:48 ==>    types - ArrayOfCompType:A
13.02.2016 02:17:48 ==>    tmp - ArrayOfString:A
13.02.2016 02:17:49 ==>    StatusCode: 400
13.02.2016 02:17:49 ==>    Result: 
13.02.2016 02:17:49 ==>    types - ArrayOfCompType:A
13.02.2016 02:17:49 ==>    tmp - ArrayOfString:A
13.02.2016 02:17:49 ==>    StatusCode: 400
13.02.2016 02:17:49 ==>    Result: 
13.02.2016 02:17:49 ==>    types - ArrayOfCompType:A
13.02.2016 02:17:49 ==>    tmp - ArrayOfString:A
13.02.2016 02:17:49 ==>    StatusCode: 400
13.02.2016 02:17:49 ==>    Result: 
13.02.2016 02:17:49 ==>    Testing: Cross Site Scripting
13.02.2016 02:17:49 ==>    Parameter Count: 3
13.02.2016 02:17:49 ==>    tmp - ArrayOfString:A
13.02.2016 02:17:49 ==>     - :A
13.02.2016 02:17:50 ==>    StatusCode: 400
13.02.2016 02:17:50 ==>    Result: 
13.02.2016 02:17:50 ==>    tmp - ArrayOfString:A
13.02.2016 02:17:50 ==>     - :A
13.02.2016 02:17:50 ==>    StatusCode: 400
13.02.2016 02:17:50 ==>    Result: 
13.02.2016 02:17:50 ==>    tmp - ArrayOfString:A
13.02.2016 02:17:50 ==>     - :A
13.02.2016 02:17:51 ==>    StatusCode: 400
13.02.2016 02:17:51 ==>    Result: 
13.02.2016 02:17:51 ==>    types - ArrayOfCompType:A
13.02.2016 02:17:51 ==>     - :A
13.02.2016 02:17:51 ==>    StatusCode: 400
13.02.2016 02:17:51 ==>    Result: 
13.02.2016 02:17:51 ==>    types - ArrayOfCompType:A
13.02.2016 02:17:51 ==>     - :A
13.02.2016 02:17:52 ==>    StatusCode: 400
13.02.2016 02:17:52 ==>    Result: 
13.02.2016 02:17:52 ==>    types - ArrayOfCompType:A
13.02.2016 02:17:52 ==>     - :A
13.02.2016 02:17:52 ==>    StatusCode: 400
13.02.2016 02:17:52 ==>    Result: 
13.02.2016 02:17:52 ==>    types - ArrayOfCompType:A
13.02.2016 02:17:52 ==>    tmp - ArrayOfString:A
13.02.2016 02:17:52 ==>    StatusCode: 400
13.02.2016 02:17:52 ==>    Result: 
13.02.2016 02:17:52 ==>    types - ArrayOfCompType:A
13.02.2016 02:17:52 ==>    tmp - ArrayOfString:A
13.02.2016 02:17:53 ==>    StatusCode: 400
13.02.2016 02:17:53 ==>    Result: 
13.02.2016 02:17:53 ==>    types - ArrayOfCompType:A
13.02.2016 02:17:53 ==>    tmp - ArrayOfString:A
13.02.2016 02:17:53 ==>    StatusCode: 400
13.02.2016 02:17:53 ==>    Result: 
13.02.2016 02:17:53 ==>    Testing: XML Bomb
13.02.2016 02:17:53 ==>    Parameter Count: 3
13.02.2016 02:17:53 ==>    tmp - ArrayOfString:A
13.02.2016 02:17:53 ==>     - :A
13.02.2016 02:17:54 ==>    StatusCode: 400
13.02.2016 02:17:54 ==>    Result: 
13.02.2016 02:17:54 ==>    tmp - ArrayOfString:A
13.02.2016 02:17:54 ==>     - :A
13.02.2016 02:17:54 ==>    StatusCode: 400
13.02.2016 02:17:54 ==>    Result: 
13.02.2016 02:17:54 ==>    types - ArrayOfCompType:A
13.02.2016 02:17:54 ==>     - :A
13.02.2016 02:17:55 ==>    StatusCode: 400
13.02.2016 02:17:55 ==>    Result: 
13.02.2016 02:17:55 ==>    types - ArrayOfCompType:A
13.02.2016 02:17:55 ==>     - :A
13.02.2016 02:17:55 ==>    StatusCode: 400
13.02.2016 02:17:55 ==>    Result: 
13.02.2016 02:17:55 ==>    types - ArrayOfCompType:A
13.02.2016 02:17:55 ==>    tmp - ArrayOfString:A
13.02.2016 02:17:56 ==>    StatusCode: 400
13.02.2016 02:17:56 ==>    Result: 
13.02.2016 02:17:56 ==>    types - ArrayOfCompType:A
13.02.2016 02:17:56 ==>    tmp - ArrayOfString:A
13.02.2016 02:17:56 ==>    StatusCode: 400
13.02.2016 02:17:56 ==>    Result: 
13.02.2016 02:17:56 ==>    Testing: External Entity Attack - XXE
13.02.2016 02:17:56 ==>    Parameter Count: 3
13.02.2016 02:17:56 ==>    tmp - ArrayOfString:A
13.02.2016 02:17:56 ==>     - :A
13.02.2016 02:17:56 ==>    StatusCode: 400
13.02.2016 02:17:56 ==>    Result: 
13.02.2016 02:17:56 ==>    tmp - ArrayOfString:A
13.02.2016 02:17:56 ==>     - :A
13.02.2016 02:17:57 ==>    StatusCode: 400
13.02.2016 02:17:57 ==>    Result: 
13.02.2016 02:17:57 ==>    tmp - ArrayOfString:A
13.02.2016 02:17:57 ==>     - :A
13.02.2016 02:17:57 ==>    StatusCode: 400
13.02.2016 02:17:57 ==>    Result: 
13.02.2016 02:17:57 ==>    tmp - ArrayOfString:A
13.02.2016 02:17:57 ==>     - :A
13.02.2016 02:17:58 ==>    StatusCode: 400
13.02.2016 02:17:58 ==>    Result: 
13.02.2016 02:17:58 ==>    tmp - ArrayOfString:A
13.02.2016 02:17:58 ==>     - :A
13.02.2016 02:17:58 ==>    StatusCode: 400
13.02.2016 02:17:58 ==>    Result: 
13.02.2016 02:17:58 ==>    types - ArrayOfCompType:A
13.02.2016 02:17:58 ==>     - :A
13.02.2016 02:17:59 ==>    StatusCode: 400
13.02.2016 02:17:59 ==>    Result: 
13.02.2016 02:17:59 ==>    types - ArrayOfCompType:A
13.02.2016 02:17:59 ==>     - :A
13.02.2016 02:17:59 ==>    StatusCode: 400
13.02.2016 02:17:59 ==>    Result: 
13.02.2016 02:17:59 ==>    types - ArrayOfCompType:A
13.02.2016 02:17:59 ==>     - :A
13.02.2016 02:18:00 ==>    StatusCode: 400
13.02.2016 02:18:00 ==>    Result: 
13.02.2016 02:18:00 ==>    types - ArrayOfCompType:A
13.02.2016 02:18:00 ==>     - :A
13.02.2016 02:18:00 ==>    StatusCode: 400
13.02.2016 02:18:00 ==>    Result: 
13.02.2016 02:18:00 ==>    types - ArrayOfCompType:A
13.02.2016 02:18:00 ==>     - :A
13.02.2016 02:18:01 ==>    StatusCode: 400
13.02.2016 02:18:01 ==>    Result: 
13.02.2016 02:18:01 ==>    types - ArrayOfCompType:A
13.02.2016 02:18:01 ==>    tmp - ArrayOfString:A
13.02.2016 02:18:01 ==>    StatusCode: 400
13.02.2016 02:18:01 ==>    Result: 
13.02.2016 02:18:01 ==>    types - ArrayOfCompType:A
13.02.2016 02:18:01 ==>    tmp - ArrayOfString:A
13.02.2016 02:18:01 ==>    StatusCode: 400
13.02.2016 02:18:01 ==>    Result: 
13.02.2016 02:18:01 ==>    types - ArrayOfCompType:A
13.02.2016 02:18:01 ==>    tmp - ArrayOfString:A
13.02.2016 02:18:02 ==>    StatusCode: 400
13.02.2016 02:18:02 ==>    Result: 
13.02.2016 02:18:02 ==>    types - ArrayOfCompType:A
13.02.2016 02:18:02 ==>    tmp - ArrayOfString:A
13.02.2016 02:18:02 ==>    StatusCode: 400
13.02.2016 02:18:02 ==>    Result: 
13.02.2016 02:18:02 ==>    types - ArrayOfCompType:A
13.02.2016 02:18:02 ==>    tmp - ArrayOfString:A
13.02.2016 02:18:03 ==>    StatusCode: 400
13.02.2016 02:18:03 ==>    Result: 
13.02.2016 02:18:03 ==>    Testing: XPATH Injection
13.02.2016 02:18:03 ==>    Parameter Count: 3
13.02.2016 02:18:03 ==>    tmp - ArrayOfString:A
13.02.2016 02:18:03 ==>     - :A
13.02.2016 02:18:03 ==>    StatusCode: 400
13.02.2016 02:18:03 ==>    Result: 
13.02.2016 02:18:03 ==>    tmp - ArrayOfString:A
13.02.2016 02:18:03 ==>     - :A
13.02.2016 02:18:04 ==>    StatusCode: 400
13.02.2016 02:18:04 ==>    Result: 
13.02.2016 02:18:04 ==>    tmp - ArrayOfString:A
13.02.2016 02:18:04 ==>     - :A
13.02.2016 02:18:04 ==>    StatusCode: 400
13.02.2016 02:18:04 ==>    Result: 
13.02.2016 02:18:04 ==>    tmp - ArrayOfString:A
13.02.2016 02:18:04 ==>     - :A
13.02.2016 02:18:04 ==>    StatusCode: 400
13.02.2016 02:18:04 ==>    Result: 
13.02.2016 02:18:04 ==>    types - ArrayOfCompType:A
13.02.2016 02:18:04 ==>     - :A
13.02.2016 02:18:05 ==>    StatusCode: 400
13.02.2016 02:18:05 ==>    Result: 
13.02.2016 02:18:05 ==>    types - ArrayOfCompType:A
13.02.2016 02:18:05 ==>     - :A
13.02.2016 02:18:05 ==>    StatusCode: 400
13.02.2016 02:18:05 ==>    Result: 
13.02.2016 02:18:05 ==>    types - ArrayOfCompType:A
13.02.2016 02:18:05 ==>     - :A
13.02.2016 02:18:06 ==>    StatusCode: 400
13.02.2016 02:18:06 ==>    Result: 
13.02.2016 02:18:06 ==>    types - ArrayOfCompType:A
13.02.2016 02:18:06 ==>     - :A
13.02.2016 02:18:06 ==>    StatusCode: 400
13.02.2016 02:18:06 ==>    Result: 
13.02.2016 02:18:06 ==>    types - ArrayOfCompType:A
13.02.2016 02:18:06 ==>    tmp - ArrayOfString:A
13.02.2016 02:18:07 ==>    StatusCode: 400
13.02.2016 02:18:07 ==>    Result: 
13.02.2016 02:18:07 ==>    types - ArrayOfCompType:A
13.02.2016 02:18:07 ==>    tmp - ArrayOfString:A
13.02.2016 02:18:07 ==>    StatusCode: 400
13.02.2016 02:18:07 ==>    Result: 
13.02.2016 02:18:07 ==>    types - ArrayOfCompType:A
13.02.2016 02:18:07 ==>    tmp - ArrayOfString:A
13.02.2016 02:18:08 ==>    StatusCode: 400
13.02.2016 02:18:08 ==>    Result: 
13.02.2016 02:18:08 ==>    types - ArrayOfCompType:A
13.02.2016 02:18:08 ==>    tmp - ArrayOfString:A
13.02.2016 02:18:08 ==>    StatusCode: 400
13.02.2016 02:18:08 ==>    Result: 
13.02.2016 02:18:08 ==> Scan Finished: 13.02.2016 02:18:08
