13.02.2016 22:37:52 ==> Scan Started: 13.02.2016 22:37:52
13.02.2016 22:37:52 ==> WSDL Address: http://www.wstest.com/Sqli.asmx?WSDL
13.02.2016 22:37:52 ==> Parsing WSDL...
13.02.2016 22:37:55 ==> Static Analysis Started
13.02.2016 22:37:55 ==>    Testing: Weak XML Schema: Unbounded Occurrences
13.02.2016 22:37:55 ==>    Testing: Weak XML Schema: Undefined Namespace
13.02.2016 22:37:55 ==>    Testing: Weak WS-SecurityPolicy: Insecure Transport
13.02.2016 22:37:55 ==>    Testing: Weak WS-SecurityPolicy: Insufficient Supporting Token Protection
13.02.2016 22:37:55 ==>    Testing: Weak WS-SecurityPolicy: Tokens Not Protected
13.02.2016 22:37:55 ==> Static Analysis Finished
13.02.2016 22:37:55 ==> Getting Methods...
13.02.2016 22:37:55 ==>  Vulnerability Found - SSL Not Used, Uri Schema is http
13.02.2016 22:37:55 ==> Method: SQLInjectMe1
13.02.2016 22:37:55 ==>    Testing: Unauthenticated Service Method
13.02.2016 22:37:55 ==>    Parameter Count: 2
13.02.2016 22:37:55 ==>    id - string:A
13.02.2016 22:37:55 ==>    x - int:0
13.02.2016 22:37:56 ==>    Auth Vulnerability Found: System.Data.SqlClient.SqlException (0x80131904): Invalid column name 'A'.
   at WebService2Test.Helpers.DBHelper.getDataReader(String query) in d:\Projects\DotNet\CSharp\WSSAT\WebService2Test\Helpers\DBHelper.cs:line 54
   at WebService2Test.Sqli.SQLInjectMe1(String id, Int32 x) in d:\Projects\DotNet\CSharp\WSSAT\WebService2Test\Sqli.asmx.cs:line 31
ClientConnectionId:dab7d2fc-926b-474b-9525-1d52a05a46e4
Error Number:207,State:1,Class:16 - status code is : 200
13.02.2016 22:37:56 ==>    Testing: Error Based SQL Injection
13.02.2016 22:37:56 ==>    Parameter Count: 2
13.02.2016 22:37:56 ==>    x - int:0
13.02.2016 22:37:56 ==>    StatusCode: 200
13.02.2016 22:37:56 ==>    Result: System.Data.SqlClient.SqlException (0x80131904): Unclosed quotation mark after the character string ''.
Incorrect syntax near ''.
   at WebService2Test.Helpers.DBHelper.getDataReader(String query) in d:\Projects\DotNet\CSharp\WSSAT\WebService2Test\Helpers\DBHelper.cs:line 54
   at WebService2Test.Sqli.SQLInjectMe1(String id, Int32 x) in d:\Projects\DotNet\CSharp\WSSAT\WebService2Test\Sqli.asmx.cs:line 31
ClientConnectionId:dab7d2fc-926b-474b-9525-1d52a05a46e4
Error Number:105,State:1,Class:15
13.02.2016 22:37:56 ==>    Error Based SQL Injection Vulnerability Found: System.Data.SqlClient.SqlException (0x80131904): Unclosed quotation mark after the character string ''.
Incorrect syntax near ''.
   at WebService2Test.Helpers.DBHelper.getDataReader(String query) in d:\Projects\DotNet\CSharp\WSSAT\WebService2Test\Helpers\DBHelper.cs:line 54
   at WebService2Test.Sqli.SQLInjectMe1(String id, Int32 x) in d:\Projects\DotNet\CSharp\WSSAT\WebService2Test\Sqli.asmx.cs:line 31
ClientConnectionId:dab7d2fc-926b-474b-9525-1d52a05a46e4
Error Number:105,State:1,Class:15 - Response Text Contains: System.Data.SqlClient.SqlException
13.02.2016 22:37:56 ==>    id - string:A
13.02.2016 22:37:56 ==>    StatusCode: 200
13.02.2016 22:37:56 ==>    Result: System.Data.SqlClient.SqlException (0x80131904): Unclosed quotation mark after the character string ''.
Incorrect syntax near ''.
   at WebService2Test.Helpers.DBHelper.getDataReader(String query) in d:\Projects\DotNet\CSharp\WSSAT\WebService2Test\Helpers\DBHelper.cs:line 54
   at WebService2Test.Sqli.SQLInjectMe1(String id, Int32 x) in d:\Projects\DotNet\CSharp\WSSAT\WebService2Test\Sqli.asmx.cs:line 31
ClientConnectionId:dab7d2fc-926b-474b-9525-1d52a05a46e4
Error Number:105,State:1,Class:15
13.02.2016 22:37:56 ==>    Error Based SQL Injection Vulnerability Found: System.Data.SqlClient.SqlException (0x80131904): Unclosed quotation mark after the character string ''.
Incorrect syntax near ''.
   at WebService2Test.Helpers.DBHelper.getDataReader(String query) in d:\Projects\DotNet\CSharp\WSSAT\WebService2Test\Helpers\DBHelper.cs:line 54
   at WebService2Test.Sqli.SQLInjectMe1(String id, Int32 x) in d:\Projects\DotNet\CSharp\WSSAT\WebService2Test\Sqli.asmx.cs:line 31
ClientConnectionId:dab7d2fc-926b-474b-9525-1d52a05a46e4
Error Number:105,State:1,Class:15 - Response Text Contains: System.Data.SqlClient.SqlException
13.02.2016 22:37:56 ==>    Testing: Cross Site Scripting
13.02.2016 22:37:56 ==>    Parameter Count: 2
13.02.2016 22:37:56 ==>    x - int:0
13.02.2016 22:37:56 ==>    StatusCode: 200
13.02.2016 22:37:56 ==>    Result: System.Data.SqlClient.SqlException (0x80131904): Incorrect syntax near '<'.
   at WebService2Test.Helpers.DBHelper.getDataReader(String query) in d:\Projects\DotNet\CSharp\WSSAT\WebService2Test\Helpers\DBHelper.cs:line 54
   at WebService2Test.Sqli.SQLInjectMe1(String id, Int32 x) in d:\Projects\DotNet\CSharp\WSSAT\WebService2Test\Sqli.asmx.cs:line 31
ClientConnectionId:dab7d2fc-926b-474b-9525-1d52a05a46e4
Error Number:102,State:1,Class:15
13.02.2016 22:37:56 ==>    x - int:0
13.02.2016 22:37:56 ==>    StatusCode: 200
13.02.2016 22:37:56 ==>    Result: System.Data.SqlClient.SqlException (0x80131904): Incorrect syntax near '<'.
   at WebService2Test.Helpers.DBHelper.getDataReader(String query) in d:\Projects\DotNet\CSharp\WSSAT\WebService2Test\Helpers\DBHelper.cs:line 54
   at WebService2Test.Sqli.SQLInjectMe1(String id, Int32 x) in d:\Projects\DotNet\CSharp\WSSAT\WebService2Test\Sqli.asmx.cs:line 31
ClientConnectionId:dab7d2fc-926b-474b-9525-1d52a05a46e4
Error Number:102,State:1,Class:15
13.02.2016 22:37:56 ==>    x - int:0
13.02.2016 22:37:56 ==>    StatusCode: 200
13.02.2016 22:37:56 ==>    Result: System.Data.SqlClient.SqlException (0x80131904): Incorrect syntax near '<'.
   at WebService2Test.Helpers.DBHelper.getDataReader(String query) in d:\Projects\DotNet\CSharp\WSSAT\WebService2Test\Helpers\DBHelper.cs:line 54
   at WebService2Test.Sqli.SQLInjectMe1(String id, Int32 x) in d:\Projects\DotNet\CSharp\WSSAT\WebService2Test\Sqli.asmx.cs:line 31
ClientConnectionId:dab7d2fc-926b-474b-9525-1d52a05a46e4
Error Number:102,State:1,Class:15
13.02.2016 22:37:56 ==>    id - string:A
13.02.2016 22:37:56 ==>    StatusCode: 200
13.02.2016 22:37:56 ==>    Result: System.Data.SqlClient.SqlException (0x80131904): Incorrect syntax near '<'.
   at WebService2Test.Helpers.DBHelper.getDataReader(String query) in d:\Projects\DotNet\CSharp\WSSAT\WebService2Test\Helpers\DBHelper.cs:line 54
   at WebService2Test.Sqli.SQLInjectMe1(String id, Int32 x) in d:\Projects\DotNet\CSharp\WSSAT\WebService2Test\Sqli.asmx.cs:line 31
ClientConnectionId:dab7d2fc-926b-474b-9525-1d52a05a46e4
Error Number:102,State:1,Class:15
13.02.2016 22:37:56 ==>    id - string:A
13.02.2016 22:37:56 ==>    StatusCode: 200
13.02.2016 22:37:56 ==>    Result: System.Data.SqlClient.SqlException (0x80131904): Incorrect syntax near '<'.
   at WebService2Test.Helpers.DBHelper.getDataReader(String query) in d:\Projects\DotNet\CSharp\WSSAT\WebService2Test\Helpers\DBHelper.cs:line 54
   at WebService2Test.Sqli.SQLInjectMe1(String id, Int32 x) in d:\Projects\DotNet\CSharp\WSSAT\WebService2Test\Sqli.asmx.cs:line 31
ClientConnectionId:dab7d2fc-926b-474b-9525-1d52a05a46e4
Error Number:102,State:1,Class:15
13.02.2016 22:37:56 ==>    id - string:A
13.02.2016 22:37:56 ==>    StatusCode: 200
13.02.2016 22:37:56 ==>    Result: System.Data.SqlClient.SqlException (0x80131904): Incorrect syntax near '<'.
   at WebService2Test.Helpers.DBHelper.getDataReader(String query) in d:\Projects\DotNet\CSharp\WSSAT\WebService2Test\Helpers\DBHelper.cs:line 54
   at WebService2Test.Sqli.SQLInjectMe1(String id, Int32 x) in d:\Projects\DotNet\CSharp\WSSAT\WebService2Test\Sqli.asmx.cs:line 31
ClientConnectionId:dab7d2fc-926b-474b-9525-1d52a05a46e4
Error Number:102,State:1,Class:15
13.02.2016 22:37:56 ==>    Testing: XML Bomb
13.02.2016 22:37:56 ==>    Parameter Count: 2
13.02.2016 22:37:56 ==>    x - int:0
13.02.2016 22:37:56 ==>    StatusCode: 200
13.02.2016 22:37:56 ==>    Result: System.Data.SqlClient.SqlException (0x80131904): Incorrect syntax near '<'.
The identifier that starts with '
          <!ENTITY lol "lol">
          <!ENTITY lol2 "&lol;&lol;&lol;&lol;&lol;&lol;&lol;&lol;&lol;&lol;">
          <!ENTITY ' is too long. Maximum length is 128.
   at WebService2Test.Helpers.DBHelper.getDataReader(String query) in d:\Projects\DotNet\CSharp\WSSAT\WebService2Test\Helpers\DBHelper.cs:line 54
   at WebService2Test.Sqli.SQLInjectMe1(String id, Int32 x) in d:\Projects\DotNet\CSharp\WSSAT\WebService2Test\Sqli.asmx.cs:line 31
ClientConnectionId:dab7d2fc-926b-474b-9525-1d52a05a46e4
Error Number:102,State:1,Class:15
13.02.2016 22:37:56 ==>    x - int:0
13.02.2016 22:37:56 ==>    StatusCode: 200
13.02.2016 22:37:56 ==>    Result: System.Data.SqlClient.SqlException (0x80131904): Incorrect syntax near '<'.
The identifier that starts with '
          <!ENTITY lol "lol">
          <!ENTITY lol2 "&lol;&lol;&lol;&lol;&lol;&lol;&lol;&lol;&lol;&lol;">
          <!ENTITY ' is too long. Maximum length is 128.
   at WebService2Test.Helpers.DBHelper.getDataReader(String query) in d:\Projects\DotNet\CSharp\WSSAT\WebService2Test\Helpers\DBHelper.cs:line 54
   at WebService2Test.Sqli.SQLInjectMe1(String id, Int32 x) in d:\Projects\DotNet\CSharp\WSSAT\WebService2Test\Sqli.asmx.cs:line 31
ClientConnectionId:dab7d2fc-926b-474b-9525-1d52a05a46e4
Error Number:102,State:1,Class:15
13.02.2016 22:37:56 ==>    id - string:A
13.02.2016 22:37:56 ==>    StatusCode: 200
13.02.2016 22:37:56 ==>    Result: System.Data.SqlClient.SqlException (0x80131904): Incorrect syntax near '<'.
The identifier that starts with '
          <!ENTITY lol "lol">
          <!ENTITY lol2 "&lol;&lol;&lol;&lol;&lol;&lol;&lol;&lol;&lol;&lol;">
          <!ENTITY ' is too long. Maximum length is 128.
   at WebService2Test.Helpers.DBHelper.getDataReader(String query) in d:\Projects\DotNet\CSharp\WSSAT\WebService2Test\Helpers\DBHelper.cs:line 54
   at WebService2Test.Sqli.SQLInjectMe1(String id, Int32 x) in d:\Projects\DotNet\CSharp\WSSAT\WebService2Test\Sqli.asmx.cs:line 31
ClientConnectionId:dab7d2fc-926b-474b-9525-1d52a05a46e4
Error Number:102,State:1,Class:15
13.02.2016 22:37:56 ==>    id - string:A
13.02.2016 22:37:56 ==>    StatusCode: 200
13.02.2016 22:37:56 ==>    Result: System.Data.SqlClient.SqlException (0x80131904): Incorrect syntax near '<'.
The identifier that starts with '
          <!ENTITY lol "lol">
          <!ENTITY lol2 "&lol;&lol;&lol;&lol;&lol;&lol;&lol;&lol;&lol;&lol;">
          <!ENTITY ' is too long. Maximum length is 128.
   at WebService2Test.Helpers.DBHelper.getDataReader(String query) in d:\Projects\DotNet\CSharp\WSSAT\WebService2Test\Helpers\DBHelper.cs:line 54
   at WebService2Test.Sqli.SQLInjectMe1(String id, Int32 x) in d:\Projects\DotNet\CSharp\WSSAT\WebService2Test\Sqli.asmx.cs:line 31
ClientConnectionId:dab7d2fc-926b-474b-9525-1d52a05a46e4
Error Number:102,State:1,Class:15
13.02.2016 22:37:56 ==>    Testing: External Entity Attack - XXE
13.02.2016 22:37:56 ==>    Parameter Count: 2
13.02.2016 22:37:56 ==>    x - int:0
13.02.2016 22:37:56 ==>    StatusCode: 200
13.02.2016 22:37:56 ==>    Result: System.Data.SqlClient.SqlException (0x80131904): Incorrect syntax near '<'.
   at WebService2Test.Helpers.DBHelper.getDataReader(String query) in d:\Projects\DotNet\CSharp\WSSAT\WebService2Test\Helpers\DBHelper.cs:line 54
   at WebService2Test.Sqli.SQLInjectMe1(String id, Int32 x) in d:\Projects\DotNet\CSharp\WSSAT\WebService2Test\Sqli.asmx.cs:line 31
ClientConnectionId:dab7d2fc-926b-474b-9525-1d52a05a46e4
Error Number:102,State:1,Class:15
13.02.2016 22:37:56 ==>    x - int:0
13.02.2016 22:37:56 ==>    StatusCode: 200
13.02.2016 22:37:56 ==>    Result: System.Data.SqlClient.SqlException (0x80131904): Incorrect syntax near '<'.
   at WebService2Test.Helpers.DBHelper.getDataReader(String query) in d:\Projects\DotNet\CSharp\WSSAT\WebService2Test\Helpers\DBHelper.cs:line 54
   at WebService2Test.Sqli.SQLInjectMe1(String id, Int32 x) in d:\Projects\DotNet\CSharp\WSSAT\WebService2Test\Sqli.asmx.cs:line 31
ClientConnectionId:dab7d2fc-926b-474b-9525-1d52a05a46e4
Error Number:102,State:1,Class:15
13.02.2016 22:37:56 ==>    x - int:0
13.02.2016 22:37:56 ==>    StatusCode: 200
13.02.2016 22:37:56 ==>    Result: System.Data.SqlClient.SqlException (0x80131904): Incorrect syntax near '<'.
   at WebService2Test.Helpers.DBHelper.getDataReader(String query) in d:\Projects\DotNet\CSharp\WSSAT\WebService2Test\Helpers\DBHelper.cs:line 54
   at WebService2Test.Sqli.SQLInjectMe1(String id, Int32 x) in d:\Projects\DotNet\CSharp\WSSAT\WebService2Test\Sqli.asmx.cs:line 31
ClientConnectionId:dab7d2fc-926b-474b-9525-1d52a05a46e4
Error Number:102,State:1,Class:15
13.02.2016 22:37:56 ==>    x - int:0
13.02.2016 22:37:56 ==>    StatusCode: 200
13.02.2016 22:37:56 ==>    Result: System.Data.SqlClient.SqlException (0x80131904): Incorrect syntax near '<'.
   at WebService2Test.Helpers.DBHelper.getDataReader(String query) in d:\Projects\DotNet\CSharp\WSSAT\WebService2Test\Helpers\DBHelper.cs:line 54
   at WebService2Test.Sqli.SQLInjectMe1(String id, Int32 x) in d:\Projects\DotNet\CSharp\WSSAT\WebService2Test\Sqli.asmx.cs:line 31
ClientConnectionId:dab7d2fc-926b-474b-9525-1d52a05a46e4
Error Number:102,State:1,Class:15
13.02.2016 22:37:56 ==>    x - int:0
13.02.2016 22:37:56 ==>    StatusCode: 200
13.02.2016 22:37:57 ==>    Result: System.Data.SqlClient.SqlException (0x80131904): Incorrect syntax near '<'.
   at WebService2Test.Helpers.DBHelper.getDataReader(String query) in d:\Projects\DotNet\CSharp\WSSAT\WebService2Test\Helpers\DBHelper.cs:line 54
   at WebService2Test.Sqli.SQLInjectMe1(String id, Int32 x) in d:\Projects\DotNet\CSharp\WSSAT\WebService2Test\Sqli.asmx.cs:line 31
ClientConnectionId:dab7d2fc-926b-474b-9525-1d52a05a46e4
Error Number:102,State:1,Class:15
13.02.2016 22:37:57 ==>    id - string:A
13.02.2016 22:37:57 ==>    StatusCode: 200
13.02.2016 22:37:57 ==>    Result: System.Data.SqlClient.SqlException (0x80131904): Incorrect syntax near '<'.
   at WebService2Test.Helpers.DBHelper.getDataReader(String query) in d:\Projects\DotNet\CSharp\WSSAT\WebService2Test\Helpers\DBHelper.cs:line 54
   at WebService2Test.Sqli.SQLInjectMe1(String id, Int32 x) in d:\Projects\DotNet\CSharp\WSSAT\WebService2Test\Sqli.asmx.cs:line 31
ClientConnectionId:dab7d2fc-926b-474b-9525-1d52a05a46e4
Error Number:102,State:1,Class:15
13.02.2016 22:37:57 ==>    id - string:A
13.02.2016 22:37:57 ==>    StatusCode: 200
13.02.2016 22:37:57 ==>    Result: System.Data.SqlClient.SqlException (0x80131904): Incorrect syntax near '<'.
   at WebService2Test.Helpers.DBHelper.getDataReader(String query) in d:\Projects\DotNet\CSharp\WSSAT\WebService2Test\Helpers\DBHelper.cs:line 54
   at WebService2Test.Sqli.SQLInjectMe1(String id, Int32 x) in d:\Projects\DotNet\CSharp\WSSAT\WebService2Test\Sqli.asmx.cs:line 31
ClientConnectionId:dab7d2fc-926b-474b-9525-1d52a05a46e4
Error Number:102,State:1,Class:15
13.02.2016 22:37:57 ==>    id - string:A
13.02.2016 22:37:57 ==>    StatusCode: 200
13.02.2016 22:37:57 ==>    Result: System.Data.SqlClient.SqlException (0x80131904): Incorrect syntax near '<'.
   at WebService2Test.Helpers.DBHelper.getDataReader(String query) in d:\Projects\DotNet\CSharp\WSSAT\WebService2Test\Helpers\DBHelper.cs:line 54
   at WebService2Test.Sqli.SQLInjectMe1(String id, Int32 x) in d:\Projects\DotNet\CSharp\WSSAT\WebService2Test\Sqli.asmx.cs:line 31
ClientConnectionId:dab7d2fc-926b-474b-9525-1d52a05a46e4
Error Number:102,State:1,Class:15
13.02.2016 22:37:57 ==>    id - string:A
13.02.2016 22:37:57 ==>    StatusCode: 200
13.02.2016 22:37:57 ==>    Result: System.Data.SqlClient.SqlException (0x80131904): Incorrect syntax near '<'.
   at WebService2Test.Helpers.DBHelper.getDataReader(String query) in d:\Projects\DotNet\CSharp\WSSAT\WebService2Test\Helpers\DBHelper.cs:line 54
   at WebService2Test.Sqli.SQLInjectMe1(String id, Int32 x) in d:\Projects\DotNet\CSharp\WSSAT\WebService2Test\Sqli.asmx.cs:line 31
ClientConnectionId:dab7d2fc-926b-474b-9525-1d52a05a46e4
Error Number:102,State:1,Class:15
13.02.2016 22:37:57 ==>    id - string:A
13.02.2016 22:37:57 ==>    StatusCode: 200
13.02.2016 22:37:57 ==>    Result: System.Data.SqlClient.SqlException (0x80131904): Incorrect syntax near '<'.
   at WebService2Test.Helpers.DBHelper.getDataReader(String query) in d:\Projects\DotNet\CSharp\WSSAT\WebService2Test\Helpers\DBHelper.cs:line 54
   at WebService2Test.Sqli.SQLInjectMe1(String id, Int32 x) in d:\Projects\DotNet\CSharp\WSSAT\WebService2Test\Sqli.asmx.cs:line 31
ClientConnectionId:dab7d2fc-926b-474b-9525-1d52a05a46e4
Error Number:102,State:1,Class:15
13.02.2016 22:37:57 ==>    Testing: XPATH Injection
13.02.2016 22:37:57 ==>    Parameter Count: 2
13.02.2016 22:37:57 ==>    x - int:0
13.02.2016 22:37:57 ==>    StatusCode: 200
13.02.2016 22:37:57 ==>    Result: System.Data.SqlClient.SqlException (0x80131904): Unclosed quotation mark after the character string ' or 1=1'.
   at WebService2Test.Helpers.DBHelper.getDataReader(String query) in d:\Projects\DotNet\CSharp\WSSAT\WebService2Test\Helpers\DBHelper.cs:line 54
   at WebService2Test.Sqli.SQLInjectMe1(String id, Int32 x) in d:\Projects\DotNet\CSharp\WSSAT\WebService2Test\Sqli.asmx.cs:line 31
ClientConnectionId:dab7d2fc-926b-474b-9525-1d52a05a46e4
Error Number:105,State:1,Class:15
13.02.2016 22:37:57 ==>    x - int:0
13.02.2016 22:37:57 ==>    StatusCode: 200
13.02.2016 22:37:57 ==>    Result: System.Data.SqlClient.SqlException (0x80131904): Unclosed quotation mark after the character string ' or 1=1'.
   at WebService2Test.Helpers.DBHelper.getDataReader(String query) in d:\Projects\DotNet\CSharp\WSSAT\WebService2Test\Helpers\DBHelper.cs:line 54
   at WebService2Test.Sqli.SQLInjectMe1(String id, Int32 x) in d:\Projects\DotNet\CSharp\WSSAT\WebService2Test\Sqli.asmx.cs:line 31
ClientConnectionId:dab7d2fc-926b-474b-9525-1d52a05a46e4
Error Number:105,State:1,Class:15
13.02.2016 22:37:57 ==>    x - int:0
13.02.2016 22:37:57 ==>    StatusCode: 200
13.02.2016 22:37:57 ==>    Result: System.Data.SqlClient.SqlException (0x80131904): Unclosed quotation mark after the character string ' or 1=1'.
   at WebService2Test.Helpers.DBHelper.getDataReader(String query) in d:\Projects\DotNet\CSharp\WSSAT\WebService2Test\Helpers\DBHelper.cs:line 54
   at WebService2Test.Sqli.SQLInjectMe1(String id, Int32 x) in d:\Projects\DotNet\CSharp\WSSAT\WebService2Test\Sqli.asmx.cs:line 31
ClientConnectionId:dab7d2fc-926b-474b-9525-1d52a05a46e4
Error Number:105,State:1,Class:15
13.02.2016 22:37:57 ==>    x - int:0
13.02.2016 22:37:57 ==>    StatusCode: 200
13.02.2016 22:37:57 ==>    Result: System.Data.SqlClient.SqlException (0x80131904): Unclosed quotation mark after the character string ' or 1=1'.
   at WebService2Test.Helpers.DBHelper.getDataReader(String query) in d:\Projects\DotNet\CSharp\WSSAT\WebService2Test\Helpers\DBHelper.cs:line 54
   at WebService2Test.Sqli.SQLInjectMe1(String id, Int32 x) in d:\Projects\DotNet\CSharp\WSSAT\WebService2Test\Sqli.asmx.cs:line 31
ClientConnectionId:dab7d2fc-926b-474b-9525-1d52a05a46e4
Error Number:105,State:1,Class:15
13.02.2016 22:37:57 ==>    id - string:A
13.02.2016 22:37:57 ==>    StatusCode: 200
13.02.2016 22:37:57 ==>    Result: System.Data.SqlClient.SqlException (0x80131904): Unclosed quotation mark after the character string ' or 1=1'.
   at WebService2Test.Helpers.DBHelper.getDataReader(String query) in d:\Projects\DotNet\CSharp\WSSAT\WebService2Test\Helpers\DBHelper.cs:line 54
   at WebService2Test.Sqli.SQLInjectMe1(String id, Int32 x) in d:\Projects\DotNet\CSharp\WSSAT\WebService2Test\Sqli.asmx.cs:line 31
ClientConnectionId:dab7d2fc-926b-474b-9525-1d52a05a46e4
Error Number:105,State:1,Class:15
13.02.2016 22:37:57 ==>    id - string:A
13.02.2016 22:37:57 ==>    StatusCode: 200
13.02.2016 22:37:57 ==>    Result: System.Data.SqlClient.SqlException (0x80131904): Unclosed quotation mark after the character string ' or 1=1'.
   at WebService2Test.Helpers.DBHelper.getDataReader(String query) in d:\Projects\DotNet\CSharp\WSSAT\WebService2Test\Helpers\DBHelper.cs:line 54
   at WebService2Test.Sqli.SQLInjectMe1(String id, Int32 x) in d:\Projects\DotNet\CSharp\WSSAT\WebService2Test\Sqli.asmx.cs:line 31
ClientConnectionId:dab7d2fc-926b-474b-9525-1d52a05a46e4
Error Number:105,State:1,Class:15
13.02.2016 22:37:57 ==>    id - string:A
13.02.2016 22:37:57 ==>    StatusCode: 200
13.02.2016 22:37:57 ==>    Result: System.Data.SqlClient.SqlException (0x80131904): Unclosed quotation mark after the character string ' or 1=1'.
   at WebService2Test.Helpers.DBHelper.getDataReader(String query) in d:\Projects\DotNet\CSharp\WSSAT\WebService2Test\Helpers\DBHelper.cs:line 54
   at WebService2Test.Sqli.SQLInjectMe1(String id, Int32 x) in d:\Projects\DotNet\CSharp\WSSAT\WebService2Test\Sqli.asmx.cs:line 31
ClientConnectionId:dab7d2fc-926b-474b-9525-1d52a05a46e4
Error Number:105,State:1,Class:15
13.02.2016 22:37:57 ==>    id - string:A
13.02.2016 22:37:57 ==>    StatusCode: 200
13.02.2016 22:37:57 ==>    Result: System.Data.SqlClient.SqlException (0x80131904): Unclosed quotation mark after the character string ' or 1=1'.
   at WebService2Test.Helpers.DBHelper.getDataReader(String query) in d:\Projects\DotNet\CSharp\WSSAT\WebService2Test\Helpers\DBHelper.cs:line 54
   at WebService2Test.Sqli.SQLInjectMe1(String id, Int32 x) in d:\Projects\DotNet\CSharp\WSSAT\WebService2Test\Sqli.asmx.cs:line 31
ClientConnectionId:dab7d2fc-926b-474b-9525-1d52a05a46e4
Error Number:105,State:1,Class:15
13.02.2016 22:37:57 ==> WSDL Address: http://www.wstest.com/WeakXMLTest.asmx?WSDL
13.02.2016 22:37:57 ==> Parsing WSDL...
13.02.2016 22:37:57 ==> Static Analysis Started
13.02.2016 22:37:57 ==>    Testing: Weak XML Schema: Unbounded Occurrences
13.02.2016 22:37:57 ==>    Weak XML Schema: Unbounded Occurrences Vulnerability Found: <s:element minOccurs="0" maxOccurs="unbounded" name="CompType" nillable="true" type="tns:CompType" xmlns:s="http://www.w3.org/2001/XMLSchema" />
<s:element minOccurs="0" maxOccurs="unbounded" name="int" type="s:int" xmlns:s="http://www.w3.org/2001/XMLSchema" />
<s:element minOccurs="0" maxOccurs="unbounded" name="string" nillable="true" type="s:string" xmlns:s="http://www.w3.org/2001/XMLSchema" />
<s:element minOccurs="0" maxOccurs="unbounded" name="Book" xmlns:s="http://www.w3.org/2001/XMLSchema">
  <s:complexType>
    <s:sequence>
      <s:element minOccurs="0" maxOccurs="1" name="Title" type="s:string" />
      <s:element minOccurs="0" maxOccurs="1" name="Author" type="s:string" />
      <s:element minOccurs="0" maxOccurs="1" name="PublishDate" type="s:string" />
    </s:sequence>
  </s:complexType>
</s:element>

13.02.2016 22:37:57 ==>    Testing: Weak XML Schema: Undefined Namespace
13.02.2016 22:37:57 ==>    Testing: Weak WS-SecurityPolicy: Insecure Transport
13.02.2016 22:37:57 ==>    Testing: Weak WS-SecurityPolicy: Insufficient Supporting Token Protection
13.02.2016 22:37:57 ==>    Testing: Weak WS-SecurityPolicy: Tokens Not Protected
13.02.2016 22:37:57 ==> Static Analysis Finished
13.02.2016 22:37:57 ==> Getting Methods...
13.02.2016 22:37:57 ==>  Vulnerability Found - SSL Not Used, Uri Schema is http
13.02.2016 22:37:57 ==> Method: MethodComplexType
13.02.2016 22:37:57 ==>    Testing: Unauthenticated Service Method
13.02.2016 22:37:57 ==>    Parameter Count: 3
13.02.2016 22:37:57 ==>    types - ArrayOfCompType:A
13.02.2016 22:37:57 ==>    tmp - ArrayOfString:A
13.02.2016 22:37:57 ==>     - :A
13.02.2016 22:37:57 ==>    Auth Vulnerability Found:  - status code is : 400
13.02.2016 22:37:57 ==>    Testing: Error Based SQL Injection
13.02.2016 22:37:57 ==>    Parameter Count: 3
13.02.2016 22:37:57 ==>    tmp - ArrayOfString:A
13.02.2016 22:37:57 ==>     - :A
13.02.2016 22:37:57 ==>    StatusCode: 400
13.02.2016 22:37:57 ==>    Result: 
13.02.2016 22:37:57 ==>    tmp - ArrayOfString:A
13.02.2016 22:37:57 ==>     - :A
13.02.2016 22:37:58 ==>    StatusCode: 400
13.02.2016 22:37:58 ==>    Result: 
13.02.2016 22:37:58 ==>    tmp - ArrayOfString:A
13.02.2016 22:37:58 ==>     - :A
13.02.2016 22:37:58 ==>    StatusCode: 400
13.02.2016 22:37:58 ==>    Result: 
13.02.2016 22:37:58 ==>    tmp - ArrayOfString:A
13.02.2016 22:37:58 ==>     - :A
13.02.2016 22:37:58 ==>    StatusCode: 400
13.02.2016 22:37:58 ==>    Result: 
13.02.2016 22:37:58 ==>    tmp - ArrayOfString:A
13.02.2016 22:37:58 ==>     - :A
13.02.2016 22:37:58 ==>    StatusCode: 400
13.02.2016 22:37:58 ==>    Result: 
13.02.2016 22:37:58 ==>    tmp - ArrayOfString:A
13.02.2016 22:37:58 ==>     - :A
13.02.2016 22:37:58 ==>    StatusCode: 400
13.02.2016 22:37:58 ==>    Result: 
13.02.2016 22:37:58 ==>    tmp - ArrayOfString:A
13.02.2016 22:37:58 ==>     - :A
13.02.2016 22:37:58 ==>    StatusCode: 400
13.02.2016 22:37:58 ==>    Result: 
13.02.2016 22:37:58 ==>    tmp - ArrayOfString:A
13.02.2016 22:37:58 ==>     - :A
13.02.2016 22:37:58 ==>    StatusCode: 400
13.02.2016 22:37:58 ==>    Result: 
13.02.2016 22:37:58 ==>    tmp - ArrayOfString:A
13.02.2016 22:37:58 ==>     - :A
13.02.2016 22:37:58 ==>    StatusCode: 400
13.02.2016 22:37:58 ==>    Result: 
13.02.2016 22:37:58 ==>    tmp - ArrayOfString:A
13.02.2016 22:37:58 ==>     - :A
13.02.2016 22:37:58 ==>    StatusCode: 400
13.02.2016 22:37:58 ==>    Result: 
13.02.2016 22:37:58 ==>    tmp - ArrayOfString:A
13.02.2016 22:37:58 ==>     - :A
13.02.2016 22:37:58 ==>    StatusCode: 400
13.02.2016 22:37:58 ==>    Result: 
13.02.2016 22:37:58 ==>    tmp - ArrayOfString:A
13.02.2016 22:37:58 ==>     - :A
13.02.2016 22:37:58 ==>    StatusCode: 400
13.02.2016 22:37:58 ==>    Result: 
13.02.2016 22:37:58 ==>    tmp - ArrayOfString:A
13.02.2016 22:37:58 ==>     - :A
13.02.2016 22:37:58 ==>    StatusCode: 400
13.02.2016 22:37:58 ==>    Result: 
13.02.2016 22:37:58 ==>    tmp - ArrayOfString:A
13.02.2016 22:37:58 ==>     - :A
13.02.2016 22:37:58 ==>    StatusCode: 400
13.02.2016 22:37:58 ==>    Result: 
13.02.2016 22:37:58 ==>    tmp - ArrayOfString:A
13.02.2016 22:37:58 ==>     - :A
13.02.2016 22:37:58 ==>    StatusCode: 400
13.02.2016 22:37:58 ==>    Result: 
13.02.2016 22:37:58 ==>    tmp - ArrayOfString:A
13.02.2016 22:37:58 ==>     - :A
13.02.2016 22:37:58 ==>    StatusCode: 400
13.02.2016 22:37:58 ==>    Result: 
13.02.2016 22:37:58 ==>    tmp - ArrayOfString:A
13.02.2016 22:37:58 ==>     - :A
13.02.2016 22:37:58 ==>    StatusCode: 400
13.02.2016 22:37:58 ==>    Result: 
13.02.2016 22:37:58 ==>    tmp - ArrayOfString:A
13.02.2016 22:37:58 ==>     - :A
13.02.2016 22:37:58 ==>    StatusCode: 400
13.02.2016 22:37:58 ==>    Result: 
13.02.2016 22:37:58 ==>    tmp - ArrayOfString:A
13.02.2016 22:37:58 ==>     - :A
13.02.2016 22:37:58 ==>    StatusCode: 400
13.02.2016 22:37:58 ==>    Result: 
13.02.2016 22:37:58 ==>    tmp - ArrayOfString:A
13.02.2016 22:37:58 ==>     - :A
13.02.2016 22:37:58 ==>    StatusCode: 400
13.02.2016 22:37:58 ==>    Result: 
13.02.2016 22:37:58 ==>    tmp - ArrayOfString:A
13.02.2016 22:37:58 ==>     - :A
13.02.2016 22:37:58 ==>    StatusCode: 400
13.02.2016 22:37:59 ==>    Result: 
13.02.2016 22:37:59 ==>    tmp - ArrayOfString:A
13.02.2016 22:37:59 ==>     - :A
13.02.2016 22:37:59 ==>    StatusCode: 400
13.02.2016 22:37:59 ==>    Result: 
13.02.2016 22:37:59 ==>    tmp - ArrayOfString:A
13.02.2016 22:37:59 ==>     - :A
13.02.2016 22:37:59 ==>    StatusCode: 400
13.02.2016 22:37:59 ==>    Result: 
13.02.2016 22:37:59 ==>    types - ArrayOfCompType:A
13.02.2016 22:37:59 ==>     - :A
13.02.2016 22:37:59 ==>    StatusCode: 400
13.02.2016 22:37:59 ==>    Result: 
13.02.2016 22:37:59 ==>    types - ArrayOfCompType:A
13.02.2016 22:37:59 ==>     - :A
13.02.2016 22:37:59 ==>    StatusCode: 400
13.02.2016 22:37:59 ==>    Result: 
13.02.2016 22:37:59 ==>    types - ArrayOfCompType:A
13.02.2016 22:37:59 ==>     - :A
13.02.2016 22:37:59 ==>    StatusCode: 400
13.02.2016 22:37:59 ==>    Result: 
13.02.2016 22:37:59 ==>    types - ArrayOfCompType:A
13.02.2016 22:37:59 ==>     - :A
13.02.2016 22:37:59 ==>    StatusCode: 400
13.02.2016 22:37:59 ==>    Result: 
13.02.2016 22:37:59 ==>    types - ArrayOfCompType:A
13.02.2016 22:37:59 ==>     - :A
13.02.2016 22:37:59 ==>    StatusCode: 400
13.02.2016 22:37:59 ==>    Result: 
13.02.2016 22:37:59 ==>    types - ArrayOfCompType:A
13.02.2016 22:37:59 ==>     - :A
13.02.2016 22:37:59 ==>    StatusCode: 400
13.02.2016 22:37:59 ==>    Result: 
13.02.2016 22:37:59 ==>    types - ArrayOfCompType:A
13.02.2016 22:37:59 ==>     - :A
13.02.2016 22:37:59 ==>    StatusCode: 400
13.02.2016 22:37:59 ==>    Result: 
13.02.2016 22:37:59 ==>    types - ArrayOfCompType:A
13.02.2016 22:37:59 ==>     - :A
13.02.2016 22:37:59 ==>    StatusCode: 400
13.02.2016 22:37:59 ==>    Result: 
13.02.2016 22:37:59 ==>    types - ArrayOfCompType:A
13.02.2016 22:37:59 ==>     - :A
13.02.2016 22:37:59 ==>    StatusCode: 400
13.02.2016 22:37:59 ==>    Result: 
13.02.2016 22:37:59 ==>    types - ArrayOfCompType:A
13.02.2016 22:37:59 ==>     - :A
13.02.2016 22:37:59 ==>    StatusCode: 400
13.02.2016 22:37:59 ==>    Result: 
13.02.2016 22:37:59 ==>    types - ArrayOfCompType:A
13.02.2016 22:37:59 ==>     - :A
13.02.2016 22:37:59 ==>    StatusCode: 400
13.02.2016 22:37:59 ==>    Result: 
13.02.2016 22:37:59 ==>    types - ArrayOfCompType:A
13.02.2016 22:37:59 ==>     - :A
13.02.2016 22:37:59 ==>    StatusCode: 400
13.02.2016 22:37:59 ==>    Result: 
13.02.2016 22:37:59 ==>    types - ArrayOfCompType:A
13.02.2016 22:37:59 ==>     - :A
13.02.2016 22:37:59 ==>    StatusCode: 400
13.02.2016 22:37:59 ==>    Result: 
13.02.2016 22:37:59 ==>    types - ArrayOfCompType:A
13.02.2016 22:37:59 ==>     - :A
13.02.2016 22:37:59 ==>    StatusCode: 400
13.02.2016 22:37:59 ==>    Result: 
13.02.2016 22:37:59 ==>    types - ArrayOfCompType:A
13.02.2016 22:37:59 ==>     - :A
13.02.2016 22:37:59 ==>    StatusCode: 400
13.02.2016 22:37:59 ==>    Result: 
13.02.2016 22:37:59 ==>    types - ArrayOfCompType:A
13.02.2016 22:37:59 ==>     - :A
13.02.2016 22:37:59 ==>    StatusCode: 400
13.02.2016 22:37:59 ==>    Result: 
13.02.2016 22:37:59 ==>    types - ArrayOfCompType:A
13.02.2016 22:37:59 ==>     - :A
13.02.2016 22:37:59 ==>    StatusCode: 400
13.02.2016 22:37:59 ==>    Result: 
13.02.2016 22:37:59 ==>    types - ArrayOfCompType:A
13.02.2016 22:37:59 ==>     - :A
13.02.2016 22:38:00 ==>    StatusCode: 400
13.02.2016 22:38:00 ==>    Result: 
13.02.2016 22:38:00 ==>    types - ArrayOfCompType:A
13.02.2016 22:38:00 ==>     - :A
13.02.2016 22:38:00 ==>    StatusCode: 400
13.02.2016 22:38:00 ==>    Result: 
13.02.2016 22:38:00 ==>    types - ArrayOfCompType:A
13.02.2016 22:38:00 ==>     - :A
13.02.2016 22:38:00 ==>    StatusCode: 400
13.02.2016 22:38:00 ==>    Result: 
13.02.2016 22:38:00 ==>    types - ArrayOfCompType:A
13.02.2016 22:38:00 ==>     - :A
13.02.2016 22:38:00 ==>    StatusCode: 400
13.02.2016 22:38:00 ==>    Result: 
13.02.2016 22:38:00 ==>    types - ArrayOfCompType:A
13.02.2016 22:38:00 ==>     - :A
13.02.2016 22:38:00 ==>    StatusCode: 400
13.02.2016 22:38:00 ==>    Result: 
13.02.2016 22:38:00 ==>    types - ArrayOfCompType:A
13.02.2016 22:38:00 ==>     - :A
13.02.2016 22:38:00 ==>    StatusCode: 400
13.02.2016 22:38:00 ==>    Result: 
13.02.2016 22:38:00 ==>    types - ArrayOfCompType:A
13.02.2016 22:38:00 ==>    tmp - ArrayOfString:A
13.02.2016 22:38:00 ==>    StatusCode: 400
13.02.2016 22:38:00 ==>    Result: 
13.02.2016 22:38:00 ==>    types - ArrayOfCompType:A
13.02.2016 22:38:00 ==>    tmp - ArrayOfString:A
13.02.2016 22:38:00 ==>    StatusCode: 400
13.02.2016 22:38:00 ==>    Result: 
13.02.2016 22:38:00 ==>    types - ArrayOfCompType:A
13.02.2016 22:38:00 ==>    tmp - ArrayOfString:A
13.02.2016 22:38:00 ==>    StatusCode: 400
13.02.2016 22:38:00 ==>    Result: 
13.02.2016 22:38:00 ==>    types - ArrayOfCompType:A
13.02.2016 22:38:00 ==>    tmp - ArrayOfString:A
13.02.2016 22:38:00 ==>    StatusCode: 400
13.02.2016 22:38:00 ==>    Result: 
13.02.2016 22:38:00 ==>    types - ArrayOfCompType:A
13.02.2016 22:38:00 ==>    tmp - ArrayOfString:A
13.02.2016 22:38:00 ==>    StatusCode: 400
13.02.2016 22:38:00 ==>    Result: 
13.02.2016 22:38:00 ==>    types - ArrayOfCompType:A
13.02.2016 22:38:00 ==>    tmp - ArrayOfString:A
13.02.2016 22:38:00 ==>    StatusCode: 400
13.02.2016 22:38:00 ==>    Result: 
13.02.2016 22:38:00 ==>    types - ArrayOfCompType:A
13.02.2016 22:38:00 ==>    tmp - ArrayOfString:A
13.02.2016 22:38:00 ==>    StatusCode: 400
13.02.2016 22:38:00 ==>    Result: 
13.02.2016 22:38:00 ==>    types - ArrayOfCompType:A
13.02.2016 22:38:00 ==>    tmp - ArrayOfString:A
13.02.2016 22:38:00 ==>    StatusCode: 400
13.02.2016 22:38:00 ==>    Result: 
13.02.2016 22:38:00 ==>    types - ArrayOfCompType:A
13.02.2016 22:38:00 ==>    tmp - ArrayOfString:A
13.02.2016 22:38:00 ==>    StatusCode: 400
13.02.2016 22:38:00 ==>    Result: 
13.02.2016 22:38:00 ==>    types - ArrayOfCompType:A
13.02.2016 22:38:00 ==>    tmp - ArrayOfString:A
13.02.2016 22:38:00 ==>    StatusCode: 400
13.02.2016 22:38:00 ==>    Result: 
13.02.2016 22:38:00 ==>    types - ArrayOfCompType:A
13.02.2016 22:38:00 ==>    tmp - ArrayOfString:A
13.02.2016 22:38:00 ==>    StatusCode: 400
13.02.2016 22:38:00 ==>    Result: 
13.02.2016 22:38:00 ==>    types - ArrayOfCompType:A
13.02.2016 22:38:00 ==>    tmp - ArrayOfString:A
13.02.2016 22:38:00 ==>    StatusCode: 400
13.02.2016 22:38:00 ==>    Result: 
13.02.2016 22:38:00 ==>    types - ArrayOfCompType:A
13.02.2016 22:38:00 ==>    tmp - ArrayOfString:A
13.02.2016 22:38:00 ==>    StatusCode: 400
13.02.2016 22:38:00 ==>    Result: 
13.02.2016 22:38:00 ==>    types - ArrayOfCompType:A
13.02.2016 22:38:00 ==>    tmp - ArrayOfString:A
13.02.2016 22:38:00 ==>    StatusCode: 400
13.02.2016 22:38:00 ==>    Result: 
13.02.2016 22:38:00 ==>    types - ArrayOfCompType:A
13.02.2016 22:38:00 ==>    tmp - ArrayOfString:A
13.02.2016 22:38:01 ==>    StatusCode: 400
13.02.2016 22:38:01 ==>    Result: 
13.02.2016 22:38:01 ==>    types - ArrayOfCompType:A
13.02.2016 22:38:01 ==>    tmp - ArrayOfString:A
13.02.2016 22:38:01 ==>    StatusCode: 400
13.02.2016 22:38:01 ==>    Result: 
13.02.2016 22:38:01 ==>    types - ArrayOfCompType:A
13.02.2016 22:38:01 ==>    tmp - ArrayOfString:A
13.02.2016 22:38:01 ==>    StatusCode: 400
13.02.2016 22:38:01 ==>    Result: 
13.02.2016 22:38:01 ==>    types - ArrayOfCompType:A
13.02.2016 22:38:01 ==>    tmp - ArrayOfString:A
13.02.2016 22:38:01 ==>    StatusCode: 400
13.02.2016 22:38:01 ==>    Result: 
13.02.2016 22:38:01 ==>    types - ArrayOfCompType:A
13.02.2016 22:38:01 ==>    tmp - ArrayOfString:A
13.02.2016 22:38:01 ==>    StatusCode: 400
13.02.2016 22:38:01 ==>    Result: 
13.02.2016 22:38:01 ==>    types - ArrayOfCompType:A
13.02.2016 22:38:01 ==>    tmp - ArrayOfString:A
13.02.2016 22:38:01 ==>    StatusCode: 400
13.02.2016 22:38:01 ==>    Result: 
13.02.2016 22:38:01 ==>    types - ArrayOfCompType:A
13.02.2016 22:38:01 ==>    tmp - ArrayOfString:A
13.02.2016 22:38:01 ==>    StatusCode: 400
13.02.2016 22:38:01 ==>    Result: 
13.02.2016 22:38:01 ==>    types - ArrayOfCompType:A
13.02.2016 22:38:01 ==>    tmp - ArrayOfString:A
13.02.2016 22:38:01 ==>    StatusCode: 400
13.02.2016 22:38:01 ==>    Result: 
13.02.2016 22:38:01 ==>    types - ArrayOfCompType:A
13.02.2016 22:38:01 ==>    tmp - ArrayOfString:A
13.02.2016 22:38:01 ==>    StatusCode: 400
13.02.2016 22:38:01 ==>    Result: 
13.02.2016 22:38:01 ==>    Testing: Cross Site Scripting
13.02.2016 22:38:01 ==>    Parameter Count: 3
13.02.2016 22:38:01 ==>    tmp - ArrayOfString:A
13.02.2016 22:38:01 ==>     - :A
13.02.2016 22:38:01 ==>    StatusCode: 400
13.02.2016 22:38:01 ==>    Result: 
13.02.2016 22:38:01 ==>    tmp - ArrayOfString:A
13.02.2016 22:38:01 ==>     - :A
13.02.2016 22:38:01 ==>    StatusCode: 400
13.02.2016 22:38:01 ==>    Result: 
13.02.2016 22:38:01 ==>    tmp - ArrayOfString:A
13.02.2016 22:38:01 ==>     - :A
13.02.2016 22:38:01 ==>    StatusCode: 400
13.02.2016 22:38:01 ==>    Result: 
13.02.2016 22:38:01 ==>    types - ArrayOfCompType:A
13.02.2016 22:38:01 ==>     - :A
13.02.2016 22:38:01 ==>    StatusCode: 400
13.02.2016 22:38:01 ==>    Result: 
13.02.2016 22:38:01 ==>    types - ArrayOfCompType:A
13.02.2016 22:38:01 ==>     - :A
13.02.2016 22:38:01 ==>    StatusCode: 400
13.02.2016 22:38:01 ==>    Result: 
13.02.2016 22:38:01 ==>    types - ArrayOfCompType:A
13.02.2016 22:38:01 ==>     - :A
13.02.2016 22:38:01 ==>    StatusCode: 400
13.02.2016 22:38:01 ==>    Result: 
13.02.2016 22:38:01 ==>    types - ArrayOfCompType:A
13.02.2016 22:38:01 ==>    tmp - ArrayOfString:A
13.02.2016 22:38:01 ==>    StatusCode: 400
13.02.2016 22:38:01 ==>    Result: 
13.02.2016 22:38:01 ==>    types - ArrayOfCompType:A
13.02.2016 22:38:01 ==>    tmp - ArrayOfString:A
13.02.2016 22:38:01 ==>    StatusCode: 400
13.02.2016 22:38:01 ==>    Result: 
13.02.2016 22:38:01 ==>    types - ArrayOfCompType:A
13.02.2016 22:38:01 ==>    tmp - ArrayOfString:A
13.02.2016 22:38:01 ==>    StatusCode: 400
13.02.2016 22:38:01 ==>    Result: 
13.02.2016 22:38:01 ==>    Testing: XML Bomb
13.02.2016 22:38:01 ==>    Parameter Count: 3
13.02.2016 22:38:01 ==>    tmp - ArrayOfString:A
13.02.2016 22:38:01 ==>     - :A
13.02.2016 22:38:01 ==>    StatusCode: 400
13.02.2016 22:38:01 ==>    Result: 
13.02.2016 22:38:01 ==>    tmp - ArrayOfString:A
13.02.2016 22:38:01 ==>     - :A
13.02.2016 22:38:01 ==>    StatusCode: 400
13.02.2016 22:38:02 ==>    Result: 
13.02.2016 22:38:02 ==>    types - ArrayOfCompType:A
13.02.2016 22:38:02 ==>     - :A
13.02.2016 22:38:02 ==>    StatusCode: 400
13.02.2016 22:38:02 ==>    Result: 
13.02.2016 22:38:02 ==>    types - ArrayOfCompType:A
13.02.2016 22:38:02 ==>     - :A
13.02.2016 22:38:02 ==>    StatusCode: 400
13.02.2016 22:38:02 ==>    Result: 
13.02.2016 22:38:02 ==>    types - ArrayOfCompType:A
13.02.2016 22:38:02 ==>    tmp - ArrayOfString:A
13.02.2016 22:38:02 ==>    StatusCode: 400
13.02.2016 22:38:02 ==>    Result: 
13.02.2016 22:38:02 ==>    types - ArrayOfCompType:A
13.02.2016 22:38:02 ==>    tmp - ArrayOfString:A
13.02.2016 22:38:02 ==>    StatusCode: 400
13.02.2016 22:38:02 ==>    Result: 
13.02.2016 22:38:02 ==>    Testing: External Entity Attack - XXE
13.02.2016 22:38:02 ==>    Parameter Count: 3
13.02.2016 22:38:02 ==>    tmp - ArrayOfString:A
13.02.2016 22:38:02 ==>     - :A
13.02.2016 22:38:02 ==>    StatusCode: 400
13.02.2016 22:38:02 ==>    Result: 
13.02.2016 22:38:02 ==>    tmp - ArrayOfString:A
13.02.2016 22:38:02 ==>     - :A
13.02.2016 22:38:02 ==>    StatusCode: 400
13.02.2016 22:38:02 ==>    Result: 
13.02.2016 22:38:02 ==>    tmp - ArrayOfString:A
13.02.2016 22:38:02 ==>     - :A
13.02.2016 22:38:02 ==>    StatusCode: 400
13.02.2016 22:38:02 ==>    Result: 
13.02.2016 22:38:02 ==>    tmp - ArrayOfString:A
13.02.2016 22:38:02 ==>     - :A
13.02.2016 22:38:02 ==>    StatusCode: 400
13.02.2016 22:38:02 ==>    Result: 
13.02.2016 22:38:02 ==>    tmp - ArrayOfString:A
13.02.2016 22:38:02 ==>     - :A
13.02.2016 22:38:02 ==>    StatusCode: 400
13.02.2016 22:38:02 ==>    Result: 
13.02.2016 22:38:02 ==>    types - ArrayOfCompType:A
13.02.2016 22:38:02 ==>     - :A
13.02.2016 22:38:02 ==>    StatusCode: 400
13.02.2016 22:38:02 ==>    Result: 
13.02.2016 22:38:02 ==>    types - ArrayOfCompType:A
13.02.2016 22:38:02 ==>     - :A
13.02.2016 22:38:02 ==>    StatusCode: 400
13.02.2016 22:38:02 ==>    Result: 
13.02.2016 22:38:02 ==>    types - ArrayOfCompType:A
13.02.2016 22:38:02 ==>     - :A
13.02.2016 22:38:02 ==>    StatusCode: 400
13.02.2016 22:38:02 ==>    Result: 
13.02.2016 22:38:02 ==>    types - ArrayOfCompType:A
13.02.2016 22:38:02 ==>     - :A
13.02.2016 22:38:02 ==>    StatusCode: 400
13.02.2016 22:38:02 ==>    Result: 
13.02.2016 22:38:02 ==>    types - ArrayOfCompType:A
13.02.2016 22:38:02 ==>     - :A
13.02.2016 22:38:02 ==>    StatusCode: 400
13.02.2016 22:38:02 ==>    Result: 
13.02.2016 22:38:02 ==>    types - ArrayOfCompType:A
13.02.2016 22:38:02 ==>    tmp - ArrayOfString:A
13.02.2016 22:38:02 ==>    StatusCode: 400
13.02.2016 22:38:02 ==>    Result: 
13.02.2016 22:38:02 ==>    types - ArrayOfCompType:A
13.02.2016 22:38:02 ==>    tmp - ArrayOfString:A
13.02.2016 22:38:02 ==>    StatusCode: 400
13.02.2016 22:38:02 ==>    Result: 
13.02.2016 22:38:02 ==>    types - ArrayOfCompType:A
13.02.2016 22:38:02 ==>    tmp - ArrayOfString:A
13.02.2016 22:38:02 ==>    StatusCode: 400
13.02.2016 22:38:02 ==>    Result: 
13.02.2016 22:38:02 ==>    types - ArrayOfCompType:A
13.02.2016 22:38:02 ==>    tmp - ArrayOfString:A
13.02.2016 22:38:02 ==>    StatusCode: 400
13.02.2016 22:38:02 ==>    Result: 
13.02.2016 22:38:02 ==>    types - ArrayOfCompType:A
13.02.2016 22:38:02 ==>    tmp - ArrayOfString:A
13.02.2016 22:38:02 ==>    StatusCode: 400
13.02.2016 22:38:02 ==>    Result: 
13.02.2016 22:38:02 ==>    Testing: XPATH Injection
13.02.2016 22:38:02 ==>    Parameter Count: 3
13.02.2016 22:38:02 ==>    tmp - ArrayOfString:A
13.02.2016 22:38:03 ==>     - :A
13.02.2016 22:38:03 ==>    StatusCode: 400
13.02.2016 22:38:03 ==>    Result: 
13.02.2016 22:38:03 ==>    tmp - ArrayOfString:A
13.02.2016 22:38:03 ==>     - :A
13.02.2016 22:38:03 ==>    StatusCode: 400
13.02.2016 22:38:03 ==>    Result: 
13.02.2016 22:38:03 ==>    tmp - ArrayOfString:A
13.02.2016 22:38:03 ==>     - :A
13.02.2016 22:38:03 ==>    StatusCode: 400
13.02.2016 22:38:03 ==>    Result: 
13.02.2016 22:38:03 ==>    tmp - ArrayOfString:A
13.02.2016 22:38:03 ==>     - :A
13.02.2016 22:38:03 ==>    StatusCode: 400
13.02.2016 22:38:03 ==>    Result: 
13.02.2016 22:38:03 ==>    types - ArrayOfCompType:A
13.02.2016 22:38:03 ==>     - :A
13.02.2016 22:38:03 ==>    StatusCode: 400
13.02.2016 22:38:03 ==>    Result: 
13.02.2016 22:38:03 ==>    types - ArrayOfCompType:A
13.02.2016 22:38:03 ==>     - :A
13.02.2016 22:38:03 ==>    StatusCode: 400
13.02.2016 22:38:03 ==>    Result: 
13.02.2016 22:38:03 ==>    types - ArrayOfCompType:A
13.02.2016 22:38:03 ==>     - :A
13.02.2016 22:38:03 ==>    StatusCode: 400
13.02.2016 22:38:03 ==>    Result: 
13.02.2016 22:38:03 ==>    types - ArrayOfCompType:A
13.02.2016 22:38:03 ==>     - :A
13.02.2016 22:38:03 ==>    StatusCode: 400
13.02.2016 22:38:03 ==>    Result: 
13.02.2016 22:38:03 ==>    types - ArrayOfCompType:A
13.02.2016 22:38:03 ==>    tmp - ArrayOfString:A
13.02.2016 22:38:03 ==>    StatusCode: 400
13.02.2016 22:38:03 ==>    Result: 
13.02.2016 22:38:03 ==>    types - ArrayOfCompType:A
13.02.2016 22:38:03 ==>    tmp - ArrayOfString:A
13.02.2016 22:38:03 ==>    StatusCode: 400
13.02.2016 22:38:03 ==>    Result: 
13.02.2016 22:38:03 ==>    types - ArrayOfCompType:A
13.02.2016 22:38:03 ==>    tmp - ArrayOfString:A
13.02.2016 22:38:03 ==>    StatusCode: 400
13.02.2016 22:38:03 ==>    Result: 
13.02.2016 22:38:03 ==>    types - ArrayOfCompType:A
13.02.2016 22:38:03 ==>    tmp - ArrayOfString:A
13.02.2016 22:38:03 ==>    StatusCode: 400
13.02.2016 22:38:03 ==>    Result: 
13.02.2016 22:38:03 ==> Scan Finished: 13.02.2016 22:38:03
