13.02.2016 01:53:10 ==> Scan Started: 13.02.2016 01:53:10
13.02.2016 01:53:10 ==> WSDL Address: http://www.wstest.com/Sqli.asmx?WSDL
13.02.2016 01:53:10 ==> Parsing WSDL...
13.02.2016 01:53:11 ==> Static Analysis Started
13.02.2016 01:53:11 ==>    Testing: Weak XML Schema: Unbounded Occurrences
13.02.2016 01:53:11 ==>    Testing: Weak XML Schema: Undefined Namespace
13.02.2016 01:53:11 ==>    Testing: Weak WS-SecurityPolicy: Insecure Transport
13.02.2016 01:53:11 ==>    Testing: Weak WS-SecurityPolicy: Insufficient Supporting Token Protection
13.02.2016 01:53:11 ==>    Testing: Weak WS-SecurityPolicy: Tokens Not Protected
13.02.2016 01:53:11 ==> Static Analysis Finished
13.02.2016 01:53:11 ==> Getting Methods...
13.02.2016 01:53:11 ==>  Vulnerability Found - SSL Not Used, Uri Schema is http
13.02.2016 01:53:11 ==> Method: SQLInjectMe1
13.02.2016 01:53:11 ==>    Testing: Unauthenticated Service Method
13.02.2016 01:53:11 ==>    Parameter Count: 2
13.02.2016 01:53:11 ==>    id - string:A
13.02.2016 01:53:11 ==>    x - int:0
13.02.2016 01:53:26 ==>    Auth Vulnerability Found: System.Data.SqlClient.SqlException (0x80131904): A network-related or instance-specific error occurred while establishing a connection to SQL Server. The server was not found or was not accessible. Verify that the instance name is correct and that SQL Server is configured to allow remote connections. (provider: Named Pipes Provider, error: 40 - Could not open a connection to SQL Server) ---> System.ComponentModel.Win32Exception (0x80004005): The system cannot find the file specified
   at WebService2Test.Helpers.DBHelper..ctor() in c:\Users\myolalan\Desktop\Personal\METU\Project\SourceCode\WSSAT\WebService2Test\Helpers\DBHelper.cs:line 34
   at WebService2Test.Sqli.SQLInjectMe1(String id, Int32 x) in c:\Users\myolalan\Desktop\Personal\METU\Project\SourceCode\WSSAT\WebService2Test\Sqli.asmx.cs:line 30
ClientConnectionId:00000000-0000-0000-0000-000000000000
Error Number:2,State:0,Class:20 - status code is : 200
13.02.2016 01:53:26 ==>    Testing: Error Based SQL Injection
13.02.2016 01:53:26 ==>    Parameter Count: 2
13.02.2016 01:53:26 ==>    x - int:0
13.02.2016 01:53:26 ==>    StatusCode: 200
13.02.2016 01:53:26 ==>    Result: System.Data.SqlClient.SqlException (0x80131904): A network-related or instance-specific error occurred while establishing a connection to SQL Server. The server was not found or was not accessible. Verify that the instance name is correct and that SQL Server is configured to allow remote connections. (provider: Named Pipes Provider, error: 40 - Could not open a connection to SQL Server) ---> System.ComponentModel.Win32Exception (0x80004005): The system cannot find the file specified
   at WebService2Test.Helpers.DBHelper..ctor() in c:\Users\myolalan\Desktop\Personal\METU\Project\SourceCode\WSSAT\WebService2Test\Helpers\DBHelper.cs:line 34
   at WebService2Test.Sqli.SQLInjectMe1(String id, Int32 x) in c:\Users\myolalan\Desktop\Personal\METU\Project\SourceCode\WSSAT\WebService2Test\Sqli.asmx.cs:line 30
ClientConnectionId:00000000-0000-0000-0000-000000000000
Error Number:2,State:0,Class:20
13.02.2016 01:53:27 ==>    Error Based SQL Injection Vulnerability Found: System.Data.SqlClient.SqlException (0x80131904): A network-related or instance-specific error occurred while establishing a connection to SQL Server. The server was not found or was not accessible. Verify that the instance name is correct and that SQL Server is configured to allow remote connections. (provider: Named Pipes Provider, error: 40 - Could not open a connection to SQL Server) ---> System.ComponentModel.Win32Exception (0x80004005): The system cannot find the file specified
   at WebService2Test.Helpers.DBHelper..ctor() in c:\Users\myolalan\Desktop\Personal\METU\Project\SourceCode\WSSAT\WebService2Test\Helpers\DBHelper.cs:line 34
   at WebService2Test.Sqli.SQLInjectMe1(String id, Int32 x) in c:\Users\myolalan\Desktop\Personal\METU\Project\SourceCode\WSSAT\WebService2Test\Sqli.asmx.cs:line 30
ClientConnectionId:00000000-0000-0000-0000-000000000000
Error Number:2,State:0,Class:20 - Response Text Contains: System.Data.SqlClient.SqlException
13.02.2016 01:53:27 ==>    id - string:A
13.02.2016 01:53:27 ==>    StatusCode: 200
13.02.2016 01:53:27 ==>    Result: System.Data.SqlClient.SqlException (0x80131904): A network-related or instance-specific error occurred while establishing a connection to SQL Server. The server was not found or was not accessible. Verify that the instance name is correct and that SQL Server is configured to allow remote connections. (provider: Named Pipes Provider, error: 40 - Could not open a connection to SQL Server) ---> System.ComponentModel.Win32Exception (0x80004005): The system cannot find the file specified
   at WebService2Test.Helpers.DBHelper..ctor() in c:\Users\myolalan\Desktop\Personal\METU\Project\SourceCode\WSSAT\WebService2Test\Helpers\DBHelper.cs:line 34
   at WebService2Test.Sqli.SQLInjectMe1(String id, Int32 x) in c:\Users\myolalan\Desktop\Personal\METU\Project\SourceCode\WSSAT\WebService2Test\Sqli.asmx.cs:line 30
ClientConnectionId:00000000-0000-0000-0000-000000000000
Error Number:2,State:0,Class:20
13.02.2016 01:53:27 ==>    Error Based SQL Injection Vulnerability Found: System.Data.SqlClient.SqlException (0x80131904): A network-related or instance-specific error occurred while establishing a connection to SQL Server. The server was not found or was not accessible. Verify that the instance name is correct and that SQL Server is configured to allow remote connections. (provider: Named Pipes Provider, error: 40 - Could not open a connection to SQL Server) ---> System.ComponentModel.Win32Exception (0x80004005): The system cannot find the file specified
   at WebService2Test.Helpers.DBHelper..ctor() in c:\Users\myolalan\Desktop\Personal\METU\Project\SourceCode\WSSAT\WebService2Test\Helpers\DBHelper.cs:line 34
   at WebService2Test.Sqli.SQLInjectMe1(String id, Int32 x) in c:\Users\myolalan\Desktop\Personal\METU\Project\SourceCode\WSSAT\WebService2Test\Sqli.asmx.cs:line 30
ClientConnectionId:00000000-0000-0000-0000-000000000000
Error Number:2,State:0,Class:20 - Response Text Contains: System.Data.SqlClient.SqlException
13.02.2016 01:53:27 ==>    Testing: Cross Site Scripting
13.02.2016 01:53:27 ==>    Parameter Count: 2
13.02.2016 01:53:27 ==>    x - int:0
13.02.2016 01:53:27 ==>    StatusCode: 200
13.02.2016 01:53:27 ==>    Result: System.Data.SqlClient.SqlException (0x80131904): A network-related or instance-specific error occurred while establishing a connection to SQL Server. The server was not found or was not accessible. Verify that the instance name is correct and that SQL Server is configured to allow remote connections. (provider: Named Pipes Provider, error: 40 - Could not open a connection to SQL Server) ---> System.ComponentModel.Win32Exception (0x80004005): The system cannot find the file specified
   at WebService2Test.Helpers.DBHelper..ctor() in c:\Users\myolalan\Desktop\Personal\METU\Project\SourceCode\WSSAT\WebService2Test\Helpers\DBHelper.cs:line 34
   at WebService2Test.Sqli.SQLInjectMe1(String id, Int32 x) in c:\Users\myolalan\Desktop\Personal\METU\Project\SourceCode\WSSAT\WebService2Test\Sqli.asmx.cs:line 30
ClientConnectionId:00000000-0000-0000-0000-000000000000
Error Number:2,State:0,Class:20
13.02.2016 01:53:27 ==>    x - int:0
13.02.2016 01:53:28 ==>    StatusCode: 200
13.02.2016 01:53:28 ==>    Result: System.Data.SqlClient.SqlException (0x80131904): A network-related or instance-specific error occurred while establishing a connection to SQL Server. The server was not found or was not accessible. Verify that the instance name is correct and that SQL Server is configured to allow remote connections. (provider: Named Pipes Provider, error: 40 - Could not open a connection to SQL Server) ---> System.ComponentModel.Win32Exception (0x80004005): The system cannot find the file specified
   at WebService2Test.Helpers.DBHelper..ctor() in c:\Users\myolalan\Desktop\Personal\METU\Project\SourceCode\WSSAT\WebService2Test\Helpers\DBHelper.cs:line 34
   at WebService2Test.Sqli.SQLInjectMe1(String id, Int32 x) in c:\Users\myolalan\Desktop\Personal\METU\Project\SourceCode\WSSAT\WebService2Test\Sqli.asmx.cs:line 30
ClientConnectionId:00000000-0000-0000-0000-000000000000
Error Number:2,State:0,Class:20
13.02.2016 01:53:28 ==>    x - int:0
13.02.2016 01:53:28 ==>    StatusCode: 200
13.02.2016 01:53:28 ==>    Result: System.Data.SqlClient.SqlException (0x80131904): A network-related or instance-specific error occurred while establishing a connection to SQL Server. The server was not found or was not accessible. Verify that the instance name is correct and that SQL Server is configured to allow remote connections. (provider: Named Pipes Provider, error: 40 - Could not open a connection to SQL Server) ---> System.ComponentModel.Win32Exception (0x80004005): The system cannot find the file specified
   at WebService2Test.Helpers.DBHelper..ctor() in c:\Users\myolalan\Desktop\Personal\METU\Project\SourceCode\WSSAT\WebService2Test\Helpers\DBHelper.cs:line 34
   at WebService2Test.Sqli.SQLInjectMe1(String id, Int32 x) in c:\Users\myolalan\Desktop\Personal\METU\Project\SourceCode\WSSAT\WebService2Test\Sqli.asmx.cs:line 30
ClientConnectionId:00000000-0000-0000-0000-000000000000
Error Number:2,State:0,Class:20
13.02.2016 01:53:28 ==>    id - string:A
13.02.2016 01:53:29 ==>    StatusCode: 200
13.02.2016 01:53:29 ==>    Result: System.Data.SqlClient.SqlException (0x80131904): A network-related or instance-specific error occurred while establishing a connection to SQL Server. The server was not found or was not accessible. Verify that the instance name is correct and that SQL Server is configured to allow remote connections. (provider: Named Pipes Provider, error: 40 - Could not open a connection to SQL Server) ---> System.ComponentModel.Win32Exception (0x80004005): The system cannot find the file specified
   at WebService2Test.Helpers.DBHelper..ctor() in c:\Users\myolalan\Desktop\Personal\METU\Project\SourceCode\WSSAT\WebService2Test\Helpers\DBHelper.cs:line 34
   at WebService2Test.Sqli.SQLInjectMe1(String id, Int32 x) in c:\Users\myolalan\Desktop\Personal\METU\Project\SourceCode\WSSAT\WebService2Test\Sqli.asmx.cs:line 30
ClientConnectionId:00000000-0000-0000-0000-000000000000
Error Number:2,State:0,Class:20
13.02.2016 01:53:29 ==>    id - string:A
13.02.2016 01:53:29 ==>    StatusCode: 200
13.02.2016 01:53:29 ==>    Result: System.Data.SqlClient.SqlException (0x80131904): A network-related or instance-specific error occurred while establishing a connection to SQL Server. The server was not found or was not accessible. Verify that the instance name is correct and that SQL Server is configured to allow remote connections. (provider: Named Pipes Provider, error: 40 - Could not open a connection to SQL Server) ---> System.ComponentModel.Win32Exception (0x80004005): The system cannot find the file specified
   at WebService2Test.Helpers.DBHelper..ctor() in c:\Users\myolalan\Desktop\Personal\METU\Project\SourceCode\WSSAT\WebService2Test\Helpers\DBHelper.cs:line 34
   at WebService2Test.Sqli.SQLInjectMe1(String id, Int32 x) in c:\Users\myolalan\Desktop\Personal\METU\Project\SourceCode\WSSAT\WebService2Test\Sqli.asmx.cs:line 30
ClientConnectionId:00000000-0000-0000-0000-000000000000
Error Number:2,State:0,Class:20
13.02.2016 01:53:29 ==>    id - string:A
13.02.2016 01:53:30 ==>    StatusCode: 200
13.02.2016 01:53:30 ==>    Result: System.Data.SqlClient.SqlException (0x80131904): A network-related or instance-specific error occurred while establishing a connection to SQL Server. The server was not found or was not accessible. Verify that the instance name is correct and that SQL Server is configured to allow remote connections. (provider: Named Pipes Provider, error: 40 - Could not open a connection to SQL Server) ---> System.ComponentModel.Win32Exception (0x80004005): The system cannot find the file specified
   at WebService2Test.Helpers.DBHelper..ctor() in c:\Users\myolalan\Desktop\Personal\METU\Project\SourceCode\WSSAT\WebService2Test\Helpers\DBHelper.cs:line 34
   at WebService2Test.Sqli.SQLInjectMe1(String id, Int32 x) in c:\Users\myolalan\Desktop\Personal\METU\Project\SourceCode\WSSAT\WebService2Test\Sqli.asmx.cs:line 30
ClientConnectionId:00000000-0000-0000-0000-000000000000
Error Number:2,State:0,Class:20
13.02.2016 01:53:30 ==>    Testing: XML Bomb
13.02.2016 01:53:30 ==>    Parameter Count: 2
13.02.2016 01:53:30 ==>    x - int:0
13.02.2016 01:53:30 ==>    StatusCode: 200
13.02.2016 01:53:30 ==>    Result: System.Data.SqlClient.SqlException (0x80131904): A network-related or instance-specific error occurred while establishing a connection to SQL Server. The server was not found or was not accessible. Verify that the instance name is correct and that SQL Server is configured to allow remote connections. (provider: Named Pipes Provider, error: 40 - Could not open a connection to SQL Server) ---> System.ComponentModel.Win32Exception (0x80004005): The system cannot find the file specified
   at WebService2Test.Helpers.DBHelper..ctor() in c:\Users\myolalan\Desktop\Personal\METU\Project\SourceCode\WSSAT\WebService2Test\Helpers\DBHelper.cs:line 34
   at WebService2Test.Sqli.SQLInjectMe1(String id, Int32 x) in c:\Users\myolalan\Desktop\Personal\METU\Project\SourceCode\WSSAT\WebService2Test\Sqli.asmx.cs:line 30
ClientConnectionId:00000000-0000-0000-0000-000000000000
Error Number:2,State:0,Class:20
13.02.2016 01:53:30 ==>    x - int:0
13.02.2016 01:53:30 ==>    StatusCode: 200
13.02.2016 01:53:30 ==>    Result: System.Data.SqlClient.SqlException (0x80131904): A network-related or instance-specific error occurred while establishing a connection to SQL Server. The server was not found or was not accessible. Verify that the instance name is correct and that SQL Server is configured to allow remote connections. (provider: Named Pipes Provider, error: 40 - Could not open a connection to SQL Server) ---> System.ComponentModel.Win32Exception (0x80004005): The system cannot find the file specified
   at WebService2Test.Helpers.DBHelper..ctor() in c:\Users\myolalan\Desktop\Personal\METU\Project\SourceCode\WSSAT\WebService2Test\Helpers\DBHelper.cs:line 34
   at WebService2Test.Sqli.SQLInjectMe1(String id, Int32 x) in c:\Users\myolalan\Desktop\Personal\METU\Project\SourceCode\WSSAT\WebService2Test\Sqli.asmx.cs:line 30
ClientConnectionId:00000000-0000-0000-0000-000000000000
Error Number:2,State:0,Class:20
13.02.2016 01:53:30 ==>    id - string:A
13.02.2016 01:53:31 ==>    StatusCode: 200
13.02.2016 01:53:31 ==>    Result: System.Data.SqlClient.SqlException (0x80131904): A network-related or instance-specific error occurred while establishing a connection to SQL Server. The server was not found or was not accessible. Verify that the instance name is correct and that SQL Server is configured to allow remote connections. (provider: Named Pipes Provider, error: 40 - Could not open a connection to SQL Server) ---> System.ComponentModel.Win32Exception (0x80004005): The system cannot find the file specified
   at WebService2Test.Helpers.DBHelper..ctor() in c:\Users\myolalan\Desktop\Personal\METU\Project\SourceCode\WSSAT\WebService2Test\Helpers\DBHelper.cs:line 34
   at WebService2Test.Sqli.SQLInjectMe1(String id, Int32 x) in c:\Users\myolalan\Desktop\Personal\METU\Project\SourceCode\WSSAT\WebService2Test\Sqli.asmx.cs:line 30
ClientConnectionId:00000000-0000-0000-0000-000000000000
Error Number:2,State:0,Class:20
13.02.2016 01:53:31 ==>    id - string:A
13.02.2016 01:53:46 ==>    StatusCode: 200
13.02.2016 01:53:46 ==>    Result: System.Data.SqlClient.SqlException (0x80131904): A network-related or instance-specific error occurred while establishing a connection to SQL Server. The server was not found or was not accessible. Verify that the instance name is correct and that SQL Server is configured to allow remote connections. (provider: Named Pipes Provider, error: 40 - Could not open a connection to SQL Server) ---> System.ComponentModel.Win32Exception (0x80004005): The system cannot find the file specified
   at WebService2Test.Helpers.DBHelper..ctor() in c:\Users\myolalan\Desktop\Personal\METU\Project\SourceCode\WSSAT\WebService2Test\Helpers\DBHelper.cs:line 34
   at WebService2Test.Sqli.SQLInjectMe1(String id, Int32 x) in c:\Users\myolalan\Desktop\Personal\METU\Project\SourceCode\WSSAT\WebService2Test\Sqli.asmx.cs:line 30
ClientConnectionId:00000000-0000-0000-0000-000000000000
Error Number:2,State:0,Class:20
13.02.2016 01:53:46 ==>    Testing: External Entity Attack - XXE
13.02.2016 01:53:46 ==>    Parameter Count: 2
13.02.2016 01:53:46 ==>    x - int:0
13.02.2016 01:53:46 ==>    StatusCode: 200
13.02.2016 01:53:46 ==>    Result: System.Data.SqlClient.SqlException (0x80131904): A network-related or instance-specific error occurred while establishing a connection to SQL Server. The server was not found or was not accessible. Verify that the instance name is correct and that SQL Server is configured to allow remote connections. (provider: Named Pipes Provider, error: 40 - Could not open a connection to SQL Server) ---> System.ComponentModel.Win32Exception (0x80004005): The system cannot find the file specified
   at WebService2Test.Helpers.DBHelper..ctor() in c:\Users\myolalan\Desktop\Personal\METU\Project\SourceCode\WSSAT\WebService2Test\Helpers\DBHelper.cs:line 34
   at WebService2Test.Sqli.SQLInjectMe1(String id, Int32 x) in c:\Users\myolalan\Desktop\Personal\METU\Project\SourceCode\WSSAT\WebService2Test\Sqli.asmx.cs:line 30
ClientConnectionId:00000000-0000-0000-0000-000000000000
Error Number:2,State:0,Class:20
13.02.2016 01:53:46 ==>    x - int:0
13.02.2016 01:53:46 ==>    StatusCode: 200
13.02.2016 01:53:47 ==>    Result: System.Data.SqlClient.SqlException (0x80131904): A network-related or instance-specific error occurred while establishing a connection to SQL Server. The server was not found or was not accessible. Verify that the instance name is correct and that SQL Server is configured to allow remote connections. (provider: Named Pipes Provider, error: 40 - Could not open a connection to SQL Server) ---> System.ComponentModel.Win32Exception (0x80004005): The system cannot find the file specified
   at WebService2Test.Helpers.DBHelper..ctor() in c:\Users\myolalan\Desktop\Personal\METU\Project\SourceCode\WSSAT\WebService2Test\Helpers\DBHelper.cs:line 34
   at WebService2Test.Sqli.SQLInjectMe1(String id, Int32 x) in c:\Users\myolalan\Desktop\Personal\METU\Project\SourceCode\WSSAT\WebService2Test\Sqli.asmx.cs:line 30
ClientConnectionId:00000000-0000-0000-0000-000000000000
Error Number:2,State:0,Class:20
13.02.2016 01:53:47 ==>    x - int:0
13.02.2016 01:53:47 ==>    StatusCode: 200
13.02.2016 01:53:47 ==>    Result: System.Data.SqlClient.SqlException (0x80131904): A network-related or instance-specific error occurred while establishing a connection to SQL Server. The server was not found or was not accessible. Verify that the instance name is correct and that SQL Server is configured to allow remote connections. (provider: Named Pipes Provider, error: 40 - Could not open a connection to SQL Server) ---> System.ComponentModel.Win32Exception (0x80004005): The system cannot find the file specified
   at WebService2Test.Helpers.DBHelper..ctor() in c:\Users\myolalan\Desktop\Personal\METU\Project\SourceCode\WSSAT\WebService2Test\Helpers\DBHelper.cs:line 34
   at WebService2Test.Sqli.SQLInjectMe1(String id, Int32 x) in c:\Users\myolalan\Desktop\Personal\METU\Project\SourceCode\WSSAT\WebService2Test\Sqli.asmx.cs:line 30
ClientConnectionId:00000000-0000-0000-0000-000000000000
Error Number:2,State:0,Class:20
13.02.2016 01:53:47 ==>    x - int:0
13.02.2016 01:53:47 ==>    StatusCode: 200
13.02.2016 01:53:47 ==>    Result: System.Data.SqlClient.SqlException (0x80131904): A network-related or instance-specific error occurred while establishing a connection to SQL Server. The server was not found or was not accessible. Verify that the instance name is correct and that SQL Server is configured to allow remote connections. (provider: Named Pipes Provider, error: 40 - Could not open a connection to SQL Server) ---> System.ComponentModel.Win32Exception (0x80004005): The system cannot find the file specified
   at WebService2Test.Helpers.DBHelper..ctor() in c:\Users\myolalan\Desktop\Personal\METU\Project\SourceCode\WSSAT\WebService2Test\Helpers\DBHelper.cs:line 34
   at WebService2Test.Sqli.SQLInjectMe1(String id, Int32 x) in c:\Users\myolalan\Desktop\Personal\METU\Project\SourceCode\WSSAT\WebService2Test\Sqli.asmx.cs:line 30
ClientConnectionId:00000000-0000-0000-0000-000000000000
Error Number:2,State:0,Class:20
13.02.2016 01:53:47 ==>    x - int:0
13.02.2016 01:53:48 ==>    StatusCode: 200
13.02.2016 01:53:48 ==>    Result: System.Data.SqlClient.SqlException (0x80131904): A network-related or instance-specific error occurred while establishing a connection to SQL Server. The server was not found or was not accessible. Verify that the instance name is correct and that SQL Server is configured to allow remote connections. (provider: Named Pipes Provider, error: 40 - Could not open a connection to SQL Server) ---> System.ComponentModel.Win32Exception (0x80004005): The system cannot find the file specified
   at WebService2Test.Helpers.DBHelper..ctor() in c:\Users\myolalan\Desktop\Personal\METU\Project\SourceCode\WSSAT\WebService2Test\Helpers\DBHelper.cs:line 34
   at WebService2Test.Sqli.SQLInjectMe1(String id, Int32 x) in c:\Users\myolalan\Desktop\Personal\METU\Project\SourceCode\WSSAT\WebService2Test\Sqli.asmx.cs:line 30
ClientConnectionId:00000000-0000-0000-0000-000000000000
Error Number:2,State:0,Class:20
13.02.2016 01:53:48 ==>    id - string:A
13.02.2016 01:53:48 ==>    StatusCode: 200
13.02.2016 01:53:48 ==>    Result: System.Data.SqlClient.SqlException (0x80131904): A network-related or instance-specific error occurred while establishing a connection to SQL Server. The server was not found or was not accessible. Verify that the instance name is correct and that SQL Server is configured to allow remote connections. (provider: Named Pipes Provider, error: 40 - Could not open a connection to SQL Server) ---> System.ComponentModel.Win32Exception (0x80004005): The system cannot find the file specified
   at WebService2Test.Helpers.DBHelper..ctor() in c:\Users\myolalan\Desktop\Personal\METU\Project\SourceCode\WSSAT\WebService2Test\Helpers\DBHelper.cs:line 34
   at WebService2Test.Sqli.SQLInjectMe1(String id, Int32 x) in c:\Users\myolalan\Desktop\Personal\METU\Project\SourceCode\WSSAT\WebService2Test\Sqli.asmx.cs:line 30
ClientConnectionId:00000000-0000-0000-0000-000000000000
Error Number:2,State:0,Class:20
13.02.2016 01:53:48 ==>    id - string:A
13.02.2016 01:53:49 ==>    StatusCode: 200
13.02.2016 01:53:49 ==>    Result: System.Data.SqlClient.SqlException (0x80131904): A network-related or instance-specific error occurred while establishing a connection to SQL Server. The server was not found or was not accessible. Verify that the instance name is correct and that SQL Server is configured to allow remote connections. (provider: Named Pipes Provider, error: 40 - Could not open a connection to SQL Server) ---> System.ComponentModel.Win32Exception (0x80004005): The system cannot find the file specified
   at WebService2Test.Helpers.DBHelper..ctor() in c:\Users\myolalan\Desktop\Personal\METU\Project\SourceCode\WSSAT\WebService2Test\Helpers\DBHelper.cs:line 34
   at WebService2Test.Sqli.SQLInjectMe1(String id, Int32 x) in c:\Users\myolalan\Desktop\Personal\METU\Project\SourceCode\WSSAT\WebService2Test\Sqli.asmx.cs:line 30
ClientConnectionId:00000000-0000-0000-0000-000000000000
Error Number:2,State:0,Class:20
13.02.2016 01:53:49 ==>    id - string:A
13.02.2016 01:53:49 ==>    StatusCode: 200
13.02.2016 01:53:49 ==>    Result: System.Data.SqlClient.SqlException (0x80131904): A network-related or instance-specific error occurred while establishing a connection to SQL Server. The server was not found or was not accessible. Verify that the instance name is correct and that SQL Server is configured to allow remote connections. (provider: Named Pipes Provider, error: 40 - Could not open a connection to SQL Server) ---> System.ComponentModel.Win32Exception (0x80004005): The system cannot find the file specified
   at WebService2Test.Helpers.DBHelper..ctor() in c:\Users\myolalan\Desktop\Personal\METU\Project\SourceCode\WSSAT\WebService2Test\Helpers\DBHelper.cs:line 34
   at WebService2Test.Sqli.SQLInjectMe1(String id, Int32 x) in c:\Users\myolalan\Desktop\Personal\METU\Project\SourceCode\WSSAT\WebService2Test\Sqli.asmx.cs:line 30
ClientConnectionId:00000000-0000-0000-0000-000000000000
Error Number:2,State:0,Class:20
13.02.2016 01:53:49 ==>    id - string:A
13.02.2016 01:53:50 ==>    StatusCode: 200
13.02.2016 01:53:50 ==>    Result: System.Data.SqlClient.SqlException (0x80131904): A network-related or instance-specific error occurred while establishing a connection to SQL Server. The server was not found or was not accessible. Verify that the instance name is correct and that SQL Server is configured to allow remote connections. (provider: Named Pipes Provider, error: 40 - Could not open a connection to SQL Server) ---> System.ComponentModel.Win32Exception (0x80004005): The system cannot find the file specified
   at WebService2Test.Helpers.DBHelper..ctor() in c:\Users\myolalan\Desktop\Personal\METU\Project\SourceCode\WSSAT\WebService2Test\Helpers\DBHelper.cs:line 34
   at WebService2Test.Sqli.SQLInjectMe1(String id, Int32 x) in c:\Users\myolalan\Desktop\Personal\METU\Project\SourceCode\WSSAT\WebService2Test\Sqli.asmx.cs:line 30
ClientConnectionId:00000000-0000-0000-0000-000000000000
Error Number:2,State:0,Class:20
13.02.2016 01:53:50 ==>    id - string:A
13.02.2016 01:53:50 ==>    StatusCode: 200
13.02.2016 01:53:50 ==>    Result: System.Data.SqlClient.SqlException (0x80131904): A network-related or instance-specific error occurred while establishing a connection to SQL Server. The server was not found or was not accessible. Verify that the instance name is correct and that SQL Server is configured to allow remote connections. (provider: Named Pipes Provider, error: 40 - Could not open a connection to SQL Server) ---> System.ComponentModel.Win32Exception (0x80004005): The system cannot find the file specified
   at WebService2Test.Helpers.DBHelper..ctor() in c:\Users\myolalan\Desktop\Personal\METU\Project\SourceCode\WSSAT\WebService2Test\Helpers\DBHelper.cs:line 34
   at WebService2Test.Sqli.SQLInjectMe1(String id, Int32 x) in c:\Users\myolalan\Desktop\Personal\METU\Project\SourceCode\WSSAT\WebService2Test\Sqli.asmx.cs:line 30
ClientConnectionId:00000000-0000-0000-0000-000000000000
Error Number:2,State:0,Class:20
13.02.2016 01:53:50 ==>    Testing: XPATH Injection
13.02.2016 01:53:50 ==>    Parameter Count: 2
13.02.2016 01:53:50 ==>    x - int:0
13.02.2016 01:53:50 ==>    StatusCode: 200
13.02.2016 01:53:50 ==>    Result: System.Data.SqlClient.SqlException (0x80131904): A network-related or instance-specific error occurred while establishing a connection to SQL Server. The server was not found or was not accessible. Verify that the instance name is correct and that SQL Server is configured to allow remote connections. (provider: Named Pipes Provider, error: 40 - Could not open a connection to SQL Server) ---> System.ComponentModel.Win32Exception (0x80004005): The system cannot find the file specified
   at WebService2Test.Helpers.DBHelper..ctor() in c:\Users\myolalan\Desktop\Personal\METU\Project\SourceCode\WSSAT\WebService2Test\Helpers\DBHelper.cs:line 34
   at WebService2Test.Sqli.SQLInjectMe1(String id, Int32 x) in c:\Users\myolalan\Desktop\Personal\METU\Project\SourceCode\WSSAT\WebService2Test\Sqli.asmx.cs:line 30
ClientConnectionId:00000000-0000-0000-0000-000000000000
Error Number:2,State:0,Class:20
13.02.2016 01:53:50 ==>    x - int:0
13.02.2016 01:53:51 ==>    StatusCode: 200
13.02.2016 01:53:51 ==>    Result: System.Data.SqlClient.SqlException (0x80131904): A network-related or instance-specific error occurred while establishing a connection to SQL Server. The server was not found or was not accessible. Verify that the instance name is correct and that SQL Server is configured to allow remote connections. (provider: Named Pipes Provider, error: 40 - Could not open a connection to SQL Server) ---> System.ComponentModel.Win32Exception (0x80004005): The system cannot find the file specified
   at WebService2Test.Helpers.DBHelper..ctor() in c:\Users\myolalan\Desktop\Personal\METU\Project\SourceCode\WSSAT\WebService2Test\Helpers\DBHelper.cs:line 34
   at WebService2Test.Sqli.SQLInjectMe1(String id, Int32 x) in c:\Users\myolalan\Desktop\Personal\METU\Project\SourceCode\WSSAT\WebService2Test\Sqli.asmx.cs:line 30
ClientConnectionId:00000000-0000-0000-0000-000000000000
Error Number:2,State:0,Class:20
13.02.2016 01:53:51 ==>    x - int:0
13.02.2016 01:53:51 ==>    StatusCode: 200
13.02.2016 01:53:51 ==>    Result: System.Data.SqlClient.SqlException (0x80131904): A network-related or instance-specific error occurred while establishing a connection to SQL Server. The server was not found or was not accessible. Verify that the instance name is correct and that SQL Server is configured to allow remote connections. (provider: Named Pipes Provider, error: 40 - Could not open a connection to SQL Server) ---> System.ComponentModel.Win32Exception (0x80004005): The system cannot find the file specified
   at WebService2Test.Helpers.DBHelper..ctor() in c:\Users\myolalan\Desktop\Personal\METU\Project\SourceCode\WSSAT\WebService2Test\Helpers\DBHelper.cs:line 34
   at WebService2Test.Sqli.SQLInjectMe1(String id, Int32 x) in c:\Users\myolalan\Desktop\Personal\METU\Project\SourceCode\WSSAT\WebService2Test\Sqli.asmx.cs:line 30
ClientConnectionId:00000000-0000-0000-0000-000000000000
Error Number:2,State:0,Class:20
13.02.2016 01:53:51 ==>    x - int:0
13.02.2016 01:53:52 ==>    StatusCode: 200
13.02.2016 01:53:52 ==>    Result: System.Data.SqlClient.SqlException (0x80131904): A network-related or instance-specific error occurred while establishing a connection to SQL Server. The server was not found or was not accessible. Verify that the instance name is correct and that SQL Server is configured to allow remote connections. (provider: Named Pipes Provider, error: 40 - Could not open a connection to SQL Server) ---> System.ComponentModel.Win32Exception (0x80004005): The system cannot find the file specified
   at WebService2Test.Helpers.DBHelper..ctor() in c:\Users\myolalan\Desktop\Personal\METU\Project\SourceCode\WSSAT\WebService2Test\Helpers\DBHelper.cs:line 34
   at WebService2Test.Sqli.SQLInjectMe1(String id, Int32 x) in c:\Users\myolalan\Desktop\Personal\METU\Project\SourceCode\WSSAT\WebService2Test\Sqli.asmx.cs:line 30
ClientConnectionId:00000000-0000-0000-0000-000000000000
Error Number:2,State:0,Class:20
13.02.2016 01:53:52 ==>    id - string:A
13.02.2016 01:53:52 ==>    StatusCode: 200
13.02.2016 01:53:52 ==>    Result: System.Data.SqlClient.SqlException (0x80131904): A network-related or instance-specific error occurred while establishing a connection to SQL Server. The server was not found or was not accessible. Verify that the instance name is correct and that SQL Server is configured to allow remote connections. (provider: Named Pipes Provider, error: 40 - Could not open a connection to SQL Server) ---> System.ComponentModel.Win32Exception (0x80004005): The system cannot find the file specified
   at WebService2Test.Helpers.DBHelper..ctor() in c:\Users\myolalan\Desktop\Personal\METU\Project\SourceCode\WSSAT\WebService2Test\Helpers\DBHelper.cs:line 34
   at WebService2Test.Sqli.SQLInjectMe1(String id, Int32 x) in c:\Users\myolalan\Desktop\Personal\METU\Project\SourceCode\WSSAT\WebService2Test\Sqli.asmx.cs:line 30
ClientConnectionId:00000000-0000-0000-0000-000000000000
Error Number:2,State:0,Class:20
13.02.2016 01:53:52 ==>    id - string:A
13.02.2016 01:53:53 ==>    StatusCode: 200
13.02.2016 01:53:53 ==>    Result: System.Data.SqlClient.SqlException (0x80131904): A network-related or instance-specific error occurred while establishing a connection to SQL Server. The server was not found or was not accessible. Verify that the instance name is correct and that SQL Server is configured to allow remote connections. (provider: Named Pipes Provider, error: 40 - Could not open a connection to SQL Server) ---> System.ComponentModel.Win32Exception (0x80004005): The system cannot find the file specified
   at WebService2Test.Helpers.DBHelper..ctor() in c:\Users\myolalan\Desktop\Personal\METU\Project\SourceCode\WSSAT\WebService2Test\Helpers\DBHelper.cs:line 34
   at WebService2Test.Sqli.SQLInjectMe1(String id, Int32 x) in c:\Users\myolalan\Desktop\Personal\METU\Project\SourceCode\WSSAT\WebService2Test\Sqli.asmx.cs:line 30
ClientConnectionId:00000000-0000-0000-0000-000000000000
Error Number:2,State:0,Class:20
13.02.2016 01:53:53 ==>    id - string:A
13.02.2016 01:53:53 ==>    StatusCode: 200
13.02.2016 01:53:53 ==>    Result: System.Data.SqlClient.SqlException (0x80131904): A network-related or instance-specific error occurred while establishing a connection to SQL Server. The server was not found or was not accessible. Verify that the instance name is correct and that SQL Server is configured to allow remote connections. (provider: Named Pipes Provider, error: 40 - Could not open a connection to SQL Server) ---> System.ComponentModel.Win32Exception (0x80004005): The system cannot find the file specified
   at WebService2Test.Helpers.DBHelper..ctor() in c:\Users\myolalan\Desktop\Personal\METU\Project\SourceCode\WSSAT\WebService2Test\Helpers\DBHelper.cs:line 34
   at WebService2Test.Sqli.SQLInjectMe1(String id, Int32 x) in c:\Users\myolalan\Desktop\Personal\METU\Project\SourceCode\WSSAT\WebService2Test\Sqli.asmx.cs:line 30
ClientConnectionId:00000000-0000-0000-0000-000000000000
Error Number:2,State:0,Class:20
13.02.2016 01:53:53 ==>    id - string:A
13.02.2016 01:53:53 ==>    StatusCode: 200
13.02.2016 01:53:53 ==>    Result: System.Data.SqlClient.SqlException (0x80131904): A network-related or instance-specific error occurred while establishing a connection to SQL Server. The server was not found or was not accessible. Verify that the instance name is correct and that SQL Server is configured to allow remote connections. (provider: Named Pipes Provider, error: 40 - Could not open a connection to SQL Server) ---> System.ComponentModel.Win32Exception (0x80004005): The system cannot find the file specified
   at WebService2Test.Helpers.DBHelper..ctor() in c:\Users\myolalan\Desktop\Personal\METU\Project\SourceCode\WSSAT\WebService2Test\Helpers\DBHelper.cs:line 34
   at WebService2Test.Sqli.SQLInjectMe1(String id, Int32 x) in c:\Users\myolalan\Desktop\Personal\METU\Project\SourceCode\WSSAT\WebService2Test\Sqli.asmx.cs:line 30
ClientConnectionId:00000000-0000-0000-0000-000000000000
Error Number:2,State:0,Class:20
13.02.2016 01:53:54 ==> WSDL Address: http://www.wstest.com/WeakXMLTest.asmx?WSDL
13.02.2016 01:53:54 ==> Parsing WSDL...
13.02.2016 01:53:54 ==> Static Analysis Started
13.02.2016 01:53:54 ==>    Testing: Weak XML Schema: Unbounded Occurrences
13.02.2016 01:53:54 ==>    Weak XML Schema: Unbounded Occurrences Vulnerability Found: <s:element minOccurs="0" maxOccurs="unbounded" name="CompType" nillable="true" type="tns:CompType" xmlns:s="http://www.w3.org/2001/XMLSchema" />
<s:element minOccurs="0" maxOccurs="unbounded" name="int" type="s:int" xmlns:s="http://www.w3.org/2001/XMLSchema" />
<s:element minOccurs="0" maxOccurs="unbounded" name="string" nillable="true" type="s:string" xmlns:s="http://www.w3.org/2001/XMLSchema" />
<s:element minOccurs="0" maxOccurs="unbounded" name="Book" xmlns:s="http://www.w3.org/2001/XMLSchema">
  <s:complexType>
    <s:sequence>
      <s:element minOccurs="0" maxOccurs="1" name="Title" type="s:string" />
      <s:element minOccurs="0" maxOccurs="1" name="Author" type="s:string" />
      <s:element minOccurs="0" maxOccurs="1" name="PublishDate" type="s:string" />
    </s:sequence>
  </s:complexType>
</s:element>

13.02.2016 01:53:54 ==>    Testing: Weak XML Schema: Undefined Namespace
13.02.2016 01:53:54 ==>    Testing: Weak WS-SecurityPolicy: Insecure Transport
13.02.2016 01:53:54 ==>    Testing: Weak WS-SecurityPolicy: Insufficient Supporting Token Protection
13.02.2016 01:53:54 ==>    Testing: Weak WS-SecurityPolicy: Tokens Not Protected
13.02.2016 01:53:54 ==> Static Analysis Finished
13.02.2016 01:53:54 ==> Getting Methods...
13.02.2016 01:53:54 ==>  Vulnerability Found - SSL Not Used, Uri Schema is http
13.02.2016 01:53:54 ==> Method: MethodComplexType
13.02.2016 01:53:54 ==>    Testing: Unauthenticated Service Method
13.02.2016 01:53:54 ==>    Parameter Count: 3
13.02.2016 01:53:54 ==>    types - ArrayOfCompType:A
13.02.2016 01:53:54 ==>    tmp - ArrayOfString:A
13.02.2016 01:53:54 ==>     - :A
13.02.2016 01:53:54 ==>    Auth Vulnerability Found:  - status code is : 400
13.02.2016 01:53:54 ==>    Testing: Error Based SQL Injection
13.02.2016 01:53:54 ==>    Parameter Count: 3
13.02.2016 01:53:54 ==>    tmp - ArrayOfString:A
13.02.2016 01:53:54 ==>     - :A
13.02.2016 01:53:55 ==>    StatusCode: 400
13.02.2016 01:53:55 ==>    Result: 
13.02.2016 01:53:55 ==>    tmp - ArrayOfString:A
13.02.2016 01:53:55 ==>     - :A
13.02.2016 01:53:55 ==>    StatusCode: 400
13.02.2016 01:53:55 ==>    Result: 
13.02.2016 01:53:55 ==>    tmp - ArrayOfString:A
13.02.2016 01:53:55 ==>     - :A
13.02.2016 01:53:55 ==>    StatusCode: 400
13.02.2016 01:53:55 ==>    Result: 
13.02.2016 01:53:55 ==>    tmp - ArrayOfString:A
13.02.2016 01:53:55 ==>     - :A
13.02.2016 01:53:56 ==>    StatusCode: 400
13.02.2016 01:53:56 ==>    Result: 
13.02.2016 01:53:56 ==>    tmp - ArrayOfString:A
13.02.2016 01:53:56 ==>     - :A
13.02.2016 01:53:56 ==>    StatusCode: 400
13.02.2016 01:53:56 ==>    Result: 
13.02.2016 01:53:56 ==>    tmp - ArrayOfString:A
13.02.2016 01:53:56 ==>     - :A
13.02.2016 01:53:57 ==>    StatusCode: 400
13.02.2016 01:53:57 ==>    Result: 
13.02.2016 01:53:57 ==>    tmp - ArrayOfString:A
13.02.2016 01:53:57 ==>     - :A
13.02.2016 01:53:57 ==>    StatusCode: 400
13.02.2016 01:53:57 ==>    Result: 
13.02.2016 01:53:57 ==>    tmp - ArrayOfString:A
13.02.2016 01:53:57 ==>     - :A
13.02.2016 01:53:58 ==>    StatusCode: 400
13.02.2016 01:53:58 ==>    Result: 
13.02.2016 01:53:58 ==>    tmp - ArrayOfString:A
13.02.2016 01:53:58 ==>     - :A
13.02.2016 01:53:58 ==>    StatusCode: 400
13.02.2016 01:53:58 ==>    Result: 
13.02.2016 01:53:58 ==>    tmp - ArrayOfString:A
13.02.2016 01:53:58 ==>     - :A
13.02.2016 01:53:59 ==>    StatusCode: 400
13.02.2016 01:53:59 ==>    Result: 
13.02.2016 01:53:59 ==>    tmp - ArrayOfString:A
13.02.2016 01:53:59 ==>     - :A
13.02.2016 01:53:59 ==>    StatusCode: 400
13.02.2016 01:53:59 ==>    Result: 
13.02.2016 01:53:59 ==>    tmp - ArrayOfString:A
13.02.2016 01:53:59 ==>     - :A
13.02.2016 01:53:59 ==>    StatusCode: 400
13.02.2016 01:53:59 ==>    Result: 
13.02.2016 01:53:59 ==>    tmp - ArrayOfString:A
13.02.2016 01:53:59 ==>     - :A
13.02.2016 01:54:00 ==>    StatusCode: 400
13.02.2016 01:54:00 ==>    Result: 
13.02.2016 01:54:00 ==>    tmp - ArrayOfString:A
13.02.2016 01:54:00 ==>     - :A
13.02.2016 01:54:00 ==>    StatusCode: 400
13.02.2016 01:54:00 ==>    Result: 
13.02.2016 01:54:00 ==>    tmp - ArrayOfString:A
13.02.2016 01:54:00 ==>     - :A
13.02.2016 01:54:01 ==>    StatusCode: 400
13.02.2016 01:54:01 ==>    Result: 
13.02.2016 01:54:01 ==>    tmp - ArrayOfString:A
13.02.2016 01:54:01 ==>     - :A
13.02.2016 01:54:01 ==>    StatusCode: 400
13.02.2016 01:54:01 ==>    Result: 
13.02.2016 01:54:01 ==>    tmp - ArrayOfString:A
13.02.2016 01:54:01 ==>     - :A
13.02.2016 01:54:02 ==>    StatusCode: 400
13.02.2016 01:54:02 ==>    Result: 
13.02.2016 01:54:02 ==>    tmp - ArrayOfString:A
13.02.2016 01:54:02 ==>     - :A
13.02.2016 01:54:02 ==>    StatusCode: 400
13.02.2016 01:54:02 ==>    Result: 
13.02.2016 01:54:02 ==>    tmp - ArrayOfString:A
13.02.2016 01:54:02 ==>     - :A
13.02.2016 01:54:03 ==>    StatusCode: 400
13.02.2016 01:54:03 ==>    Result: 
13.02.2016 01:54:03 ==>    tmp - ArrayOfString:A
13.02.2016 01:54:03 ==>     - :A
13.02.2016 01:54:03 ==>    StatusCode: 400
13.02.2016 01:54:03 ==>    Result: 
13.02.2016 01:54:03 ==>    tmp - ArrayOfString:A
13.02.2016 01:54:03 ==>     - :A
13.02.2016 01:54:03 ==>    StatusCode: 400
13.02.2016 01:54:04 ==>    Result: 
13.02.2016 01:54:04 ==>    tmp - ArrayOfString:A
13.02.2016 01:54:04 ==>     - :A
13.02.2016 01:54:04 ==>    StatusCode: 400
13.02.2016 01:54:04 ==>    Result: 
13.02.2016 01:54:04 ==>    tmp - ArrayOfString:A
13.02.2016 01:54:04 ==>     - :A
13.02.2016 01:54:04 ==>    StatusCode: 400
13.02.2016 01:54:04 ==>    Result: 
13.02.2016 01:54:04 ==>    types - ArrayOfCompType:A
13.02.2016 01:54:04 ==>     - :A
13.02.2016 01:54:05 ==>    StatusCode: 400
13.02.2016 01:54:05 ==>    Result: 
13.02.2016 01:54:05 ==>    types - ArrayOfCompType:A
13.02.2016 01:54:05 ==>     - :A
13.02.2016 01:54:05 ==>    StatusCode: 400
13.02.2016 01:54:05 ==>    Result: 
13.02.2016 01:54:05 ==>    types - ArrayOfCompType:A
13.02.2016 01:54:05 ==>     - :A
13.02.2016 01:54:06 ==>    StatusCode: 400
13.02.2016 01:54:06 ==>    Result: 
13.02.2016 01:54:06 ==>    types - ArrayOfCompType:A
13.02.2016 01:54:06 ==>     - :A
13.02.2016 01:54:06 ==>    StatusCode: 400
13.02.2016 01:54:06 ==>    Result: 
13.02.2016 01:54:06 ==>    types - ArrayOfCompType:A
13.02.2016 01:54:06 ==>     - :A
13.02.2016 01:54:07 ==>    StatusCode: 400
13.02.2016 01:54:07 ==>    Result: 
13.02.2016 01:54:07 ==>    types - ArrayOfCompType:A
13.02.2016 01:54:07 ==>     - :A
13.02.2016 01:54:07 ==>    StatusCode: 400
13.02.2016 01:54:07 ==>    Result: 
13.02.2016 01:54:07 ==>    types - ArrayOfCompType:A
13.02.2016 01:54:07 ==>     - :A
13.02.2016 01:54:07 ==>    StatusCode: 400
13.02.2016 01:54:07 ==>    Result: 
13.02.2016 01:54:07 ==>    types - ArrayOfCompType:A
13.02.2016 01:54:08 ==>     - :A
13.02.2016 01:54:08 ==>    StatusCode: 400
13.02.2016 01:54:08 ==>    Result: 
13.02.2016 01:54:08 ==>    types - ArrayOfCompType:A
13.02.2016 01:54:08 ==>     - :A
13.02.2016 01:54:08 ==>    StatusCode: 400
13.02.2016 01:54:08 ==>    Result: 
13.02.2016 01:54:08 ==>    types - ArrayOfCompType:A
13.02.2016 01:54:08 ==>     - :A
13.02.2016 01:54:09 ==>    StatusCode: 400
13.02.2016 01:54:09 ==>    Result: 
13.02.2016 01:54:09 ==>    types - ArrayOfCompType:A
13.02.2016 01:54:09 ==>     - :A
13.02.2016 01:54:09 ==>    StatusCode: 400
13.02.2016 01:54:09 ==>    Result: 
13.02.2016 01:54:09 ==>    types - ArrayOfCompType:A
13.02.2016 01:54:09 ==>     - :A
13.02.2016 01:54:10 ==>    StatusCode: 400
13.02.2016 01:54:10 ==>    Result: 
13.02.2016 01:54:10 ==>    types - ArrayOfCompType:A
13.02.2016 01:54:10 ==>     - :A
13.02.2016 01:54:10 ==>    StatusCode: 400
13.02.2016 01:54:10 ==>    Result: 
13.02.2016 01:54:10 ==>    types - ArrayOfCompType:A
13.02.2016 01:54:10 ==>     - :A
13.02.2016 01:54:11 ==>    StatusCode: 400
13.02.2016 01:54:11 ==>    Result: 
13.02.2016 01:54:11 ==>    types - ArrayOfCompType:A
13.02.2016 01:54:11 ==>     - :A
13.02.2016 01:54:11 ==>    StatusCode: 400
13.02.2016 01:54:11 ==>    Result: 
13.02.2016 01:54:11 ==>    types - ArrayOfCompType:A
13.02.2016 01:54:11 ==>     - :A
13.02.2016 01:54:11 ==>    StatusCode: 400
13.02.2016 01:54:12 ==>    Result: 
13.02.2016 01:54:12 ==>    types - ArrayOfCompType:A
13.02.2016 01:54:12 ==>     - :A
13.02.2016 01:54:12 ==>    StatusCode: 400
13.02.2016 01:54:12 ==>    Result: 
13.02.2016 01:54:12 ==>    types - ArrayOfCompType:A
13.02.2016 01:54:12 ==>     - :A
13.02.2016 01:54:12 ==>    StatusCode: 400
13.02.2016 01:54:12 ==>    Result: 
13.02.2016 01:54:12 ==>    types - ArrayOfCompType:A
13.02.2016 01:54:12 ==>     - :A
13.02.2016 01:54:13 ==>    StatusCode: 400
13.02.2016 01:54:13 ==>    Result: 
13.02.2016 01:54:13 ==>    types - ArrayOfCompType:A
13.02.2016 01:54:13 ==>     - :A
13.02.2016 01:54:13 ==>    StatusCode: 400
13.02.2016 01:54:13 ==>    Result: 
13.02.2016 01:54:13 ==>    types - ArrayOfCompType:A
13.02.2016 01:54:13 ==>     - :A
13.02.2016 01:54:14 ==>    StatusCode: 400
13.02.2016 01:54:14 ==>    Result: 
13.02.2016 01:54:14 ==>    types - ArrayOfCompType:A
13.02.2016 01:54:14 ==>     - :A
13.02.2016 01:54:14 ==>    StatusCode: 400
13.02.2016 01:54:14 ==>    Result: 
13.02.2016 01:54:14 ==>    types - ArrayOfCompType:A
13.02.2016 01:54:14 ==>     - :A
13.02.2016 01:54:15 ==>    StatusCode: 400
13.02.2016 01:54:15 ==>    Result: 
13.02.2016 01:54:15 ==>    types - ArrayOfCompType:A
13.02.2016 01:54:15 ==>    tmp - ArrayOfString:A
13.02.2016 01:54:15 ==>    StatusCode: 400
13.02.2016 01:54:15 ==>    Result: 
13.02.2016 01:54:15 ==>    types - ArrayOfCompType:A
13.02.2016 01:54:15 ==>    tmp - ArrayOfString:A
13.02.2016 01:54:16 ==>    StatusCode: 400
13.02.2016 01:54:16 ==>    Result: 
13.02.2016 01:54:16 ==>    types - ArrayOfCompType:A
13.02.2016 01:54:16 ==>    tmp - ArrayOfString:A
13.02.2016 01:54:16 ==>    StatusCode: 400
13.02.2016 01:54:16 ==>    Result: 
13.02.2016 01:54:16 ==>    types - ArrayOfCompType:A
13.02.2016 01:54:16 ==>    tmp - ArrayOfString:A
13.02.2016 01:54:16 ==>    StatusCode: 400
13.02.2016 01:54:16 ==>    Result: 
13.02.2016 01:54:16 ==>    types - ArrayOfCompType:A
13.02.2016 01:54:16 ==>    tmp - ArrayOfString:A
13.02.2016 01:54:17 ==>    StatusCode: 400
13.02.2016 01:54:17 ==>    Result: 
13.02.2016 01:54:17 ==>    types - ArrayOfCompType:A
13.02.2016 01:54:17 ==>    tmp - ArrayOfString:A
13.02.2016 01:54:17 ==>    StatusCode: 400
13.02.2016 01:54:17 ==>    Result: 
13.02.2016 01:54:17 ==>    types - ArrayOfCompType:A
13.02.2016 01:54:17 ==>    tmp - ArrayOfString:A
13.02.2016 01:54:18 ==>    StatusCode: 400
13.02.2016 01:54:18 ==>    Result: 
13.02.2016 01:54:18 ==>    types - ArrayOfCompType:A
13.02.2016 01:54:18 ==>    tmp - ArrayOfString:A
13.02.2016 01:54:18 ==>    StatusCode: 400
13.02.2016 01:54:18 ==>    Result: 
13.02.2016 01:54:18 ==>    types - ArrayOfCompType:A
13.02.2016 01:54:18 ==>    tmp - ArrayOfString:A
13.02.2016 01:54:19 ==>    StatusCode: 400
13.02.2016 01:54:19 ==>    Result: 
13.02.2016 01:54:19 ==>    types - ArrayOfCompType:A
13.02.2016 01:54:19 ==>    tmp - ArrayOfString:A
13.02.2016 01:54:19 ==>    StatusCode: 400
13.02.2016 01:54:19 ==>    Result: 
13.02.2016 01:54:19 ==>    types - ArrayOfCompType:A
13.02.2016 01:54:19 ==>    tmp - ArrayOfString:A
13.02.2016 01:54:20 ==>    StatusCode: 400
13.02.2016 01:54:20 ==>    Result: 
13.02.2016 01:54:20 ==>    types - ArrayOfCompType:A
13.02.2016 01:54:20 ==>    tmp - ArrayOfString:A
13.02.2016 01:54:20 ==>    StatusCode: 400
13.02.2016 01:54:20 ==>    Result: 
13.02.2016 01:54:20 ==>    types - ArrayOfCompType:A
13.02.2016 01:54:20 ==>    tmp - ArrayOfString:A
13.02.2016 01:54:20 ==>    StatusCode: 400
13.02.2016 01:54:20 ==>    Result: 
13.02.2016 01:54:20 ==>    types - ArrayOfCompType:A
13.02.2016 01:54:20 ==>    tmp - ArrayOfString:A
13.02.2016 01:54:21 ==>    StatusCode: 400
13.02.2016 01:54:21 ==>    Result: 
13.02.2016 01:54:21 ==>    types - ArrayOfCompType:A
13.02.2016 01:54:21 ==>    tmp - ArrayOfString:A
13.02.2016 01:54:21 ==>    StatusCode: 400
13.02.2016 01:54:21 ==>    Result: 
13.02.2016 01:54:21 ==>    types - ArrayOfCompType:A
13.02.2016 01:54:21 ==>    tmp - ArrayOfString:A
13.02.2016 01:54:22 ==>    StatusCode: 400
13.02.2016 01:54:22 ==>    Result: 
13.02.2016 01:54:22 ==>    types - ArrayOfCompType:A
13.02.2016 01:54:22 ==>    tmp - ArrayOfString:A
13.02.2016 01:54:22 ==>    StatusCode: 400
13.02.2016 01:54:22 ==>    Result: 
13.02.2016 01:54:22 ==>    types - ArrayOfCompType:A
13.02.2016 01:54:22 ==>    tmp - ArrayOfString:A
13.02.2016 01:54:23 ==>    StatusCode: 400
13.02.2016 01:54:23 ==>    Result: 
13.02.2016 01:54:23 ==>    types - ArrayOfCompType:A
13.02.2016 01:54:23 ==>    tmp - ArrayOfString:A
13.02.2016 01:54:23 ==>    StatusCode: 400
13.02.2016 01:54:23 ==>    Result: 
13.02.2016 01:54:23 ==>    types - ArrayOfCompType:A
13.02.2016 01:54:23 ==>    tmp - ArrayOfString:A
13.02.2016 01:54:24 ==>    StatusCode: 400
13.02.2016 01:54:24 ==>    Result: 
13.02.2016 01:54:24 ==>    types - ArrayOfCompType:A
13.02.2016 01:54:24 ==>    tmp - ArrayOfString:A
13.02.2016 01:54:24 ==>    StatusCode: 400
13.02.2016 01:54:24 ==>    Result: 
13.02.2016 01:54:24 ==>    types - ArrayOfCompType:A
13.02.2016 01:54:24 ==>    tmp - ArrayOfString:A
13.02.2016 01:54:24 ==>    StatusCode: 400
13.02.2016 01:54:24 ==>    Result: 
13.02.2016 01:54:24 ==>    types - ArrayOfCompType:A
13.02.2016 01:54:24 ==>    tmp - ArrayOfString:A
13.02.2016 01:54:25 ==>    StatusCode: 400
13.02.2016 01:54:25 ==>    Result: 
13.02.2016 01:54:25 ==>    Testing: Cross Site Scripting
13.02.2016 01:54:25 ==>    Parameter Count: 3
13.02.2016 01:54:25 ==>    tmp - ArrayOfString:A
13.02.2016 01:54:25 ==>     - :A
13.02.2016 01:54:25 ==>    StatusCode: 400
13.02.2016 01:54:25 ==>    Result: 
13.02.2016 01:54:25 ==>    tmp - ArrayOfString:A
13.02.2016 01:54:25 ==>     - :A
13.02.2016 01:54:26 ==>    StatusCode: 400
13.02.2016 01:54:26 ==>    Result: 
13.02.2016 01:54:26 ==>    tmp - ArrayOfString:A
13.02.2016 01:54:26 ==>     - :A
13.02.2016 01:54:26 ==>    StatusCode: 400
13.02.2016 01:54:26 ==>    Result: 
13.02.2016 01:54:26 ==>    types - ArrayOfCompType:A
13.02.2016 01:54:26 ==>     - :A
13.02.2016 01:54:27 ==>    StatusCode: 400
13.02.2016 01:54:27 ==>    Result: 
13.02.2016 01:54:27 ==>    types - ArrayOfCompType:A
13.02.2016 01:54:27 ==>     - :A
13.02.2016 01:54:27 ==>    StatusCode: 400
13.02.2016 01:54:27 ==>    Result: 
13.02.2016 01:54:27 ==>    types - ArrayOfCompType:A
13.02.2016 01:54:27 ==>     - :A
13.02.2016 01:54:28 ==>    StatusCode: 400
13.02.2016 01:54:28 ==>    Result: 
13.02.2016 01:54:28 ==>    types - ArrayOfCompType:A
13.02.2016 01:54:28 ==>    tmp - ArrayOfString:A
13.02.2016 01:54:28 ==>    StatusCode: 400
13.02.2016 01:54:28 ==>    Result: 
13.02.2016 01:54:28 ==>    types - ArrayOfCompType:A
13.02.2016 01:54:28 ==>    tmp - ArrayOfString:A
13.02.2016 01:54:29 ==>    StatusCode: 400
13.02.2016 01:54:29 ==>    Result: 
13.02.2016 01:54:29 ==>    types - ArrayOfCompType:A
13.02.2016 01:54:29 ==>    tmp - ArrayOfString:A
13.02.2016 01:54:29 ==>    StatusCode: 400
13.02.2016 01:54:29 ==>    Result: 
13.02.2016 01:54:29 ==>    Testing: XML Bomb
13.02.2016 01:54:29 ==>    Parameter Count: 3
13.02.2016 01:54:29 ==>    tmp - ArrayOfString:A
13.02.2016 01:54:29 ==>     - :A
13.02.2016 01:54:29 ==>    StatusCode: 400
13.02.2016 01:54:29 ==>    Result: 
13.02.2016 01:54:29 ==>    tmp - ArrayOfString:A
13.02.2016 01:54:29 ==>     - :A
13.02.2016 01:54:30 ==>    StatusCode: 400
13.02.2016 01:54:30 ==>    Result: 
13.02.2016 01:54:30 ==>    types - ArrayOfCompType:A
13.02.2016 01:54:30 ==>     - :A
13.02.2016 01:54:30 ==>    StatusCode: 400
13.02.2016 01:54:30 ==>    Result: 
13.02.2016 01:54:30 ==>    types - ArrayOfCompType:A
13.02.2016 01:54:30 ==>     - :A
13.02.2016 01:54:31 ==>    StatusCode: 400
13.02.2016 01:54:31 ==>    Result: 
13.02.2016 01:54:31 ==>    types - ArrayOfCompType:A
13.02.2016 01:54:31 ==>    tmp - ArrayOfString:A
13.02.2016 01:54:31 ==>    StatusCode: 400
13.02.2016 01:54:31 ==>    Result: 
13.02.2016 01:54:31 ==>    types - ArrayOfCompType:A
13.02.2016 01:54:31 ==>    tmp - ArrayOfString:A
13.02.2016 01:54:32 ==>    StatusCode: 400
13.02.2016 01:54:32 ==>    Result: 
13.02.2016 01:54:32 ==>    Testing: External Entity Attack - XXE
13.02.2016 01:54:32 ==>    Parameter Count: 3
13.02.2016 01:54:32 ==>    tmp - ArrayOfString:A
13.02.2016 01:54:32 ==>     - :A
13.02.2016 01:54:32 ==>    StatusCode: 400
13.02.2016 01:54:32 ==>    Result: 
13.02.2016 01:54:32 ==>    tmp - ArrayOfString:A
13.02.2016 01:54:32 ==>     - :A
13.02.2016 01:54:33 ==>    StatusCode: 400
13.02.2016 01:54:33 ==>    Result: 
13.02.2016 01:54:33 ==>    tmp - ArrayOfString:A
13.02.2016 01:54:33 ==>     - :A
13.02.2016 01:54:33 ==>    StatusCode: 400
13.02.2016 01:54:33 ==>    Result: 
13.02.2016 01:54:33 ==>    tmp - ArrayOfString:A
13.02.2016 01:54:33 ==>     - :A
13.02.2016 01:54:33 ==>    StatusCode: 400
13.02.2016 01:54:34 ==>    Result: 
13.02.2016 01:54:34 ==>    tmp - ArrayOfString:A
13.02.2016 01:54:34 ==>     - :A
13.02.2016 01:54:34 ==>    StatusCode: 400
13.02.2016 01:54:34 ==>    Result: 
13.02.2016 01:54:34 ==>    types - ArrayOfCompType:A
13.02.2016 01:54:34 ==>     - :A
13.02.2016 01:54:34 ==>    StatusCode: 400
13.02.2016 01:54:34 ==>    Result: 
13.02.2016 01:54:34 ==>    types - ArrayOfCompType:A
13.02.2016 01:54:34 ==>     - :A
13.02.2016 01:54:35 ==>    StatusCode: 400
13.02.2016 01:54:35 ==>    Result: 
13.02.2016 01:54:35 ==>    types - ArrayOfCompType:A
13.02.2016 01:54:35 ==>     - :A
13.02.2016 01:54:35 ==>    StatusCode: 400
13.02.2016 01:54:35 ==>    Result: 
13.02.2016 01:54:35 ==>    types - ArrayOfCompType:A
13.02.2016 01:54:35 ==>     - :A
13.02.2016 01:54:36 ==>    StatusCode: 400
13.02.2016 01:54:36 ==>    Result: 
13.02.2016 01:54:36 ==>    types - ArrayOfCompType:A
13.02.2016 01:54:36 ==>     - :A
13.02.2016 01:54:36 ==>    StatusCode: 400
13.02.2016 01:54:36 ==>    Result: 
13.02.2016 01:54:36 ==>    types - ArrayOfCompType:A
13.02.2016 01:54:36 ==>    tmp - ArrayOfString:A
13.02.2016 01:54:37 ==>    StatusCode: 400
13.02.2016 01:54:37 ==>    Result: 
13.02.2016 01:54:37 ==>    types - ArrayOfCompType:A
13.02.2016 01:54:37 ==>    tmp - ArrayOfString:A
13.02.2016 01:54:37 ==>    StatusCode: 400
13.02.2016 01:54:37 ==>    Result: 
13.02.2016 01:54:37 ==>    types - ArrayOfCompType:A
13.02.2016 01:54:37 ==>    tmp - ArrayOfString:A
13.02.2016 01:54:37 ==>    StatusCode: 400
13.02.2016 01:54:37 ==>    Result: 
13.02.2016 01:54:38 ==>    types - ArrayOfCompType:A
13.02.2016 01:54:38 ==>    tmp - ArrayOfString:A
13.02.2016 01:54:38 ==>    StatusCode: 400
13.02.2016 01:54:38 ==>    Result: 
13.02.2016 01:54:38 ==>    types - ArrayOfCompType:A
13.02.2016 01:54:38 ==>    tmp - ArrayOfString:A
13.02.2016 01:54:38 ==>    StatusCode: 400
13.02.2016 01:54:38 ==>    Result: 
13.02.2016 01:54:38 ==>    Testing: XPATH Injection
13.02.2016 01:54:38 ==>    Parameter Count: 3
13.02.2016 01:54:38 ==>    tmp - ArrayOfString:A
13.02.2016 01:54:38 ==>     - :A
13.02.2016 01:54:39 ==>    StatusCode: 400
13.02.2016 01:54:39 ==>    Result: 
13.02.2016 01:54:39 ==>    tmp - ArrayOfString:A
13.02.2016 01:54:39 ==>     - :A
13.02.2016 01:54:39 ==>    StatusCode: 400
13.02.2016 01:54:39 ==>    Result: 
13.02.2016 01:54:39 ==>    tmp - ArrayOfString:A
13.02.2016 01:54:39 ==>     - :A
13.02.2016 01:54:40 ==>    StatusCode: 400
13.02.2016 01:54:40 ==>    Result: 
13.02.2016 01:54:40 ==>    tmp - ArrayOfString:A
13.02.2016 01:54:40 ==>     - :A
13.02.2016 01:54:40 ==>    StatusCode: 400
13.02.2016 01:54:40 ==>    Result: 
13.02.2016 01:54:40 ==>    types - ArrayOfCompType:A
13.02.2016 01:54:40 ==>     - :A
13.02.2016 01:54:41 ==>    StatusCode: 400
13.02.2016 01:54:41 ==>    Result: 
13.02.2016 01:54:41 ==>    types - ArrayOfCompType:A
13.02.2016 01:54:41 ==>     - :A
13.02.2016 01:54:41 ==>    StatusCode: 400
13.02.2016 01:54:41 ==>    Result: 
13.02.2016 01:54:41 ==>    types - ArrayOfCompType:A
13.02.2016 01:54:41 ==>     - :A
13.02.2016 01:54:42 ==>    StatusCode: 400
13.02.2016 01:54:42 ==>    Result: 
13.02.2016 01:54:42 ==>    types - ArrayOfCompType:A
13.02.2016 01:54:42 ==>     - :A
13.02.2016 01:54:42 ==>    StatusCode: 400
13.02.2016 01:54:42 ==>    Result: 
13.02.2016 01:54:42 ==>    types - ArrayOfCompType:A
13.02.2016 01:54:42 ==>    tmp - ArrayOfString:A
13.02.2016 01:54:42 ==>    StatusCode: 400
13.02.2016 01:54:42 ==>    Result: 
13.02.2016 01:54:42 ==>    types - ArrayOfCompType:A
13.02.2016 01:54:42 ==>    tmp - ArrayOfString:A
13.02.2016 01:54:43 ==>    StatusCode: 400
13.02.2016 01:54:43 ==>    Result: 
13.02.2016 01:54:43 ==>    types - ArrayOfCompType:A
13.02.2016 01:54:43 ==>    tmp - ArrayOfString:A
13.02.2016 01:54:43 ==>    StatusCode: 400
13.02.2016 01:54:43 ==>    Result: 
13.02.2016 01:54:43 ==>    types - ArrayOfCompType:A
13.02.2016 01:54:43 ==>    tmp - ArrayOfString:A
13.02.2016 01:54:44 ==>    StatusCode: 400
13.02.2016 01:54:44 ==>    Result: 
13.02.2016 01:54:44 ==> Scan Finished: 13.02.2016 01:54:44
