16.02.2016 21:24:21 ==> Scan Started: 16.02.2016 21:24:21
16.02.2016 21:24:21 ==> WSDL Address: https://www.wstest.com/Sqli.asmx?WSDL
16.02.2016 21:24:21 ==> Parsing WSDL...
16.02.2016 21:24:22 ==> Static Analysis Started
16.02.2016 21:24:22 ==>    Testing: Weak XML Schema: Unbounded Occurrences
16.02.2016 21:24:22 ==>    Testing: Weak XML Schema: Undefined Namespace
16.02.2016 21:24:22 ==>    Testing: Weak WS-SecurityPolicy: Insecure Transport
16.02.2016 21:24:22 ==>    Testing: Weak WS-SecurityPolicy: Insufficient Supporting Token Protection
16.02.2016 21:24:22 ==>    Testing: Weak WS-SecurityPolicy: Tokens Not Protected
16.02.2016 21:24:22 ==> Static Analysis Finished
16.02.2016 21:24:22 ==> Getting Methods...
16.02.2016 21:24:22 ==>  Vulnerability Found - Could not establish trust relationship for the SSL/TLS secure channel.
16.02.2016 21:24:22 ==> Method: SQLInjectMe1
16.02.2016 21:24:22 ==>    Testing: Unauthenticated Service Method
16.02.2016 21:24:22 ==>    Parameter Count: 2
16.02.2016 21:24:22 ==>    id - string:A
16.02.2016 21:24:22 ==>    x - int:0
16.02.2016 21:24:22 ==>    Auth Vulnerability Found: System.Data.SqlClient.SqlException (0x80131904): Invalid column name 'A'.
   at WebService2Test.Helpers.DBHelper.getDataReader(String query) in d:\Projects\DotNet\CSharp\WSSAT\WebService2Test\Helpers\DBHelper.cs:line 54
   at WebService2Test.Sqli.SQLInjectMe1(String id, Int32 x) in d:\Projects\DotNet\CSharp\WSSAT\WebService2Test\Sqli.asmx.cs:line 31
ClientConnectionId:d252cf6c-8705-4093-b741-0d32e0eceef7
Error Number:207,State:1,Class:16 - status code is : 200
16.02.2016 21:24:22 ==>    Testing: Error Based SQL Injection
16.02.2016 21:24:22 ==>    Parameter Count: 2
16.02.2016 21:24:22 ==>    x - int:0
16.02.2016 21:24:22 ==>    StatusCode: 200
16.02.2016 21:24:22 ==>    Result: System.Data.SqlClient.SqlException (0x80131904): Unclosed quotation mark after the character string ''.
Incorrect syntax near ''.
   at WebService2Test.Helpers.DBHelper.getDataReader(String query) in d:\Projects\DotNet\CSharp\WSSAT\WebService2Test\Helpers\DBHelper.cs:line 54
   at WebService2Test.Sqli.SQLInjectMe1(String id, Int32 x) in d:\Projects\DotNet\CSharp\WSSAT\WebService2Test\Sqli.asmx.cs:line 31
ClientConnectionId:d252cf6c-8705-4093-b741-0d32e0eceef7
Error Number:105,State:1,Class:15
16.02.2016 21:24:22 ==>    Error Based SQL Injection Vulnerability Found: System.Data.SqlClient.SqlException (0x80131904): Unclosed quotation mark after the character string ''.
Incorrect syntax near ''.
   at WebService2Test.Helpers.DBHelper.getDataReader(String query) in d:\Projects\DotNet\CSharp\WSSAT\WebService2Test\Helpers\DBHelper.cs:line 54
   at WebService2Test.Sqli.SQLInjectMe1(String id, Int32 x) in d:\Projects\DotNet\CSharp\WSSAT\WebService2Test\Sqli.asmx.cs:line 31
ClientConnectionId:d252cf6c-8705-4093-b741-0d32e0eceef7
Error Number:105,State:1,Class:15 - Response Text Contains: System.Data.SqlClient.SqlException
16.02.2016 21:24:22 ==>    id - string:A
16.02.2016 21:24:22 ==>    StatusCode: 200
16.02.2016 21:24:22 ==>    Result: System.Data.SqlClient.SqlException (0x80131904): Unclosed quotation mark after the character string ''.
Incorrect syntax near ''.
   at WebService2Test.Helpers.DBHelper.getDataReader(String query) in d:\Projects\DotNet\CSharp\WSSAT\WebService2Test\Helpers\DBHelper.cs:line 54
   at WebService2Test.Sqli.SQLInjectMe1(String id, Int32 x) in d:\Projects\DotNet\CSharp\WSSAT\WebService2Test\Sqli.asmx.cs:line 31
ClientConnectionId:d252cf6c-8705-4093-b741-0d32e0eceef7
Error Number:105,State:1,Class:15
16.02.2016 21:24:22 ==>    Error Based SQL Injection Vulnerability Found: System.Data.SqlClient.SqlException (0x80131904): Unclosed quotation mark after the character string ''.
Incorrect syntax near ''.
   at WebService2Test.Helpers.DBHelper.getDataReader(String query) in d:\Projects\DotNet\CSharp\WSSAT\WebService2Test\Helpers\DBHelper.cs:line 54
   at WebService2Test.Sqli.SQLInjectMe1(String id, Int32 x) in d:\Projects\DotNet\CSharp\WSSAT\WebService2Test\Sqli.asmx.cs:line 31
ClientConnectionId:d252cf6c-8705-4093-b741-0d32e0eceef7
Error Number:105,State:1,Class:15 - Response Text Contains: System.Data.SqlClient.SqlException
16.02.2016 21:24:22 ==>    Testing: Cross Site Scripting
16.02.2016 21:24:22 ==>    Parameter Count: 2
16.02.2016 21:24:22 ==>    x - int:0
16.02.2016 21:24:22 ==>    StatusCode: 200
16.02.2016 21:24:22 ==>    Result: System.Data.SqlClient.SqlException (0x80131904): Incorrect syntax near '<'.
   at WebService2Test.Helpers.DBHelper.getDataReader(String query) in d:\Projects\DotNet\CSharp\WSSAT\WebService2Test\Helpers\DBHelper.cs:line 54
   at WebService2Test.Sqli.SQLInjectMe1(String id, Int32 x) in d:\Projects\DotNet\CSharp\WSSAT\WebService2Test\Sqli.asmx.cs:line 31
ClientConnectionId:d252cf6c-8705-4093-b741-0d32e0eceef7
Error Number:102,State:1,Class:15
16.02.2016 21:24:22 ==>    x - int:0
16.02.2016 21:24:22 ==>    StatusCode: 200
16.02.2016 21:24:22 ==>    Result: System.Data.SqlClient.SqlException (0x80131904): Incorrect syntax near '<'.
   at WebService2Test.Helpers.DBHelper.getDataReader(String query) in d:\Projects\DotNet\CSharp\WSSAT\WebService2Test\Helpers\DBHelper.cs:line 54
   at WebService2Test.Sqli.SQLInjectMe1(String id, Int32 x) in d:\Projects\DotNet\CSharp\WSSAT\WebService2Test\Sqli.asmx.cs:line 31
ClientConnectionId:d252cf6c-8705-4093-b741-0d32e0eceef7
Error Number:102,State:1,Class:15
16.02.2016 21:24:22 ==>    x - int:0
16.02.2016 21:24:22 ==>    StatusCode: 200
16.02.2016 21:24:22 ==>    Result: System.Data.SqlClient.SqlException (0x80131904): Incorrect syntax near '<'.
   at WebService2Test.Helpers.DBHelper.getDataReader(String query) in d:\Projects\DotNet\CSharp\WSSAT\WebService2Test\Helpers\DBHelper.cs:line 54
   at WebService2Test.Sqli.SQLInjectMe1(String id, Int32 x) in d:\Projects\DotNet\CSharp\WSSAT\WebService2Test\Sqli.asmx.cs:line 31
ClientConnectionId:d252cf6c-8705-4093-b741-0d32e0eceef7
Error Number:102,State:1,Class:15
16.02.2016 21:24:22 ==>    id - string:A
16.02.2016 21:24:22 ==>    StatusCode: 200
16.02.2016 21:24:22 ==>    Result: System.Data.SqlClient.SqlException (0x80131904): Incorrect syntax near '<'.
   at WebService2Test.Helpers.DBHelper.getDataReader(String query) in d:\Projects\DotNet\CSharp\WSSAT\WebService2Test\Helpers\DBHelper.cs:line 54
   at WebService2Test.Sqli.SQLInjectMe1(String id, Int32 x) in d:\Projects\DotNet\CSharp\WSSAT\WebService2Test\Sqli.asmx.cs:line 31
ClientConnectionId:d252cf6c-8705-4093-b741-0d32e0eceef7
Error Number:102,State:1,Class:15
16.02.2016 21:24:22 ==>    id - string:A
16.02.2016 21:24:22 ==>    StatusCode: 200
16.02.2016 21:24:22 ==>    Result: System.Data.SqlClient.SqlException (0x80131904): Incorrect syntax near '<'.
   at WebService2Test.Helpers.DBHelper.getDataReader(String query) in d:\Projects\DotNet\CSharp\WSSAT\WebService2Test\Helpers\DBHelper.cs:line 54
   at WebService2Test.Sqli.SQLInjectMe1(String id, Int32 x) in d:\Projects\DotNet\CSharp\WSSAT\WebService2Test\Sqli.asmx.cs:line 31
ClientConnectionId:d252cf6c-8705-4093-b741-0d32e0eceef7
Error Number:102,State:1,Class:15
16.02.2016 21:24:22 ==>    id - string:A
16.02.2016 21:24:22 ==>    StatusCode: 200
16.02.2016 21:24:22 ==>    Result: System.Data.SqlClient.SqlException (0x80131904): Incorrect syntax near '<'.
   at WebService2Test.Helpers.DBHelper.getDataReader(String query) in d:\Projects\DotNet\CSharp\WSSAT\WebService2Test\Helpers\DBHelper.cs:line 54
   at WebService2Test.Sqli.SQLInjectMe1(String id, Int32 x) in d:\Projects\DotNet\CSharp\WSSAT\WebService2Test\Sqli.asmx.cs:line 31
ClientConnectionId:d252cf6c-8705-4093-b741-0d32e0eceef7
Error Number:102,State:1,Class:15
16.02.2016 21:24:22 ==>    Testing: XML Bomb
16.02.2016 21:24:22 ==>    Parameter Count: 2
16.02.2016 21:24:22 ==>    x - int:0
16.02.2016 21:24:22 ==>    StatusCode: 200
16.02.2016 21:24:22 ==>    Result: System.Data.SqlClient.SqlException (0x80131904): Incorrect syntax near '<'.
The identifier that starts with '
          <!ENTITY lol "lol">
          <!ENTITY lol2 "&lol;&lol;&lol;&lol;&lol;&lol;&lol;&lol;&lol;&lol;">
          <!ENTITY ' is too long. Maximum length is 128.
   at WebService2Test.Helpers.DBHelper.getDataReader(String query) in d:\Projects\DotNet\CSharp\WSSAT\WebService2Test\Helpers\DBHelper.cs:line 54
   at WebService2Test.Sqli.SQLInjectMe1(String id, Int32 x) in d:\Projects\DotNet\CSharp\WSSAT\WebService2Test\Sqli.asmx.cs:line 31
ClientConnectionId:d252cf6c-8705-4093-b741-0d32e0eceef7
Error Number:102,State:1,Class:15
16.02.2016 21:24:22 ==>    x - int:0
16.02.2016 21:24:22 ==>    StatusCode: 200
16.02.2016 21:24:22 ==>    Result: System.Data.SqlClient.SqlException (0x80131904): Incorrect syntax near '<'.
The identifier that starts with '
          <!ENTITY lol "lol">
          <!ENTITY lol2 "&lol;&lol;&lol;&lol;&lol;&lol;&lol;&lol;&lol;&lol;">
          <!ENTITY ' is too long. Maximum length is 128.
   at WebService2Test.Helpers.DBHelper.getDataReader(String query) in d:\Projects\DotNet\CSharp\WSSAT\WebService2Test\Helpers\DBHelper.cs:line 54
   at WebService2Test.Sqli.SQLInjectMe1(String id, Int32 x) in d:\Projects\DotNet\CSharp\WSSAT\WebService2Test\Sqli.asmx.cs:line 31
ClientConnectionId:d252cf6c-8705-4093-b741-0d32e0eceef7
Error Number:102,State:1,Class:15
16.02.2016 21:24:22 ==>    id - string:A
16.02.2016 21:24:22 ==>    StatusCode: 200
16.02.2016 21:24:22 ==>    Result: System.Data.SqlClient.SqlException (0x80131904): Incorrect syntax near '<'.
The identifier that starts with '
          <!ENTITY lol "lol">
          <!ENTITY lol2 "&lol;&lol;&lol;&lol;&lol;&lol;&lol;&lol;&lol;&lol;">
          <!ENTITY ' is too long. Maximum length is 128.
   at WebService2Test.Helpers.DBHelper.getDataReader(String query) in d:\Projects\DotNet\CSharp\WSSAT\WebService2Test\Helpers\DBHelper.cs:line 54
   at WebService2Test.Sqli.SQLInjectMe1(String id, Int32 x) in d:\Projects\DotNet\CSharp\WSSAT\WebService2Test\Sqli.asmx.cs:line 31
ClientConnectionId:d252cf6c-8705-4093-b741-0d32e0eceef7
Error Number:102,State:1,Class:15
16.02.2016 21:24:22 ==>    id - string:A
16.02.2016 21:24:22 ==>    StatusCode: 200
16.02.2016 21:24:22 ==>    Result: System.Data.SqlClient.SqlException (0x80131904): Incorrect syntax near '<'.
The identifier that starts with '
          <!ENTITY lol "lol">
          <!ENTITY lol2 "&lol;&lol;&lol;&lol;&lol;&lol;&lol;&lol;&lol;&lol;">
          <!ENTITY ' is too long. Maximum length is 128.
   at WebService2Test.Helpers.DBHelper.getDataReader(String query) in d:\Projects\DotNet\CSharp\WSSAT\WebService2Test\Helpers\DBHelper.cs:line 54
   at WebService2Test.Sqli.SQLInjectMe1(String id, Int32 x) in d:\Projects\DotNet\CSharp\WSSAT\WebService2Test\Sqli.asmx.cs:line 31
ClientConnectionId:d252cf6c-8705-4093-b741-0d32e0eceef7
Error Number:102,State:1,Class:15
16.02.2016 21:24:22 ==>    Testing: External Entity Attack - XXE
16.02.2016 21:24:22 ==>    Parameter Count: 2
16.02.2016 21:24:22 ==>    x - int:0
16.02.2016 21:24:22 ==>    StatusCode: 200
16.02.2016 21:24:22 ==>    Result: System.Data.SqlClient.SqlException (0x80131904): Incorrect syntax near '<'.
   at WebService2Test.Helpers.DBHelper.getDataReader(String query) in d:\Projects\DotNet\CSharp\WSSAT\WebService2Test\Helpers\DBHelper.cs:line 54
   at WebService2Test.Sqli.SQLInjectMe1(String id, Int32 x) in d:\Projects\DotNet\CSharp\WSSAT\WebService2Test\Sqli.asmx.cs:line 31
ClientConnectionId:d252cf6c-8705-4093-b741-0d32e0eceef7
Error Number:102,State:1,Class:15
16.02.2016 21:24:22 ==>    x - int:0
16.02.2016 21:24:22 ==>    StatusCode: 200
16.02.2016 21:24:22 ==>    Result: System.Data.SqlClient.SqlException (0x80131904): Incorrect syntax near '<'.
   at WebService2Test.Helpers.DBHelper.getDataReader(String query) in d:\Projects\DotNet\CSharp\WSSAT\WebService2Test\Helpers\DBHelper.cs:line 54
   at WebService2Test.Sqli.SQLInjectMe1(String id, Int32 x) in d:\Projects\DotNet\CSharp\WSSAT\WebService2Test\Sqli.asmx.cs:line 31
ClientConnectionId:d252cf6c-8705-4093-b741-0d32e0eceef7
Error Number:102,State:1,Class:15
16.02.2016 21:24:22 ==>    x - int:0
16.02.2016 21:24:22 ==>    StatusCode: 200
16.02.2016 21:24:22 ==>    Result: System.Data.SqlClient.SqlException (0x80131904): Incorrect syntax near '<'.
   at WebService2Test.Helpers.DBHelper.getDataReader(String query) in d:\Projects\DotNet\CSharp\WSSAT\WebService2Test\Helpers\DBHelper.cs:line 54
   at WebService2Test.Sqli.SQLInjectMe1(String id, Int32 x) in d:\Projects\DotNet\CSharp\WSSAT\WebService2Test\Sqli.asmx.cs:line 31
ClientConnectionId:d252cf6c-8705-4093-b741-0d32e0eceef7
Error Number:102,State:1,Class:15
16.02.2016 21:24:22 ==>    x - int:0
16.02.2016 21:24:22 ==>    StatusCode: 200
16.02.2016 21:24:22 ==>    Result: System.Data.SqlClient.SqlException (0x80131904): Incorrect syntax near '<'.
   at WebService2Test.Helpers.DBHelper.getDataReader(String query) in d:\Projects\DotNet\CSharp\WSSAT\WebService2Test\Helpers\DBHelper.cs:line 54
   at WebService2Test.Sqli.SQLInjectMe1(String id, Int32 x) in d:\Projects\DotNet\CSharp\WSSAT\WebService2Test\Sqli.asmx.cs:line 31
ClientConnectionId:d252cf6c-8705-4093-b741-0d32e0eceef7
Error Number:102,State:1,Class:15
16.02.2016 21:24:22 ==>    x - int:0
16.02.2016 21:24:22 ==>    StatusCode: 200
16.02.2016 21:24:23 ==>    Result: System.Data.SqlClient.SqlException (0x80131904): Incorrect syntax near '<'.
   at WebService2Test.Helpers.DBHelper.getDataReader(String query) in d:\Projects\DotNet\CSharp\WSSAT\WebService2Test\Helpers\DBHelper.cs:line 54
   at WebService2Test.Sqli.SQLInjectMe1(String id, Int32 x) in d:\Projects\DotNet\CSharp\WSSAT\WebService2Test\Sqli.asmx.cs:line 31
ClientConnectionId:d252cf6c-8705-4093-b741-0d32e0eceef7
Error Number:102,State:1,Class:15
16.02.2016 21:24:23 ==>    id - string:A
16.02.2016 21:24:23 ==>    StatusCode: 200
16.02.2016 21:24:23 ==>    Result: System.Data.SqlClient.SqlException (0x80131904): Incorrect syntax near '<'.
   at WebService2Test.Helpers.DBHelper.getDataReader(String query) in d:\Projects\DotNet\CSharp\WSSAT\WebService2Test\Helpers\DBHelper.cs:line 54
   at WebService2Test.Sqli.SQLInjectMe1(String id, Int32 x) in d:\Projects\DotNet\CSharp\WSSAT\WebService2Test\Sqli.asmx.cs:line 31
ClientConnectionId:d252cf6c-8705-4093-b741-0d32e0eceef7
Error Number:102,State:1,Class:15
16.02.2016 21:24:23 ==>    id - string:A
16.02.2016 21:24:23 ==>    StatusCode: 200
16.02.2016 21:24:23 ==>    Result: System.Data.SqlClient.SqlException (0x80131904): Incorrect syntax near '<'.
   at WebService2Test.Helpers.DBHelper.getDataReader(String query) in d:\Projects\DotNet\CSharp\WSSAT\WebService2Test\Helpers\DBHelper.cs:line 54
   at WebService2Test.Sqli.SQLInjectMe1(String id, Int32 x) in d:\Projects\DotNet\CSharp\WSSAT\WebService2Test\Sqli.asmx.cs:line 31
ClientConnectionId:d252cf6c-8705-4093-b741-0d32e0eceef7
Error Number:102,State:1,Class:15
16.02.2016 21:24:23 ==>    id - string:A
16.02.2016 21:24:23 ==>    StatusCode: 200
16.02.2016 21:24:23 ==>    Result: System.Data.SqlClient.SqlException (0x80131904): Incorrect syntax near '<'.
   at WebService2Test.Helpers.DBHelper.getDataReader(String query) in d:\Projects\DotNet\CSharp\WSSAT\WebService2Test\Helpers\DBHelper.cs:line 54
   at WebService2Test.Sqli.SQLInjectMe1(String id, Int32 x) in d:\Projects\DotNet\CSharp\WSSAT\WebService2Test\Sqli.asmx.cs:line 31
ClientConnectionId:d252cf6c-8705-4093-b741-0d32e0eceef7
Error Number:102,State:1,Class:15
16.02.2016 21:24:23 ==>    id - string:A
16.02.2016 21:24:23 ==>    StatusCode: 200
16.02.2016 21:24:23 ==>    Result: System.Data.SqlClient.SqlException (0x80131904): Incorrect syntax near '<'.
   at WebService2Test.Helpers.DBHelper.getDataReader(String query) in d:\Projects\DotNet\CSharp\WSSAT\WebService2Test\Helpers\DBHelper.cs:line 54
   at WebService2Test.Sqli.SQLInjectMe1(String id, Int32 x) in d:\Projects\DotNet\CSharp\WSSAT\WebService2Test\Sqli.asmx.cs:line 31
ClientConnectionId:d252cf6c-8705-4093-b741-0d32e0eceef7
Error Number:102,State:1,Class:15
16.02.2016 21:24:23 ==>    id - string:A
16.02.2016 21:24:23 ==>    StatusCode: 200
16.02.2016 21:24:23 ==>    Result: System.Data.SqlClient.SqlException (0x80131904): Incorrect syntax near '<'.
   at WebService2Test.Helpers.DBHelper.getDataReader(String query) in d:\Projects\DotNet\CSharp\WSSAT\WebService2Test\Helpers\DBHelper.cs:line 54
   at WebService2Test.Sqli.SQLInjectMe1(String id, Int32 x) in d:\Projects\DotNet\CSharp\WSSAT\WebService2Test\Sqli.asmx.cs:line 31
ClientConnectionId:d252cf6c-8705-4093-b741-0d32e0eceef7
Error Number:102,State:1,Class:15
16.02.2016 21:24:23 ==>    Testing: XPATH Injection
16.02.2016 21:24:23 ==>    Parameter Count: 2
16.02.2016 21:24:23 ==>    x - int:0
16.02.2016 21:24:23 ==>    StatusCode: 200
16.02.2016 21:24:23 ==>    Result: System.Data.SqlClient.SqlException (0x80131904): Unclosed quotation mark after the character string ' or 1=1'.
   at WebService2Test.Helpers.DBHelper.getDataReader(String query) in d:\Projects\DotNet\CSharp\WSSAT\WebService2Test\Helpers\DBHelper.cs:line 54
   at WebService2Test.Sqli.SQLInjectMe1(String id, Int32 x) in d:\Projects\DotNet\CSharp\WSSAT\WebService2Test\Sqli.asmx.cs:line 31
ClientConnectionId:d252cf6c-8705-4093-b741-0d32e0eceef7
Error Number:105,State:1,Class:15
16.02.2016 21:24:23 ==>    x - int:0
16.02.2016 21:24:23 ==>    StatusCode: 200
16.02.2016 21:24:23 ==>    Result: System.Data.SqlClient.SqlException (0x80131904): Unclosed quotation mark after the character string ' or 1=1'.
   at WebService2Test.Helpers.DBHelper.getDataReader(String query) in d:\Projects\DotNet\CSharp\WSSAT\WebService2Test\Helpers\DBHelper.cs:line 54
   at WebService2Test.Sqli.SQLInjectMe1(String id, Int32 x) in d:\Projects\DotNet\CSharp\WSSAT\WebService2Test\Sqli.asmx.cs:line 31
ClientConnectionId:d252cf6c-8705-4093-b741-0d32e0eceef7
Error Number:105,State:1,Class:15
16.02.2016 21:24:23 ==>    x - int:0
16.02.2016 21:24:23 ==>    StatusCode: 200
16.02.2016 21:24:23 ==>    Result: System.Data.SqlClient.SqlException (0x80131904): Unclosed quotation mark after the character string ' or 1=1'.
   at WebService2Test.Helpers.DBHelper.getDataReader(String query) in d:\Projects\DotNet\CSharp\WSSAT\WebService2Test\Helpers\DBHelper.cs:line 54
   at WebService2Test.Sqli.SQLInjectMe1(String id, Int32 x) in d:\Projects\DotNet\CSharp\WSSAT\WebService2Test\Sqli.asmx.cs:line 31
ClientConnectionId:d252cf6c-8705-4093-b741-0d32e0eceef7
Error Number:105,State:1,Class:15
16.02.2016 21:24:23 ==>    x - int:0
16.02.2016 21:24:23 ==>    StatusCode: 200
16.02.2016 21:24:23 ==>    Result: System.Data.SqlClient.SqlException (0x80131904): Unclosed quotation mark after the character string ' or 1=1'.
   at WebService2Test.Helpers.DBHelper.getDataReader(String query) in d:\Projects\DotNet\CSharp\WSSAT\WebService2Test\Helpers\DBHelper.cs:line 54
   at WebService2Test.Sqli.SQLInjectMe1(String id, Int32 x) in d:\Projects\DotNet\CSharp\WSSAT\WebService2Test\Sqli.asmx.cs:line 31
ClientConnectionId:d252cf6c-8705-4093-b741-0d32e0eceef7
Error Number:105,State:1,Class:15
16.02.2016 21:24:23 ==>    id - string:A
16.02.2016 21:24:23 ==>    StatusCode: 200
16.02.2016 21:24:23 ==>    Result: System.Data.SqlClient.SqlException (0x80131904): Unclosed quotation mark after the character string ' or 1=1'.
   at WebService2Test.Helpers.DBHelper.getDataReader(String query) in d:\Projects\DotNet\CSharp\WSSAT\WebService2Test\Helpers\DBHelper.cs:line 54
   at WebService2Test.Sqli.SQLInjectMe1(String id, Int32 x) in d:\Projects\DotNet\CSharp\WSSAT\WebService2Test\Sqli.asmx.cs:line 31
ClientConnectionId:d252cf6c-8705-4093-b741-0d32e0eceef7
Error Number:105,State:1,Class:15
16.02.2016 21:24:23 ==>    id - string:A
16.02.2016 21:24:23 ==>    StatusCode: 200
16.02.2016 21:24:23 ==>    Result: System.Data.SqlClient.SqlException (0x80131904): Unclosed quotation mark after the character string ' or 1=1'.
   at WebService2Test.Helpers.DBHelper.getDataReader(String query) in d:\Projects\DotNet\CSharp\WSSAT\WebService2Test\Helpers\DBHelper.cs:line 54
   at WebService2Test.Sqli.SQLInjectMe1(String id, Int32 x) in d:\Projects\DotNet\CSharp\WSSAT\WebService2Test\Sqli.asmx.cs:line 31
ClientConnectionId:d252cf6c-8705-4093-b741-0d32e0eceef7
Error Number:105,State:1,Class:15
16.02.2016 21:24:23 ==>    id - string:A
16.02.2016 21:24:23 ==>    StatusCode: 200
16.02.2016 21:24:23 ==>    Result: System.Data.SqlClient.SqlException (0x80131904): Unclosed quotation mark after the character string ' or 1=1'.
   at WebService2Test.Helpers.DBHelper.getDataReader(String query) in d:\Projects\DotNet\CSharp\WSSAT\WebService2Test\Helpers\DBHelper.cs:line 54
   at WebService2Test.Sqli.SQLInjectMe1(String id, Int32 x) in d:\Projects\DotNet\CSharp\WSSAT\WebService2Test\Sqli.asmx.cs:line 31
ClientConnectionId:d252cf6c-8705-4093-b741-0d32e0eceef7
Error Number:105,State:1,Class:15
16.02.2016 21:24:23 ==>    id - string:A
16.02.2016 21:24:23 ==>    StatusCode: 200
16.02.2016 21:24:23 ==>    Result: System.Data.SqlClient.SqlException (0x80131904): Unclosed quotation mark after the character string ' or 1=1'.
   at WebService2Test.Helpers.DBHelper.getDataReader(String query) in d:\Projects\DotNet\CSharp\WSSAT\WebService2Test\Helpers\DBHelper.cs:line 54
   at WebService2Test.Sqli.SQLInjectMe1(String id, Int32 x) in d:\Projects\DotNet\CSharp\WSSAT\WebService2Test\Sqli.asmx.cs:line 31
ClientConnectionId:d252cf6c-8705-4093-b741-0d32e0eceef7
Error Number:105,State:1,Class:15
16.02.2016 21:24:23 ==>    Testing: Could not establish trust relationship for the SSL/TLS secure channel.
16.02.2016 21:24:23 ==>    Parameter Count: 2
16.02.2016 21:24:27 ==> Scan Finished: 16.02.2016 21:24:27
